<?xml version="1.0" encoding="UTF-8"?>
<coverage generated="1586611646153" clover="3.2.0">
  <project timestamp="1586611646154" name="All files">
    <metrics statements="1035" coveredstatements="880" conditionals="624" coveredconditionals="399" methods="126" coveredmethods="122" elements="1785" coveredelements="1401" complexity="0" loc="1035" ncloc="1035" packages="1" files="11" classes="11"/>
    <file name="album-mock.js" path="F:\softwareEng\Marioplex-Backend\mock-classes\album-mock.js">
      <metrics statements="98" coveredstatements="84" conditionals="53" coveredconditionals="31" methods="17" coveredmethods="16"/>
      <line num="1" count="2" type="stmt"/>
      <line num="8" count="8" type="stmt"/>
      <line num="11" count="2" type="stmt"/>
      <line num="14" count="1" type="stmt"/>
      <line num="17" count="1" type="stmt"/>
      <line num="25" count="1" type="stmt"/>
      <line num="26" count="1" type="stmt"/>
      <line num="27" count="1" type="stmt"/>
      <line num="28" count="1" type="cond" truecount="1" falsecount="1"/>
      <line num="29" count="0" type="stmt"/>
      <line num="30" count="0" type="cond" truecount="0" falsecount="2"/>
      <line num="31" count="0" type="stmt"/>
      <line num="33" count="0" type="stmt"/>
      <line num="37" count="1" type="cond" truecount="1" falsecount="1"/>
      <line num="38" count="1" type="stmt"/>
      <line num="39" count="1" type="stmt"/>
      <line num="40" count="1" type="stmt"/>
      <line num="41" count="1" type="stmt"/>
      <line num="42" count="1" type="stmt"/>
      <line num="43" count="1" type="cond" truecount="1" falsecount="1"/>
      <line num="44" count="1" type="stmt"/>
      <line num="45" count="1" type="stmt"/>
      <line num="47" count="1" type="cond" truecount="1" falsecount="1"/>
      <line num="48" count="1" type="stmt"/>
      <line num="50" count="0" type="stmt"/>
      <line num="52" count="1" type="stmt"/>
      <line num="54" count="0" type="stmt"/>
      <line num="62" count="1" type="stmt"/>
      <line num="63" count="1" type="cond" truecount="1" falsecount="1"/>
      <line num="65" count="0" type="stmt"/>
      <line num="73" count="1" type="stmt"/>
      <line num="74" count="1" type="cond" truecount="1" falsecount="1"/>
      <line num="75" count="1" type="stmt"/>
      <line num="76" count="1" type="stmt"/>
      <line num="77" count="1" type="cond" truecount="1" falsecount="1"/>
      <line num="78" count="1" type="stmt"/>
      <line num="81" count="1" type="cond" truecount="1" falsecount="1"/>
      <line num="82" count="1" type="stmt"/>
      <line num="83" count="1" type="stmt"/>
      <line num="84" count="1" type="stmt"/>
      <line num="85" count="1" type="cond" truecount="1" falsecount="1"/>
      <line num="86" count="1" type="stmt"/>
      <line num="89" count="1" type="stmt"/>
      <line num="91" count="0" type="stmt"/>
      <line num="99" count="1" type="stmt"/>
      <line num="100" count="1" type="stmt"/>
      <line num="101" count="1" type="cond" truecount="1" falsecount="1"/>
      <line num="102" count="0" type="stmt"/>
      <line num="105" count="1" type="stmt"/>
      <line num="106" count="1" type="stmt"/>
      <line num="107" count="1" type="cond" truecount="1" falsecount="1"/>
      <line num="108" count="1" type="stmt"/>
      <line num="109" count="1" type="stmt"/>
      <line num="110" count="1" type="stmt"/>
      <line num="111" count="1" type="stmt"/>
      <line num="112" count="1" type="stmt"/>
      <line num="116" count="1" type="cond" truecount="1" falsecount="1"/>
      <line num="117" count="0" type="stmt"/>
      <line num="119" count="1" type="stmt"/>
      <line num="125" count="1" type="stmt"/>
      <line num="126" count="1" type="cond" truecount="1" falsecount="1"/>
      <line num="127" count="1" type="stmt"/>
      <line num="130" count="1" type="stmt"/>
      <line num="133" count="0" type="stmt"/>
      <line num="137" count="6" type="stmt"/>
      <line num="138" count="6" type="cond" truecount="1" falsecount="1"/>
      <line num="139" count="7" type="stmt"/>
      <line num="141" count="0" type="stmt"/>
      <line num="149" count="3" type="cond" truecount="1" falsecount="1"/>
      <line num="150" count="3" type="stmt"/>
      <line num="151" count="3" type="stmt"/>
      <line num="152" count="2" type="stmt"/>
      <line num="153" count="2" type="cond" truecount="1" falsecount="1"/>
      <line num="154" count="2" type="stmt"/>
      <line num="157" count="3" type="cond" truecount="2" falsecount="0"/>
      <line num="158" count="2" type="stmt"/>
      <line num="159" count="2" type="stmt"/>
      <line num="160" count="2" type="cond" truecount="2" falsecount="0"/>
      <line num="161" count="1" type="cond" truecount="1" falsecount="1"/>
      <line num="162" count="1" type="stmt"/>
      <line num="168" count="0" type="stmt"/>
      <line num="169" count="0" type="stmt"/>
      <line num="174" count="1" type="stmt"/>
      <line num="176" count="2" type="cond" truecount="2" falsecount="0"/>
      <line num="177" count="1" type="stmt"/>
      <line num="179" count="1" type="stmt"/>
      <line num="185" count="3" type="stmt"/>
      <line num="186" count="3" type="cond" truecount="1" falsecount="1"/>
      <line num="187" count="3" type="stmt"/>
      <line num="188" count="2" type="cond" truecount="2" falsecount="0"/>
      <line num="189" count="1" type="stmt"/>
      <line num="190" count="1" type="stmt"/>
      <line num="191" count="2" type="cond" truecount="2" falsecount="0"/>
      <line num="192" count="1" type="stmt"/>
      <line num="197" count="1" type="cond" truecount="3" falsecount="2"/>
      <line num="198" count="1" type="stmt"/>
      <line num="202" count="2" type="stmt"/>
      <line num="209" count="2" type="stmt"/>
    </file>
    <file name="artist-mock.js" path="F:\softwareEng\Marioplex-Backend\mock-classes\artist-mock.js">
      <metrics statements="118" coveredstatements="116" conditionals="82" coveredconditionals="68" methods="15" coveredmethods="15"/>
      <line num="1" count="1" type="stmt"/>
      <line num="8" count="2" type="cond" truecount="2" falsecount="0"/>
      <line num="9" count="1" type="stmt"/>
      <line num="10" count="2" type="stmt"/>
      <line num="24" count="2" type="stmt"/>
      <line num="25" count="2" type="stmt"/>
      <line num="30" count="1" type="stmt"/>
      <line num="31" count="1" type="stmt"/>
      <line num="32" count="5" type="cond" truecount="2" falsecount="0"/>
      <line num="33" count="1" type="cond" truecount="1" falsecount="1"/>
      <line num="35" count="1" type="cond" truecount="1" falsecount="1"/>
      <line num="36" count="0" type="stmt"/>
      <line num="37" count="1" type="stmt"/>
      <line num="39" count="4" type="stmt"/>
      <line num="42" count="1" type="stmt"/>
      <line num="43" count="1" type="stmt"/>
      <line num="47" count="3" type="stmt"/>
      <line num="48" count="3" type="cond" truecount="2" falsecount="0"/>
      <line num="49" count="2" type="cond" truecount="1" falsecount="1"/>
      <line num="50" count="2" type="stmt"/>
      <line num="51" count="2" type="cond" truecount="2" falsecount="0"/>
      <line num="52" count="1" type="stmt"/>
      <line num="56" count="1" type="stmt"/>
      <line num="61" count="24" type="stmt"/>
      <line num="62" count="56" type="cond" truecount="2" falsecount="0"/>
      <line num="63" count="17" type="stmt"/>
      <line num="66" count="7" type="stmt"/>
      <line num="71" count="1" type="cond" truecount="1" falsecount="1"/>
      <line num="72" count="1" type="stmt"/>
      <line num="88" count="1" type="stmt"/>
      <line num="89" count="1" type="stmt"/>
      <line num="92" count="1" type="stmt"/>
      <line num="96" count="2" type="stmt"/>
      <line num="97" count="2" type="cond" truecount="2" falsecount="0"/>
      <line num="98" count="1" type="stmt"/>
      <line num="101" count="1" type="stmt"/>
      <line num="106" count="2" type="stmt"/>
      <line num="107" count="2" type="stmt"/>
      <line num="108" count="4" type="stmt"/>
      <line num="109" count="4" type="cond" truecount="2" falsecount="0"/>
      <line num="110" count="3" type="stmt"/>
      <line num="112" count="2" type="stmt"/>
      <line num="116" count="5" type="stmt"/>
      <line num="117" count="5" type="stmt"/>
      <line num="118" count="5" type="stmt"/>
      <line num="119" count="5" type="cond" truecount="1" falsecount="1"/>
      <line num="121" count="5" type="stmt"/>
      <line num="122" count="5" type="stmt"/>
      <line num="123" count="10" type="cond" truecount="2" falsecount="0"/>
      <line num="124" count="5" type="stmt"/>
      <line num="129" count="5" type="cond" truecount="4" falsecount="0"/>
      <line num="130" count="2" type="stmt"/>
      <line num="131" count="2" type="cond" truecount="3" falsecount="1"/>
      <line num="132" count="2" type="stmt"/>
      <line num="135" count="3" type="cond" truecount="4" falsecount="0"/>
      <line num="136" count="1" type="stmt"/>
      <line num="137" count="1" type="cond" truecount="1" falsecount="1"/>
      <line num="138" count="1" type="stmt"/>
      <line num="141" count="2" type="cond" truecount="4" falsecount="0"/>
      <line num="142" count="1" type="stmt"/>
      <line num="143" count="1" type="cond" truecount="1" falsecount="1"/>
      <line num="144" count="1" type="stmt"/>
      <line num="148" count="1" type="stmt"/>
      <line num="149" count="1" type="stmt"/>
      <line num="153" count="5" type="stmt"/>
      <line num="154" count="5" type="stmt"/>
      <line num="155" count="5" type="cond" truecount="2" falsecount="0"/>
      <line num="156" count="1" type="cond" truecount="3" falsecount="1"/>
      <line num="157" count="1" type="stmt"/>
      <line num="160" count="5" type="cond" truecount="2" falsecount="0"/>
      <line num="161" count="1" type="cond" truecount="3" falsecount="1"/>
      <line num="162" count="0" type="stmt"/>
      <line num="165" count="5" type="stmt"/>
      <line num="166" count="5" type="stmt"/>
      <line num="170" count="2" type="stmt"/>
      <line num="172" count="2" type="stmt"/>
      <line num="173" count="2" type="cond" truecount="1" falsecount="1"/>
      <line num="174" count="2" type="cond" truecount="2" falsecount="0"/>
      <line num="175" count="1" type="stmt"/>
      <line num="177" count="1" type="stmt"/>
      <line num="178" count="4" type="stmt"/>
      <line num="179" count="5" type="stmt"/>
      <line num="180" count="10" type="cond" truecount="2" falsecount="0"/>
      <line num="181" count="4" type="cond" truecount="2" falsecount="0"/>
      <line num="182" count="2" type="stmt"/>
      <line num="183" count="4" type="stmt"/>
      <line num="189" count="1" type="cond" truecount="1" falsecount="1"/>
      <line num="190" count="1" type="stmt"/>
      <line num="195" count="2" type="stmt"/>
      <line num="196" count="5" type="cond" truecount="2" falsecount="0"/>
      <line num="197" count="1" type="stmt"/>
      <line num="200" count="1" type="stmt"/>
      <line num="205" count="2" type="stmt"/>
      <line num="206" count="2" type="stmt"/>
      <line num="207" count="2" type="stmt"/>
      <line num="208" count="2" type="cond" truecount="2" falsecount="0"/>
      <line num="209" count="1" type="stmt"/>
      <line num="210" count="2" type="stmt"/>
      <line num="211" count="4" type="cond" truecount="2" falsecount="0"/>
      <line num="212" count="2" type="stmt"/>
      <line num="218" count="1" type="stmt"/>
      <line num="219" count="2" type="cond" truecount="1" falsecount="1"/>
      <line num="220" count="2" type="stmt"/>
      <line num="224" count="1" type="cond" truecount="1" falsecount="1"/>
      <line num="225" count="1" type="stmt"/>
      <line num="226" count="1" type="stmt"/>
      <line num="230" count="2" type="stmt"/>
      <line num="231" count="2" type="stmt"/>
      <line num="232" count="2" type="stmt"/>
      <line num="233" count="2" type="cond" truecount="2" falsecount="0"/>
      <line num="234" count="1" type="stmt"/>
      <line num="235" count="2" type="stmt"/>
      <line num="236" count="4" type="cond" truecount="2" falsecount="0"/>
      <line num="237" count="2" type="stmt"/>
      <line num="241" count="1" type="stmt"/>
      <line num="242" count="2" type="stmt"/>
      <line num="246" count="1" type="stmt"/>
      <line num="249" count="1" type="stmt"/>
    </file>
    <file name="authentication-mock.js" path="F:\softwareEng\Marioplex-Backend\mock-classes\authentication-mock.js">
      <metrics statements="12" coveredstatements="12" conditionals="14" coveredconditionals="13" methods="2" coveredmethods="2"/>
      <line num="1" count="1" type="stmt"/>
      <line num="15" count="1" type="stmt"/>
      <line num="18" count="3" type="stmt"/>
      <line num="19" count="3" type="cond" truecount="4" falsecount="0"/>
      <line num="21" count="2" type="stmt"/>
      <line num="24" count="4" type="cond" truecount="8" falsecount="0"/>
      <line num="25" count="2" type="stmt"/>
      <line num="26" count="1" type="cond" truecount="1" falsecount="1"/>
      <line num="28" count="1" type="stmt"/>
      <line num="41" count="1" type="stmt"/>
      <line num="42" count="1" type="stmt"/>
      <line num="45" count="1" type="stmt"/>
    </file>
    <file name="browse-mock.js" path="F:\softwareEng\Marioplex-Backend\mock-classes\browse-mock.js">
      <metrics statements="8" coveredstatements="7" conditionals="4" coveredconditionals="2" methods="2" coveredmethods="2"/>
      <line num="1" count="1" type="stmt"/>
      <line num="4" count="1" type="stmt"/>
      <line num="5" count="1" type="cond" truecount="1" falsecount="1"/>
      <line num="6" count="1" type="stmt"/>
      <line num="9" count="0" type="stmt"/>
      <line num="14" count="1" type="cond" truecount="1" falsecount="1"/>
      <line num="15" count="1" type="stmt"/>
      <line num="18" count="1" type="stmt"/>
    </file>
    <file name="forgpass-mock.js" path="F:\softwareEng\Marioplex-Backend\mock-classes\forgpass-mock.js">
      <metrics statements="7" coveredstatements="7" conditionals="2" coveredconditionals="2" methods="4" coveredmethods="4"/>
      <line num="1" count="1" type="stmt"/>
      <line num="5" count="3" type="stmt"/>
      <line num="9" count="3" type="stmt"/>
      <line num="10" count="2" type="cond" truecount="2" falsecount="0"/>
      <line num="11" count="1" type="stmt"/>
      <line num="12" count="1" type="stmt"/>
      <line num="16" count="1" type="stmt"/>
    </file>
    <file name="library-mock.js" path="F:\softwareEng\Marioplex-Backend\mock-classes\library-mock.js">
      <metrics statements="52" coveredstatements="47" conditionals="44" coveredconditionals="24" methods="4" coveredmethods="4"/>
      <line num="1" count="1" type="stmt"/>
      <line num="3" count="1" type="stmt"/>
      <line num="4" count="1" type="stmt"/>
      <line num="5" count="1" type="stmt"/>
      <line num="6" count="4" type="stmt"/>
      <line num="7" count="4" type="stmt"/>
      <line num="8" count="28" type="cond" truecount="2" falsecount="0"/>
      <line num="9" count="2" type="stmt"/>
      <line num="10" count="2" type="stmt"/>
      <line num="13" count="4" type="cond" truecount="2" falsecount="0"/>
      <line num="14" count="2" type="stmt"/>
      <line num="17" count="1" type="stmt"/>
      <line num="21" count="1" type="stmt"/>
      <line num="22" count="1" type="stmt"/>
      <line num="23" count="1" type="stmt"/>
      <line num="24" count="5" type="stmt"/>
      <line num="25" count="5" type="stmt"/>
      <line num="26" count="40" type="cond" truecount="2" falsecount="0"/>
      <line num="27" count="3" type="stmt"/>
      <line num="28" count="3" type="stmt"/>
      <line num="31" count="5" type="cond" truecount="2" falsecount="0"/>
      <line num="32" count="2" type="stmt"/>
      <line num="35" count="1" type="stmt"/>
      <line num="39" count="1" type="stmt"/>
      <line num="40" count="1" type="cond" truecount="1" falsecount="1"/>
      <line num="41" count="1" type="cond" truecount="1" falsecount="1"/>
      <line num="42" count="1" type="stmt"/>
      <line num="43" count="7" type="stmt"/>
      <line num="46" count="1" type="stmt"/>
      <line num="47" count="1" type="cond" truecount="1" falsecount="1"/>
      <line num="48" count="1" type="cond" truecount="1" falsecount="1"/>
      <line num="49" count="0" type="cond" truecount="0" falsecount="4"/>
      <line num="50" count="0" type="stmt"/>
      <line num="53" count="1" type="cond" truecount="1" falsecount="1"/>
      <line num="54" count="1" type="cond" truecount="3" falsecount="1"/>
      <line num="55" count="0" type="stmt"/>
      <line num="59" count="1" type="stmt"/>
      <line num="63" count="1" type="stmt"/>
      <line num="64" count="1" type="cond" truecount="1" falsecount="1"/>
      <line num="65" count="1" type="cond" truecount="1" falsecount="1"/>
      <line num="66" count="1" type="stmt"/>
      <line num="68" count="8" type="stmt"/>
      <line num="70" count="1" type="stmt"/>
      <line num="71" count="1" type="cond" truecount="1" falsecount="1"/>
      <line num="72" count="1" type="cond" truecount="1" falsecount="1"/>
      <line num="73" count="0" type="cond" truecount="0" falsecount="4"/>
      <line num="74" count="0" type="stmt"/>
      <line num="77" count="1" type="cond" truecount="1" falsecount="1"/>
      <line num="78" count="1" type="cond" truecount="3" falsecount="1"/>
      <line num="79" count="1" type="stmt"/>
      <line num="83" count="1" type="stmt"/>
      <line num="87" count="1" type="stmt"/>
    </file>
    <file name="player-mock.js" path="F:\softwareEng\Marioplex-Backend\mock-classes\player-mock.js">
      <metrics statements="227" coveredstatements="131" conditionals="144" coveredconditionals="68" methods="17" coveredmethods="16"/>
      <line num="1" count="1" type="stmt"/>
      <line num="3" count="1" type="cond" truecount="1" falsecount="1"/>
      <line num="4" count="1" type="stmt"/>
      <line num="5" count="2" type="cond" truecount="2" falsecount="0"/>
      <line num="6" count="1" type="stmt"/>
      <line num="14" count="0" type="stmt"/>
      <line num="15" count="0" type="cond" truecount="0" falsecount="2"/>
      <line num="17" count="0" type="stmt"/>
      <line num="25" count="0" type="stmt"/>
      <line num="31" count="1" type="cond" truecount="1" falsecount="1"/>
      <line num="32" count="1" type="cond" truecount="1" falsecount="1"/>
      <line num="33" count="1" type="cond" truecount="1" falsecount="1"/>
      <line num="34" count="1" type="stmt"/>
      <line num="35" count="1" type="cond" truecount="1" falsecount="1"/>
      <line num="36" count="0" type="stmt"/>
      <line num="38" count="0" type="cond" truecount="0" falsecount="2"/>
      <line num="39" count="0" type="stmt"/>
      <line num="40" count="0" type="stmt"/>
      <line num="41" count="0" type="stmt"/>
      <line num="42" count="0" type="stmt"/>
      <line num="44" count="0" type="cond" truecount="0" falsecount="2"/>
      <line num="45" count="0" type="stmt"/>
      <line num="48" count="0" type="stmt"/>
      <line num="53" count="1" type="cond" truecount="1" falsecount="1"/>
      <line num="54" count="1" type="stmt"/>
      <line num="55" count="1" type="stmt"/>
      <line num="56" count="1" type="cond" truecount="1" falsecount="1"/>
      <line num="57" count="0" type="stmt"/>
      <line num="59" count="1" type="stmt"/>
      <line num="61" count="1" type="stmt"/>
      <line num="62" count="1" type="stmt"/>
      <line num="65" count="0" type="stmt"/>
      <line num="66" count="0" type="stmt"/>
      <line num="67" count="0" type="stmt"/>
      <line num="68" count="0" type="stmt"/>
      <line num="70" count="0" type="stmt"/>
      <line num="72" count="0" type="stmt"/>
      <line num="76" count="1" type="stmt"/>
      <line num="81" count="1" type="cond" truecount="1" falsecount="1"/>
      <line num="82" count="1" type="cond" truecount="1" falsecount="1"/>
      <line num="83" count="1" type="cond" truecount="1" falsecount="1"/>
      <line num="84" count="1" type="stmt"/>
      <line num="85" count="1" type="stmt"/>
      <line num="86" count="1" type="cond" truecount="1" falsecount="1"/>
      <line num="89" count="0" type="stmt"/>
      <line num="91" count="0" type="cond" truecount="0" falsecount="2"/>
      <line num="92" count="0" type="stmt"/>
      <line num="95" count="0" type="cond" truecount="0" falsecount="2"/>
      <line num="97" count="0" type="stmt"/>
      <line num="98" count="0" type="stmt"/>
      <line num="102" count="0" type="cond" truecount="0" falsecount="2"/>
      <line num="103" count="0" type="stmt"/>
      <line num="104" count="0" type="stmt"/>
      <line num="108" count="0" type="stmt"/>
      <line num="110" count="0" type="stmt"/>
      <line num="113" count="0" type="stmt"/>
      <line num="115" count="0" type="stmt"/>
      <line num="117" count="0" type="cond" truecount="0" falsecount="2"/>
      <line num="118" count="0" type="stmt"/>
      <line num="120" count="0" type="stmt"/>
      <line num="123" count="0" type="cond" truecount="0" falsecount="2"/>
      <line num="124" count="0" type="stmt"/>
      <line num="125" count="0" type="stmt"/>
      <line num="128" count="0" type="stmt"/>
      <line num="129" count="0" type="stmt"/>
      <line num="133" count="0" type="stmt"/>
      <line num="136" count="1" type="stmt"/>
      <line num="137" count="1" type="cond" truecount="1" falsecount="1"/>
      <line num="138" count="0" type="stmt"/>
      <line num="141" count="1" type="stmt"/>
      <line num="144" count="1" type="stmt"/>
      <line num="152" count="1" type="stmt"/>
      <line num="153" count="1" type="cond" truecount="1" falsecount="1"/>
      <line num="154" count="1" type="cond" truecount="1" falsecount="1"/>
      <line num="155" count="1" type="stmt"/>
      <line num="156" count="1" type="stmt"/>
      <line num="157" count="1" type="stmt"/>
      <line num="158" count="1" type="stmt"/>
      <line num="159" count="1" type="stmt"/>
      <line num="160" count="1" type="stmt"/>
      <line num="164" count="2" type="cond" truecount="1" falsecount="1"/>
      <line num="165" count="2" type="cond" truecount="1" falsecount="1"/>
      <line num="166" count="2" type="stmt"/>
      <line num="171" count="2" type="stmt"/>
      <line num="173" count="0" type="stmt"/>
      <line num="174" count="0" type="stmt"/>
      <line num="178" count="0" type="stmt"/>
      <line num="184" count="1" type="stmt"/>
      <line num="185" count="1" type="stmt"/>
      <line num="189" count="2" type="cond" truecount="2" falsecount="0"/>
      <line num="190" count="2" type="stmt"/>
      <line num="191" count="2" type="cond" truecount="1" falsecount="1"/>
      <line num="192" count="2" type="stmt"/>
      <line num="193" count="2" type="stmt"/>
      <line num="198" count="1" type="cond" truecount="1" falsecount="1"/>
      <line num="199" count="1" type="stmt"/>
      <line num="200" count="1" type="stmt"/>
      <line num="201" count="1" type="cond" truecount="1" falsecount="1"/>
      <line num="202" count="1" type="stmt"/>
      <line num="203" count="1" type="stmt"/>
      <line num="204" count="1" type="cond" truecount="1" falsecount="1"/>
      <line num="205" count="1" type="stmt"/>
      <line num="206" count="1" type="stmt"/>
      <line num="207" count="1" type="stmt"/>
      <line num="208" count="1" type="stmt"/>
      <line num="209" count="1" type="cond" truecount="3" falsecount="1"/>
      <line num="211" count="1" type="cond" truecount="1" falsecount="1"/>
      <line num="213" count="0" type="stmt"/>
      <line num="215" count="1" type="stmt"/>
      <line num="216" count="1" type="stmt"/>
      <line num="217" count="5" type="cond" truecount="2" falsecount="0"/>
      <line num="218" count="1" type="stmt"/>
      <line num="220" count="5" type="stmt"/>
      <line num="224" count="5" type="stmt"/>
      <line num="226" count="1" type="stmt"/>
      <line num="227" count="1" type="stmt"/>
      <line num="229" count="0" type="stmt"/>
      <line num="230" count="0" type="cond" truecount="0" falsecount="2"/>
      <line num="231" count="0" type="stmt"/>
      <line num="232" count="0" type="stmt"/>
      <line num="233" count="0" type="stmt"/>
      <line num="234" count="0" type="stmt"/>
      <line num="235" count="0" type="cond" truecount="0" falsecount="2"/>
      <line num="237" count="0" type="stmt"/>
      <line num="239" count="0" type="stmt"/>
      <line num="240" count="0" type="stmt"/>
      <line num="241" count="0" type="stmt"/>
      <line num="245" count="0" type="stmt"/>
      <line num="249" count="0" type="stmt"/>
      <line num="255" count="0" type="stmt"/>
      <line num="256" count="0" type="stmt"/>
      <line num="262" count="2" type="stmt"/>
      <line num="263" count="2" type="cond" truecount="1" falsecount="1"/>
      <line num="264" count="2" type="stmt"/>
      <line num="265" count="2" type="cond" truecount="3" falsecount="1"/>
      <line num="266" count="2" type="cond" truecount="1" falsecount="1"/>
      <line num="267" count="0" type="stmt"/>
      <line num="269" count="2" type="stmt"/>
      <line num="270" count="2" type="stmt"/>
      <line num="271" count="10" type="stmt"/>
      <line num="272" count="10" type="stmt"/>
      <line num="275" count="2" type="stmt"/>
      <line num="277" count="0" type="stmt"/>
      <line num="278" count="0" type="cond" truecount="0" falsecount="2"/>
      <line num="279" count="0" type="cond" truecount="0" falsecount="2"/>
      <line num="280" count="0" type="stmt"/>
      <line num="282" count="0" type="stmt"/>
      <line num="283" count="0" type="stmt"/>
      <line num="284" count="0" type="stmt"/>
      <line num="285" count="0" type="stmt"/>
      <line num="288" count="0" type="stmt"/>
      <line num="293" count="1" type="cond" truecount="1" falsecount="1"/>
      <line num="294" count="1" type="cond" truecount="1" falsecount="1"/>
      <line num="295" count="0" type="stmt"/>
      <line num="296" count="0" type="stmt"/>
      <line num="298" count="1" type="stmt"/>
      <line num="299" count="1" type="stmt"/>
      <line num="300" count="1" type="stmt"/>
      <line num="303" count="0" type="stmt"/>
      <line num="306" count="2" type="cond" truecount="1" falsecount="1"/>
      <line num="307" count="2" type="cond" truecount="1" falsecount="1"/>
      <line num="308" count="2" type="cond" truecount="1" falsecount="1"/>
      <line num="309" count="2" type="stmt"/>
      <line num="310" count="4" type="cond" truecount="2" falsecount="0"/>
      <line num="311" count="2" type="stmt"/>
      <line num="313" count="2" type="cond" truecount="1" falsecount="1"/>
      <line num="314" count="2" type="cond" truecount="1" falsecount="1"/>
      <line num="315" count="2" type="stmt"/>
      <line num="317" count="0" type="cond" truecount="0" falsecount="2"/>
      <line num="319" count="2" type="stmt"/>
      <line num="324" count="1" type="stmt"/>
      <line num="325" count="1" type="stmt"/>
      <line num="326" count="1" type="cond" truecount="1" falsecount="1"/>
      <line num="327" count="1" type="cond" truecount="1" falsecount="1"/>
      <line num="328" count="1" type="stmt"/>
      <line num="330" count="1" type="stmt"/>
      <line num="331" count="1" type="stmt"/>
      <line num="333" count="1" type="cond" truecount="1" falsecount="1"/>
      <line num="336" count="1" type="stmt"/>
      <line num="338" count="3" type="cond" truecount="1" falsecount="1"/>
      <line num="339" count="0" type="stmt"/>
      <line num="341" count="3" type="stmt"/>
      <line num="344" count="1" type="cond" truecount="3" falsecount="1"/>
      <line num="345" count="0" type="stmt"/>
      <line num="346" count="0" type="cond" truecount="0" falsecount="2"/>
      <line num="347" count="0" type="stmt"/>
      <line num="349" count="0" type="stmt"/>
      <line num="352" count="1" type="stmt"/>
      <line num="357" count="1" type="cond" truecount="1" falsecount="1"/>
      <line num="358" count="0" type="stmt"/>
      <line num="359" count="0" type="stmt"/>
      <line num="363" count="0" type="stmt"/>
      <line num="364" count="0" type="stmt"/>
      <line num="365" count="0" type="stmt"/>
      <line num="368" count="1" type="cond" truecount="1" falsecount="1"/>
      <line num="369" count="0" type="stmt"/>
      <line num="373" count="0" type="stmt"/>
      <line num="374" count="0" type="stmt"/>
      <line num="375" count="0" type="stmt"/>
      <line num="376" count="0" type="stmt"/>
      <line num="378" count="1" type="cond" truecount="1" falsecount="1"/>
      <line num="379" count="1" type="stmt"/>
      <line num="383" count="1" type="stmt"/>
      <line num="384" count="1" type="stmt"/>
      <line num="385" count="1" type="stmt"/>
      <line num="387" count="1" type="stmt"/>
      <line num="392" count="0" type="stmt"/>
      <line num="393" count="0" type="stmt"/>
      <line num="397" count="0" type="stmt"/>
      <line num="398" count="0" type="stmt"/>
      <line num="399" count="0" type="stmt"/>
      <line num="407" count="1" type="stmt"/>
      <line num="408" count="1" type="cond" truecount="1" falsecount="1"/>
      <line num="409" count="1" type="stmt"/>
      <line num="411" count="1" type="stmt"/>
      <line num="414" count="3" type="cond" truecount="2" falsecount="0"/>
      <line num="415" count="3" type="cond" truecount="4" falsecount="0"/>
      <line num="416" count="1" type="stmt"/>
      <line num="417" count="2" type="cond" truecount="4" falsecount="0"/>
      <line num="418" count="1" type="stmt"/>
      <line num="420" count="1" type="stmt"/>
      <line num="421" count="2" type="stmt"/>
      <line num="425" count="1" type="stmt"/>
      <line num="426" count="1" type="cond" truecount="1" falsecount="1"/>
      <line num="427" count="1" type="stmt"/>
      <line num="429" count="1" type="stmt"/>
      <line num="433" count="1" type="stmt"/>
    </file>
    <file name="playlist-mock.js" path="F:\softwareEng\Marioplex-Backend\mock-classes\playlist-mock.js">
      <metrics statements="199" coveredstatements="194" conditionals="133" coveredconditionals="108" methods="19" coveredmethods="19"/>
      <line num="1" count="1" type="stmt"/>
      <line num="5" count="37" type="stmt"/>
      <line num="6" count="102" type="cond" truecount="2" falsecount="0"/>
      <line num="7" count="28" type="stmt"/>
      <line num="10" count="9" type="stmt"/>
      <line num="14" count="1" type="stmt"/>
      <line num="15" count="1" type="cond" truecount="1" falsecount="1"/>
      <line num="16" count="1" type="stmt"/>
      <line num="17" count="4" type="stmt"/>
      <line num="19" count="5" type="cond" truecount="2" falsecount="0"/>
      <line num="20" count="1" type="stmt"/>
      <line num="25" count="5" type="stmt"/>
      <line num="27" count="5" type="cond" truecount="2" falsecount="0"/>
      <line num="28" count="4" type="stmt"/>
      <line num="29" count="4" type="cond" truecount="2" falsecount="0"/>
      <line num="30" count="3" type="stmt"/>
      <line num="34" count="2" type="stmt"/>
      <line num="39" count="10" type="stmt"/>
      <line num="41" count="10" type="cond" truecount="2" falsecount="0"/>
      <line num="42" count="8" type="stmt"/>
      <line num="43" count="15" type="cond" truecount="2" falsecount="0"/>
      <line num="44" count="5" type="stmt"/>
      <line num="48" count="5" type="stmt"/>
      <line num="51" count="5" type="stmt"/>
      <line num="52" count="5" type="cond" truecount="2" falsecount="0"/>
      <line num="53" count="4" type="cond" truecount="4" falsecount="1"/>
      <line num="54" count="4" type="stmt"/>
      <line num="55" count="4" type="stmt"/>
      <line num="57" count="4" type="stmt"/>
      <line num="58" count="4" type="stmt"/>
      <line num="59" count="3" type="cond" truecount="2" falsecount="0"/>
      <line num="60" count="1" type="stmt"/>
      <line num="61" count="1" type="stmt"/>
      <line num="64" count="4" type="cond" truecount="2" falsecount="0"/>
      <line num="65" count="4" type="cond" truecount="2" falsecount="0"/>
      <line num="66" count="2" type="stmt"/>
      <line num="67" count="10" type="stmt"/>
      <line num="70" count="4" type="stmt"/>
      <line num="71" count="4" type="stmt"/>
      <line num="73" count="0" type="stmt"/>
      <line num="76" count="1" type="cond" truecount="1" falsecount="1"/>
      <line num="77" count="1" type="stmt"/>
      <line num="78" count="1" type="stmt"/>
      <line num="79" count="1" type="stmt"/>
      <line num="90" count="1" type="stmt"/>
      <line num="91" count="1" type="stmt"/>
      <line num="94" count="2" type="stmt"/>
      <line num="95" count="2" type="cond" truecount="2" falsecount="0"/>
      <line num="96" count="1" type="stmt"/>
      <line num="97" count="1" type="cond" truecount="1" falsecount="1"/>
      <line num="99" count="1" type="stmt"/>
      <line num="101" count="1" type="cond" truecount="1" falsecount="1"/>
      <line num="102" count="1" type="stmt"/>
      <line num="105" count="1" type="stmt"/>
      <line num="108" count="1" type="stmt"/>
      <line num="111" count="4" type="stmt"/>
      <line num="112" count="4" type="cond" truecount="2" falsecount="0"/>
      <line num="113" count="3" type="stmt"/>
      <line num="114" count="3" type="cond" truecount="2" falsecount="0"/>
      <line num="115" count="1" type="stmt"/>
      <line num="119" count="2" type="cond" truecount="2" falsecount="0"/>
      <line num="120" count="1" type="stmt"/>
      <line num="125" count="1" type="stmt"/>
      <line num="127" count="1" type="stmt"/>
      <line num="128" count="1" type="stmt"/>
      <line num="133" count="1" type="stmt"/>
      <line num="137" count="4" type="stmt"/>
      <line num="138" count="4" type="cond" truecount="2" falsecount="0"/>
      <line num="139" count="3" type="stmt"/>
      <line num="141" count="3" type="cond" truecount="2" falsecount="0"/>
      <line num="143" count="1" type="stmt"/>
      <line num="145" count="2" type="cond" truecount="1" falsecount="1"/>
      <line num="147" count="2" type="stmt"/>
      <line num="149" count="4" type="cond" truecount="2" falsecount="0"/>
      <line num="151" count="2" type="stmt"/>
      <line num="152" count="2" type="stmt"/>
      <line num="156" count="0" type="stmt"/>
      <line num="160" count="3" type="cond" truecount="4" falsecount="0"/>
      <line num="161" count="2" type="stmt"/>
      <line num="162" count="2" type="cond" truecount="2" falsecount="0"/>
      <line num="163" count="1" type="stmt"/>
      <line num="164" count="1" type="stmt"/>
      <line num="165" count="1" type="cond" truecount="1" falsecount="1"/>
      <line num="166" count="1" type="stmt"/>
      <line num="167" count="4" type="stmt"/>
      <line num="170" count="1" type="stmt"/>
      <line num="171" count="3" type="stmt"/>
      <line num="173" count="1" type="stmt"/>
      <line num="174" count="1" type="stmt"/>
      <line num="179" count="1" type="stmt"/>
      <line num="182" count="1" type="stmt"/>
      <line num="183" count="1" type="stmt"/>
      <line num="184" count="7" type="cond" truecount="2" falsecount="0"/>
      <line num="185" count="6" type="stmt"/>
      <line num="188" count="1" type="stmt"/>
      <line num="192" count="4" type="stmt"/>
      <line num="193" count="4" type="cond" truecount="2" falsecount="0"/>
      <line num="194" count="3" type="cond" truecount="2" falsecount="0"/>
      <line num="195" count="2" type="stmt"/>
      <line num="197" count="3" type="cond" truecount="2" falsecount="0"/>
      <line num="198" count="2" type="stmt"/>
      <line num="200" count="3" type="stmt"/>
      <line num="203" count="5" type="cond" truecount="2" falsecount="0"/>
      <line num="204" count="4" type="stmt"/>
      <line num="205" count="4" type="stmt"/>
      <line num="206" count="4" type="stmt"/>
      <line num="207" count="5" type="cond" truecount="2" falsecount="0"/>
      <line num="208" count="2" type="stmt"/>
      <line num="210" count="3" type="cond" truecount="2" falsecount="0"/>
      <line num="211" count="2" type="stmt"/>
      <line num="215" count="4" type="stmt"/>
      <line num="216" count="4" type="stmt"/>
      <line num="217" count="4" type="stmt"/>
      <line num="219" count="4" type="stmt"/>
      <line num="220" count="4" type="stmt"/>
      <line num="221" count="4" type="cond" truecount="2" falsecount="0"/>
      <line num="222" count="1" type="cond" truecount="3" falsecount="1"/>
      <line num="223" count="1" type="stmt"/>
      <line num="226" count="4" type="cond" truecount="2" falsecount="0"/>
      <line num="227" count="1" type="cond" truecount="3" falsecount="1"/>
      <line num="228" count="0" type="stmt"/>
      <line num="231" count="4" type="stmt"/>
      <line num="232" count="4" type="stmt"/>
      <line num="233" count="4" type="stmt"/>
      <line num="236" count="2" type="stmt"/>
      <line num="237" count="2" type="cond" truecount="2" falsecount="0"/>
      <line num="238" count="1" type="stmt"/>
      <line num="239" count="1" type="cond" truecount="1" falsecount="1"/>
      <line num="240" count="1" type="stmt"/>
      <line num="241" count="1" type="stmt"/>
      <line num="242" count="1" type="cond" truecount="1" falsecount="1"/>
      <line num="243" count="1" type="stmt"/>
      <line num="244" count="1" type="stmt"/>
      <line num="248" count="0" type="stmt"/>
      <line num="252" count="4" type="stmt"/>
      <line num="253" count="4" type="cond" truecount="2" falsecount="0"/>
      <line num="254" count="3" type="cond" truecount="2" falsecount="0"/>
      <line num="255" count="2" type="stmt"/>
      <line num="257" count="2" type="stmt"/>
      <line num="258" count="2" type="cond" truecount="2" falsecount="0"/>
      <line num="259" count="1" type="stmt"/>
      <line num="260" count="1" type="stmt"/>
      <line num="264" count="1" type="stmt"/>
      <line num="265" count="1" type="cond" truecount="1" falsecount="1"/>
      <line num="266" count="1" type="stmt"/>
      <line num="267" count="1" type="stmt"/>
      <line num="270" count="0" type="stmt"/>
      <line num="275" count="2" type="stmt"/>
      <line num="276" count="2" type="cond" truecount="1" falsecount="1"/>
      <line num="277" count="2" type="stmt"/>
      <line num="278" count="2" type="stmt"/>
      <line num="279" count="2" type="cond" truecount="1" falsecount="1"/>
      <line num="280" count="2" type="stmt"/>
      <line num="281" count="2" type="cond" truecount="2" falsecount="0"/>
      <line num="282" count="1" type="stmt"/>
      <line num="283" count="4" type="cond" truecount="2" falsecount="0"/>
      <line num="284" count="1" type="stmt"/>
      <line num="285" count="1" type="stmt"/>
      <line num="286" count="1" type="stmt"/>
      <line num="289" count="1" type="cond" truecount="1" falsecount="1"/>
      <line num="291" count="2" type="stmt"/>
      <line num="292" count="10" type="stmt"/>
      <line num="293" count="10" type="stmt"/>
      <line num="295" count="2" type="stmt"/>
      <line num="296" count="4" type="stmt"/>
      <line num="297" count="16" type="cond" truecount="2" falsecount="0"/>
      <line num="298" count="4" type="stmt"/>
      <line num="302" count="2" type="stmt"/>
      <line num="307" count="2" type="stmt"/>
      <line num="311" count="2" type="stmt"/>
      <line num="312" count="2" type="cond" truecount="1" falsecount="1"/>
      <line num="313" count="2" type="stmt"/>
      <line num="314" count="2" type="stmt"/>
      <line num="315" count="2" type="cond" truecount="1" falsecount="1"/>
      <line num="316" count="2" type="stmt"/>
      <line num="317" count="2" type="cond" truecount="2" falsecount="0"/>
      <line num="318" count="1" type="stmt"/>
      <line num="319" count="5" type="cond" truecount="2" falsecount="0"/>
      <line num="320" count="1" type="stmt"/>
      <line num="321" count="1" type="stmt"/>
      <line num="322" count="1" type="stmt"/>
      <line num="325" count="1" type="cond" truecount="1" falsecount="1"/>
      <line num="327" count="2" type="stmt"/>
      <line num="328" count="6" type="stmt"/>
      <line num="330" count="2" type="stmt"/>
      <line num="331" count="2" type="stmt"/>
      <line num="332" count="2" type="cond" truecount="2" falsecount="2"/>
      <line num="334" count="2" type="cond" truecount="1" falsecount="1"/>
      <line num="335" count="2" type="cond" truecount="1" falsecount="1"/>
      <line num="336" count="2" type="stmt"/>
      <line num="337" count="2" type="cond" truecount="2" falsecount="2"/>
      <line num="338" count="2" type="stmt"/>
      <line num="339" count="3" type="stmt"/>
      <line num="341" count="2" type="stmt"/>
      <line num="342" count="2" type="cond" truecount="1" falsecount="1"/>
      <line num="343" count="2" type="stmt"/>
      <line num="344" count="2" type="stmt"/>
      <line num="349" count="2" type="stmt"/>
      <line num="354" count="1" type="stmt"/>
    </file>
    <file name="search-mock.js" path="F:\softwareEng\Marioplex-Backend\mock-classes\search-mock.js">
      <metrics statements="210" coveredstatements="190" conditionals="94" coveredconditionals="50" methods="22" coveredmethods="22"/>
      <line num="1" count="1" type="stmt"/>
      <line num="2" count="1" type="stmt"/>
      <line num="3" count="1" type="stmt"/>
      <line num="11" count="14" type="cond" truecount="2" falsecount="0"/>
      <line num="12" count="13" type="stmt"/>
      <line num="20" count="7" type="stmt"/>
      <line num="22" count="7" type="cond" truecount="2" falsecount="0"/>
      <line num="23" count="2" type="stmt"/>
      <line num="25" count="5" type="stmt"/>
      <line num="32" count="5" type="stmt"/>
      <line num="33" count="5" type="stmt"/>
      <line num="34" count="5" type="cond" truecount="2" falsecount="0"/>
      <line num="36" count="1" type="stmt"/>
      <line num="39" count="4" type="stmt"/>
      <line num="40" count="4" type="cond" truecount="1" falsecount="1"/>
      <line num="41" count="4" type="stmt"/>
      <line num="44" count="5" type="stmt"/>
      <line num="45" count="5" type="stmt"/>
      <line num="46" count="3" type="stmt"/>
      <line num="47" count="3" type="cond" truecount="1" falsecount="1"/>
      <line num="48" count="3" type="stmt"/>
      <line num="49" count="3" type="stmt"/>
      <line num="50" count="3" type="stmt"/>
      <line num="51" count="3" type="stmt"/>
      <line num="52" count="3" type="stmt"/>
      <line num="53" count="3" type="cond" truecount="1" falsecount="1"/>
      <line num="54" count="3" type="stmt"/>
      <line num="55" count="3" type="stmt"/>
      <line num="56" count="3" type="stmt"/>
      <line num="59" count="3" type="stmt"/>
      <line num="62" count="5" type="stmt"/>
      <line num="68" count="6" type="stmt"/>
      <line num="69" count="6" type="stmt"/>
      <line num="70" count="6" type="cond" truecount="2" falsecount="0"/>
      <line num="72" count="1" type="stmt"/>
      <line num="75" count="5" type="stmt"/>
      <line num="76" count="5" type="cond" truecount="1" falsecount="1"/>
      <line num="77" count="5" type="stmt"/>
      <line num="80" count="6" type="stmt"/>
      <line num="81" count="6" type="stmt"/>
      <line num="82" count="3" type="stmt"/>
      <line num="83" count="3" type="stmt"/>
      <line num="84" count="3" type="cond" truecount="1" falsecount="1"/>
      <line num="85" count="3" type="stmt"/>
      <line num="86" count="3" type="stmt"/>
      <line num="87" count="3" type="stmt"/>
      <line num="88" count="3" type="stmt"/>
      <line num="90" count="3" type="stmt"/>
      <line num="91" count="3" type="cond" truecount="1" falsecount="1"/>
      <line num="92" count="3" type="stmt"/>
      <line num="93" count="3" type="stmt"/>
      <line num="94" count="3" type="stmt"/>
      <line num="95" count="3" type="stmt"/>
      <line num="97" count="3" type="stmt"/>
      <line num="98" count="3" type="stmt"/>
      <line num="99" count="3" type="stmt"/>
      <line num="100" count="3" type="stmt"/>
      <line num="101" count="3" type="stmt"/>
      <line num="103" count="6" type="stmt"/>
      <line num="110" count="5" type="stmt"/>
      <line num="111" count="5" type="cond" truecount="2" falsecount="0"/>
      <line num="112" count="1" type="stmt"/>
      <line num="113" count="1" type="stmt"/>
      <line num="115" count="4" type="stmt"/>
      <line num="116" count="4" type="cond" truecount="2" falsecount="0"/>
      <line num="117" count="1" type="stmt"/>
      <line num="119" count="3" type="stmt"/>
      <line num="120" count="3" type="cond" truecount="2" falsecount="0"/>
      <line num="121" count="1" type="stmt"/>
      <line num="123" count="2" type="stmt"/>
      <line num="124" count="2" type="cond" truecount="2" falsecount="0"/>
      <line num="125" count="1" type="stmt"/>
      <line num="127" count="1" type="stmt"/>
      <line num="128" count="1" type="cond" truecount="1" falsecount="1"/>
      <line num="130" count="0" type="stmt"/>
      <line num="138" count="9" type="stmt"/>
      <line num="139" count="9" type="stmt"/>
      <line num="140" count="9" type="cond" truecount="2" falsecount="0"/>
      <line num="142" count="4" type="stmt"/>
      <line num="143" count="4" type="cond" truecount="1" falsecount="1"/>
      <line num="145" count="4" type="stmt"/>
      <line num="146" count="4" type="cond" truecount="1" falsecount="1"/>
      <line num="147" count="4" type="stmt"/>
      <line num="148" count="4" type="stmt"/>
      <line num="149" count="4" type="stmt"/>
      <line num="150" count="4" type="stmt"/>
      <line num="151" count="4" type="stmt"/>
      <line num="152" count="4" type="stmt"/>
      <line num="153" count="4" type="stmt"/>
      <line num="154" count="4" type="stmt"/>
      <line num="160" count="4" type="cond" truecount="1" falsecount="1"/>
      <line num="162" count="4" type="stmt"/>
      <line num="170" count="2" type="stmt"/>
      <line num="171" count="2" type="stmt"/>
      <line num="172" count="2" type="cond" truecount="2" falsecount="0"/>
      <line num="174" count="1" type="stmt"/>
      <line num="175" count="1" type="cond" truecount="1" falsecount="1"/>
      <line num="176" count="0" type="stmt"/>
      <line num="179" count="1" type="stmt"/>
      <line num="180" count="1" type="stmt"/>
      <line num="181" count="1" type="stmt"/>
      <line num="182" count="1" type="stmt"/>
      <line num="183" count="1" type="stmt"/>
      <line num="184" count="1" type="stmt"/>
      <line num="188" count="1" type="stmt"/>
      <line num="197" count="3" type="stmt"/>
      <line num="198" count="3" type="cond" truecount="1" falsecount="1"/>
      <line num="199" count="3" type="stmt"/>
      <line num="200" count="3" type="stmt"/>
      <line num="201" count="3" type="stmt"/>
      <line num="202" count="2" type="stmt"/>
      <line num="203" count="2" type="stmt"/>
      <line num="204" count="2" type="cond" truecount="1" falsecount="1"/>
      <line num="205" count="2" type="stmt"/>
      <line num="206" count="2" type="stmt"/>
      <line num="207" count="2" type="stmt"/>
      <line num="208" count="2" type="stmt"/>
      <line num="211" count="2" type="stmt"/>
      <line num="212" count="2" type="stmt"/>
      <line num="213" count="2" type="stmt"/>
      <line num="214" count="2" type="stmt"/>
      <line num="215" count="2" type="stmt"/>
      <line num="218" count="3" type="stmt"/>
      <line num="223" count="1" type="stmt"/>
      <line num="224" count="1" type="stmt"/>
      <line num="225" count="1" type="stmt"/>
      <line num="226" count="1" type="cond" truecount="1" falsecount="1"/>
      <line num="227" count="1" type="stmt"/>
      <line num="228" count="1" type="stmt"/>
      <line num="229" count="1" type="cond" truecount="1" falsecount="1"/>
      <line num="231" count="1" type="stmt"/>
      <line num="232" count="1" type="stmt"/>
      <line num="234" count="1" type="stmt"/>
      <line num="239" count="12" type="stmt"/>
      <line num="242" count="7" type="stmt"/>
      <line num="247" count="1" type="stmt"/>
      <line num="248" count="1" type="stmt"/>
      <line num="249" count="1" type="stmt"/>
      <line num="250" count="1" type="cond" truecount="1" falsecount="1"/>
      <line num="252" count="1" type="stmt"/>
      <line num="253" count="1" type="stmt"/>
      <line num="256" count="1" type="cond" truecount="2" falsecount="2"/>
      <line num="257" count="0" type="stmt"/>
      <line num="258" count="0" type="cond" truecount="0" falsecount="4"/>
      <line num="259" count="0" type="stmt"/>
      <line num="262" count="1" type="cond" truecount="3" falsecount="1"/>
      <line num="263" count="0" type="stmt"/>
      <line num="264" count="0" type="cond" truecount="0" falsecount="2"/>
      <line num="265" count="0" type="stmt"/>
      <line num="268" count="1" type="cond" truecount="2" falsecount="2"/>
      <line num="269" count="0" type="stmt"/>
      <line num="270" count="0" type="cond" truecount="0" falsecount="2"/>
      <line num="271" count="0" type="stmt"/>
      <line num="275" count="1" type="stmt"/>
      <line num="276" count="1" type="stmt"/>
      <line num="280" count="1" type="stmt"/>
      <line num="281" count="1" type="stmt"/>
      <line num="282" count="1" type="cond" truecount="1" falsecount="1"/>
      <line num="283" count="0" type="cond" truecount="0" falsecount="4"/>
      <line num="284" count="0" type="stmt"/>
      <line num="287" count="1" type="cond" truecount="1" falsecount="1"/>
      <line num="288" count="0" type="cond" truecount="0" falsecount="4"/>
      <line num="289" count="0" type="stmt"/>
      <line num="292" count="1" type="stmt"/>
      <line num="293" count="1" type="stmt"/>
      <line num="301" count="11" type="stmt"/>
      <line num="302" count="11" type="stmt"/>
      <line num="303" count="11" type="stmt"/>
      <line num="304" count="11" type="cond" truecount="2" falsecount="0"/>
      <line num="305" count="2" type="stmt"/>
      <line num="308" count="9" type="stmt"/>
      <line num="318" count="3" type="stmt"/>
      <line num="319" count="3" type="stmt"/>
      <line num="320" count="6" type="stmt"/>
      <line num="321" count="3" type="cond" truecount="1" falsecount="1"/>
      <line num="322" count="0" type="stmt"/>
      <line num="323" count="0" type="cond" truecount="0" falsecount="2"/>
      <line num="324" count="0" type="stmt"/>
      <line num="326" count="0" type="stmt"/>
      <line num="330" count="3" type="cond" truecount="1" falsecount="1"/>
      <line num="331" count="3" type="stmt"/>
      <line num="332" count="3" type="stmt"/>
      <line num="333" count="3" type="stmt"/>
      <line num="334" count="3" type="stmt"/>
      <line num="335" count="3" type="cond" truecount="1" falsecount="1"/>
      <line num="336" count="3" type="stmt"/>
      <line num="337" count="3" type="stmt"/>
      <line num="339" count="3" type="stmt"/>
      <line num="341" count="0" type="stmt"/>
      <line num="349" count="50" type="stmt"/>
      <line num="353" count="50" type="stmt"/>
      <line num="354" count="50" type="stmt"/>
      <line num="362" count="25" type="stmt"/>
      <line num="363" count="25" type="stmt"/>
      <line num="364" count="25" type="stmt"/>
      <line num="365" count="25" type="stmt"/>
      <line num="366" count="25" type="stmt"/>
      <line num="367" count="25" type="stmt"/>
      <line num="368" count="25" type="stmt"/>
      <line num="370" count="25" type="stmt"/>
      <line num="376" count="1" type="stmt"/>
      <line num="378" count="25" type="stmt"/>
      <line num="379" count="25" type="stmt"/>
      <line num="380" count="25" type="stmt"/>
      <line num="381" count="24" type="stmt"/>
      <line num="382" count="24" type="stmt"/>
      <line num="385" count="25" type="stmt"/>
      <line num="386" count="12" type="stmt"/>
      <line num="388" count="25" type="stmt"/>
      <line num="390" count="1" type="stmt"/>
    </file>
    <file name="track-mock.js" path="F:\softwareEng\Marioplex-Backend\mock-classes\track-mock.js">
      <metrics statements="34" coveredstatements="34" conditionals="14" coveredconditionals="14" methods="9" coveredmethods="9"/>
      <line num="1" count="1" type="stmt"/>
      <line num="5" count="27" type="stmt"/>
      <line num="9" count="2" type="stmt"/>
      <line num="10" count="2" type="stmt"/>
      <line num="11" count="6" type="stmt"/>
      <line num="12" count="6" type="cond" truecount="2" falsecount="0"/>
      <line num="13" count="5" type="stmt"/>
      <line num="15" count="1" type="stmt"/>
      <line num="19" count="9" type="stmt"/>
      <line num="21" count="9" type="cond" truecount="2" falsecount="0"/>
      <line num="22" count="14" type="stmt"/>
      <line num="24" count="2" type="stmt"/>
      <line num="28" count="3" type="cond" truecount="2" falsecount="0"/>
      <line num="29" count="1" type="stmt"/>
      <line num="31" count="2" type="cond" truecount="2" falsecount="0"/>
      <line num="32" count="1" type="stmt"/>
      <line num="35" count="1" type="stmt"/>
      <line num="38" count="1" type="stmt"/>
      <line num="39" count="1" type="stmt"/>
      <line num="42" count="1" type="stmt"/>
      <line num="46" count="3" type="cond" truecount="2" falsecount="0"/>
      <line num="47" count="1" type="stmt"/>
      <line num="50" count="2" type="stmt"/>
      <line num="51" count="4" type="cond" truecount="2" falsecount="0"/>
      <line num="52" count="2" type="stmt"/>
      <line num="55" count="2" type="stmt"/>
      <line num="59" count="2" type="stmt"/>
      <line num="60" count="2" type="cond" truecount="2" falsecount="0"/>
      <line num="61" count="1" type="stmt"/>
      <line num="77" count="1" type="stmt"/>
      <line num="80" count="1" type="stmt"/>
      <line num="109" count="1" type="stmt"/>
      <line num="110" count="1" type="stmt"/>
      <line num="115" count="1" type="stmt"/>
    </file>
    <file name="user-mock.js" path="F:\softwareEng\Marioplex-Backend\mock-classes\user-mock.js">
      <metrics statements="70" coveredstatements="58" conditionals="40" coveredconditionals="19" methods="15" coveredmethods="13"/>
      <line num="1" count="1" type="stmt"/>
      <line num="4" count="27" type="stmt"/>
      <line num="12" count="1" type="stmt"/>
      <line num="13" count="1" type="cond" truecount="1" falsecount="1"/>
      <line num="14" count="1" type="cond" truecount="1" falsecount="1"/>
      <line num="16" count="0" type="cond" truecount="0" falsecount="2"/>
      <line num="17" count="0" type="stmt"/>
      <line num="21" count="1" type="cond" truecount="1" falsecount="1"/>
      <line num="22" count="1" type="stmt"/>
      <line num="24" count="1" type="cond" truecount="1" falsecount="1"/>
      <line num="25" count="0" type="stmt"/>
      <line num="26" count="0" type="cond" truecount="0" falsecount="2"/>
      <line num="27" count="0" type="stmt"/>
      <line num="31" count="1" type="cond" truecount="1" falsecount="1"/>
      <line num="33" count="0" type="stmt"/>
      <line num="34" count="0" type="cond" truecount="0" falsecount="2"/>
      <line num="35" count="0" type="stmt"/>
      <line num="37" count="1" type="cond" truecount="1" falsecount="1"/>
      <line num="38" count="0" type="stmt"/>
      <line num="42" count="1" type="stmt"/>
      <line num="44" count="0" type="stmt"/>
      <line num="52" count="2" type="stmt"/>
      <line num="53" count="2" type="cond" truecount="2" falsecount="0"/>
      <line num="54" count="1" type="stmt"/>
      <line num="56" count="1" type="stmt"/>
      <line num="57" count="1" type="stmt"/>
      <line num="58" count="1" type="stmt"/>
      <line num="59" count="1" type="stmt"/>
      <line num="60" count="1" type="stmt"/>
      <line num="61" count="1" type="stmt"/>
      <line num="62" count="1" type="stmt"/>
      <line num="71" count="1" type="stmt"/>
      <line num="72" count="1" type="cond" truecount="1" falsecount="1"/>
      <line num="74" count="1" type="stmt"/>
      <line num="75" count="1" type="stmt"/>
      <line num="81" count="1" type="stmt"/>
      <line num="82" count="1" type="cond" truecount="1" falsecount="1"/>
      <line num="83" count="1" type="stmt"/>
      <line num="84" count="1" type="stmt"/>
      <line num="85" count="1" type="stmt"/>
      <line num="86" count="1" type="cond" truecount="1" falsecount="1"/>
      <line num="87" count="2" type="stmt"/>
      <line num="88" count="1" type="cond" truecount="1" falsecount="1"/>
      <line num="89" count="1" type="stmt"/>
      <line num="93" count="1" type="stmt"/>
      <line num="102" count="1" type="stmt"/>
      <line num="103" count="1" type="cond" truecount="1" falsecount="1"/>
      <line num="104" count="1" type="stmt"/>
      <line num="111" count="1" type="stmt"/>
      <line num="114" count="1" type="stmt"/>
      <line num="115" count="1" type="stmt"/>
      <line num="123" count="1" type="stmt"/>
      <line num="126" count="1" type="cond" truecount="1" falsecount="1"/>
      <line num="127" count="0" type="stmt"/>
      <line num="134" count="1" type="stmt"/>
      <line num="135" count="1" type="stmt"/>
      <line num="141" count="1" type="stmt"/>
      <line num="149" count="1" type="stmt"/>
      <line num="152" count="1" type="cond" truecount="1" falsecount="1"/>
      <line num="153" count="1" type="stmt"/>
      <line num="154" count="1" type="cond" truecount="1" falsecount="1"/>
      <line num="155" count="1" type="stmt"/>
      <line num="157" count="0" type="stmt"/>
      <line num="163" count="2" type="stmt"/>
      <line num="164" count="2" type="cond" truecount="1" falsecount="1"/>
      <line num="165" count="2" type="cond" truecount="2" falsecount="0"/>
      <line num="166" count="1" type="stmt"/>
      <line num="170" count="1" type="stmt"/>
      <line num="173" count="1" type="stmt"/>
      <line num="177" count="1" type="stmt"/>
    </file>
  </project>
</coverage>
