{"G:\\CMP_SecondYear\\Second_SEM\\SW\\MARIOPLEX\\back\\TEST JEST\\Marioplex-Backend\\mock-classes\\album-mock.js": {"path":"G:\\CMP_SecondYear\\Second_SEM\\SW\\MARIOPLEX\\back\\TEST JEST\\Marioplex-Backend\\mock-classes\\album-mock.js","statementMap":{"0":{"start":{"line":1,"column":19},"end":{"line":208,"column":1}},"1":{"start":{"line":8,"column":8},"end":{"line":8,"column":61}},"2":{"start":{"line":8,"column":41},"end":{"line":8,"column":59}},"3":{"start":{"line":11,"column":8},"end":{"line":11,"column":65}},"4":{"start":{"line":11,"column":43},"end":{"line":11,"column":63}},"5":{"start":{"line":14,"column":8},"end":{"line":14,"column":61}},"6":{"start":{"line":14,"column":41},"end":{"line":14,"column":59}},"7":{"start":{"line":17,"column":8},"end":{"line":17,"column":56}},"8":{"start":{"line":17,"column":38},"end":{"line":17,"column":54}},"9":{"start":{"line":25,"column":21},"end":{"line":25,"column":47}},"10":{"start":{"line":26,"column":24},"end":{"line":26,"column":26}},"11":{"start":{"line":27,"column":20},"end":{"line":27,"column":45}},"12":{"start":{"line":28,"column":8},"end":{"line":36,"column":9}},"13":{"start":{"line":29,"column":26},"end":{"line":29,"column":66}},"14":{"start":{"line":30,"column":12},"end":{"line":34,"column":13}},"15":{"start":{"line":31,"column":16},"end":{"line":31,"column":44}},"16":{"start":{"line":33,"column":16},"end":{"line":33,"column":45}},"17":{"start":{"line":37,"column":8},"end":{"line":55,"column":9}},"18":{"start":{"line":38,"column":25},"end":{"line":38,"column":55}},"19":{"start":{"line":39,"column":24},"end":{"line":39,"column":52}},"20":{"start":{"line":40,"column":12},"end":{"line":40,"column":41}},"21":{"start":{"line":41,"column":12},"end":{"line":41,"column":43}},"22":{"start":{"line":42,"column":12},"end":{"line":42,"column":47}},"23":{"start":{"line":43,"column":12},"end":{"line":46,"column":13}},"24":{"start":{"line":44,"column":16},"end":{"line":44,"column":51}},"25":{"start":{"line":45,"column":16},"end":{"line":45,"column":54}},"26":{"start":{"line":47,"column":12},"end":{"line":51,"column":13}},"27":{"start":{"line":48,"column":16},"end":{"line":48,"column":43}},"28":{"start":{"line":50,"column":16},"end":{"line":50,"column":39}},"29":{"start":{"line":52,"column":12},"end":{"line":52,"column":29}},"30":{"start":{"line":54,"column":12},"end":{"line":54,"column":21}},"31":{"start":{"line":62,"column":8},"end":{"line":64,"column":9}},"32":{"start":{"line":62,"column":21},"end":{"line":62,"column":22}},"33":{"start":{"line":63,"column":12},"end":{"line":63,"column":64}},"34":{"start":{"line":63,"column":55},"end":{"line":63,"column":64}},"35":{"start":{"line":65,"column":8},"end":{"line":65,"column":25}},"36":{"start":{"line":73,"column":20},"end":{"line":73,"column":22}},"37":{"start":{"line":74,"column":8},"end":{"line":74,"column":44}},"38":{"start":{"line":74,"column":35},"end":{"line":74,"column":44}},"39":{"start":{"line":75,"column":8},"end":{"line":80,"column":9}},"40":{"start":{"line":75,"column":21},"end":{"line":75,"column":22}},"41":{"start":{"line":76,"column":24},"end":{"line":76,"column":54}},"42":{"start":{"line":77,"column":12},"end":{"line":79,"column":13}},"43":{"start":{"line":78,"column":16},"end":{"line":78,"column":33}},"44":{"start":{"line":81,"column":8},"end":{"line":92,"column":9}},"45":{"start":{"line":82,"column":12},"end":{"line":82,"column":32}},"46":{"start":{"line":83,"column":12},"end":{"line":88,"column":13}},"47":{"start":{"line":83,"column":25},"end":{"line":83,"column":26}},"48":{"start":{"line":84,"column":30},"end":{"line":84,"column":63}},"49":{"start":{"line":85,"column":16},"end":{"line":87,"column":17}},"50":{"start":{"line":86,"column":20},"end":{"line":86,"column":78}},"51":{"start":{"line":89,"column":12},"end":{"line":89,"column":35}},"52":{"start":{"line":91,"column":12},"end":{"line":91,"column":21}},"53":{"start":{"line":99,"column":23},"end":{"line":99,"column":25}},"54":{"start":{"line":100,"column":22},"end":{"line":100,"column":48}},"55":{"start":{"line":101,"column":8},"end":{"line":115,"column":9}},"56":{"start":{"line":102,"column":12},"end":{"line":102,"column":21}},"57":{"start":{"line":105,"column":12},"end":{"line":114,"column":13}},"58":{"start":{"line":106,"column":28},"end":{"line":106,"column":69}},"59":{"start":{"line":107,"column":16},"end":{"line":113,"column":17}},"60":{"start":{"line":108,"column":32},"end":{"line":108,"column":34}},"61":{"start":{"line":109,"column":20},"end":{"line":109,"column":45}},"62":{"start":{"line":110,"column":20},"end":{"line":110,"column":47}},"63":{"start":{"line":111,"column":20},"end":{"line":111,"column":51}},"64":{"start":{"line":112,"column":20},"end":{"line":112,"column":39}},"65":{"start":{"line":116,"column":8},"end":{"line":118,"column":9}},"66":{"start":{"line":117,"column":12},"end":{"line":117,"column":21}},"67":{"start":{"line":119,"column":8},"end":{"line":119,"column":22}},"68":{"start":{"line":125,"column":22},"end":{"line":125,"column":48}},"69":{"start":{"line":126,"column":8},"end":{"line":132,"column":9}},"70":{"start":{"line":127,"column":12},"end":{"line":129,"column":15}},"71":{"start":{"line":130,"column":12},"end":{"line":130,"column":21}},"72":{"start":{"line":133,"column":8},"end":{"line":133,"column":17}},"73":{"start":{"line":137,"column":32},"end":{"line":137,"column":46}},"74":{"start":{"line":138,"column":8},"end":{"line":140,"column":9}},"75":{"start":{"line":139,"column":12},"end":{"line":139,"column":75}},"76":{"start":{"line":139,"column":49},"end":{"line":139,"column":73}},"77":{"start":{"line":141,"column":8},"end":{"line":141,"column":17}},"78":{"start":{"line":149,"column":8},"end":{"line":149,"column":43}},"79":{"start":{"line":149,"column":34},"end":{"line":149,"column":43}},"80":{"start":{"line":150,"column":21},"end":{"line":150,"column":23}},"81":{"start":{"line":151,"column":8},"end":{"line":156,"column":9}},"82":{"start":{"line":151,"column":21},"end":{"line":151,"column":22}},"83":{"start":{"line":152,"column":24},"end":{"line":152,"column":53}},"84":{"start":{"line":153,"column":12},"end":{"line":155,"column":13}},"85":{"start":{"line":154,"column":16},"end":{"line":154,"column":40}},"86":{"start":{"line":157,"column":8},"end":{"line":157,"column":45}},"87":{"start":{"line":157,"column":34},"end":{"line":157,"column":43}},"88":{"start":{"line":158,"column":20},"end":{"line":158,"column":21}},"89":{"start":{"line":159,"column":8},"end":{"line":175,"column":9}},"90":{"start":{"line":159,"column":21},"end":{"line":159,"column":22}},"91":{"start":{"line":160,"column":12},"end":{"line":174,"column":31}},"92":{"start":{"line":161,"column":16},"end":{"line":173,"column":17}},"93":{"start":{"line":162,"column":20},"end":{"line":165,"column":23}},"94":{"start":{"line":168,"column":20},"end":{"line":168,"column":40}},"95":{"start":{"line":169,"column":20},"end":{"line":172,"column":23}},"96":{"start":{"line":174,"column":21},"end":{"line":174,"column":29}},"97":{"start":{"line":176,"column":8},"end":{"line":178,"column":9}},"98":{"start":{"line":177,"column":12},"end":{"line":177,"column":21}},"99":{"start":{"line":179,"column":8},"end":{"line":179,"column":17}},"100":{"start":{"line":185,"column":20},"end":{"line":185,"column":25}},"101":{"start":{"line":186,"column":8},"end":{"line":186,"column":43}},"102":{"start":{"line":186,"column":34},"end":{"line":186,"column":43}},"103":{"start":{"line":187,"column":8},"end":{"line":201,"column":9}},"104":{"start":{"line":187,"column":21},"end":{"line":187,"column":22}},"105":{"start":{"line":188,"column":12},"end":{"line":200,"column":13}},"106":{"start":{"line":189,"column":16},"end":{"line":189,"column":29}},"107":{"start":{"line":190,"column":16},"end":{"line":194,"column":17}},"108":{"start":{"line":190,"column":29},"end":{"line":190,"column":30}},"109":{"start":{"line":191,"column":20},"end":{"line":193,"column":21}},"110":{"start":{"line":192,"column":24},"end":{"line":192,"column":52}},"111":{"start":{"line":197,"column":16},"end":{"line":199,"column":17}},"112":{"start":{"line":198,"column":20},"end":{"line":198,"column":33}},"113":{"start":{"line":202,"column":8},"end":{"line":202,"column":17}},"114":{"start":{"line":209,"column":0},"end":{"line":209,"column":25}}},"fnMap":{"0":{"name":"(anonymous_0)","decl":{"start":{"line":7,"column":20},"end":{"line":7,"column":21}},"loc":{"start":{"line":7,"column":37},"end":{"line":9,"column":5}},"line":7},"1":{"name":"(anonymous_1)","decl":{"start":{"line":8,"column":32},"end":{"line":8,"column":33}},"loc":{"start":{"line":8,"column":41},"end":{"line":8,"column":59}},"line":8},"2":{"name":"(anonymous_2)","decl":{"start":{"line":10,"column":17},"end":{"line":10,"column":18}},"loc":{"start":{"line":10,"column":35},"end":{"line":12,"column":5}},"line":10},"3":{"name":"(anonymous_3)","decl":{"start":{"line":11,"column":33},"end":{"line":11,"column":34}},"loc":{"start":{"line":11,"column":43},"end":{"line":11,"column":63}},"line":11},"4":{"name":"(anonymous_4)","decl":{"start":{"line":13,"column":15},"end":{"line":13,"column":16}},"loc":{"start":{"line":13,"column":32},"end":{"line":15,"column":5}},"line":13},"5":{"name":"(anonymous_5)","decl":{"start":{"line":14,"column":32},"end":{"line":14,"column":33}},"loc":{"start":{"line":14,"column":41},"end":{"line":14,"column":59}},"line":14},"6":{"name":"(anonymous_6)","decl":{"start":{"line":16,"column":17},"end":{"line":16,"column":18}},"loc":{"start":{"line":16,"column":33},"end":{"line":19,"column":5}},"line":16},"7":{"name":"(anonymous_7)","decl":{"start":{"line":17,"column":30},"end":{"line":17,"column":31}},"loc":{"start":{"line":17,"column":38},"end":{"line":17,"column":54}},"line":17},"8":{"name":"(anonymous_8)","decl":{"start":{"line":20,"column":20},"end":{"line":20,"column":21}},"loc":{"start":{"line":20,"column":46},"end":{"line":60,"column":5}},"line":20},"9":{"name":"(anonymous_9)","decl":{"start":{"line":61,"column":29},"end":{"line":61,"column":30}},"loc":{"start":{"line":61,"column":60},"end":{"line":66,"column":5}},"line":61},"10":{"name":"(anonymous_10)","decl":{"start":{"line":68,"column":15},"end":{"line":68,"column":16}},"loc":{"start":{"line":68,"column":34},"end":{"line":93,"column":5}},"line":68},"11":{"name":"(anonymous_11)","decl":{"start":{"line":95,"column":20},"end":{"line":95,"column":21}},"loc":{"start":{"line":95,"column":44},"end":{"line":123,"column":5}},"line":95},"12":{"name":"(anonymous_12)","decl":{"start":{"line":124,"column":14},"end":{"line":124,"column":15}},"loc":{"start":{"line":124,"column":39},"end":{"line":135,"column":5}},"line":124},"13":{"name":"(anonymous_13)","decl":{"start":{"line":136,"column":26},"end":{"line":136,"column":27}},"loc":{"start":{"line":136,"column":50},"end":{"line":142,"column":5}},"line":136},"14":{"name":"(anonymous_14)","decl":{"start":{"line":139,"column":40},"end":{"line":139,"column":41}},"loc":{"start":{"line":139,"column":49},"end":{"line":139,"column":73}},"line":139},"15":{"name":"(anonymous_15)","decl":{"start":{"line":145,"column":15},"end":{"line":145,"column":16}},"loc":{"start":{"line":145,"column":39},"end":{"line":180,"column":5}},"line":145},"16":{"name":"(anonymous_16)","decl":{"start":{"line":181,"column":17},"end":{"line":181,"column":18}},"loc":{"start":{"line":181,"column":47},"end":{"line":203,"column":5}},"line":181}},"branchMap":{"0":{"loc":{"start":{"line":28,"column":8},"end":{"line":36,"column":9}},"type":"if","locations":[{"start":{"line":28,"column":8},"end":{"line":36,"column":9}},{"start":{"line":28,"column":8},"end":{"line":36,"column":9}}],"line":28},"1":{"loc":{"start":{"line":30,"column":12},"end":{"line":34,"column":13}},"type":"if","locations":[{"start":{"line":30,"column":12},"end":{"line":34,"column":13}},{"start":{"line":30,"column":12},"end":{"line":34,"column":13}}],"line":30},"2":{"loc":{"start":{"line":37,"column":8},"end":{"line":55,"column":9}},"type":"if","locations":[{"start":{"line":37,"column":8},"end":{"line":55,"column":9}},{"start":{"line":37,"column":8},"end":{"line":55,"column":9}}],"line":37},"3":{"loc":{"start":{"line":43,"column":12},"end":{"line":46,"column":13}},"type":"if","locations":[{"start":{"line":43,"column":12},"end":{"line":46,"column":13}},{"start":{"line":43,"column":12},"end":{"line":46,"column":13}}],"line":43},"4":{"loc":{"start":{"line":47,"column":12},"end":{"line":51,"column":13}},"type":"if","locations":[{"start":{"line":47,"column":12},"end":{"line":51,"column":13}},{"start":{"line":47,"column":12},"end":{"line":51,"column":13}}],"line":47},"5":{"loc":{"start":{"line":63,"column":12},"end":{"line":63,"column":64}},"type":"if","locations":[{"start":{"line":63,"column":12},"end":{"line":63,"column":64}},{"start":{"line":63,"column":12},"end":{"line":63,"column":64}}],"line":63},"6":{"loc":{"start":{"line":74,"column":8},"end":{"line":74,"column":44}},"type":"if","locations":[{"start":{"line":74,"column":8},"end":{"line":74,"column":44}},{"start":{"line":74,"column":8},"end":{"line":74,"column":44}}],"line":74},"7":{"loc":{"start":{"line":77,"column":12},"end":{"line":79,"column":13}},"type":"if","locations":[{"start":{"line":77,"column":12},"end":{"line":79,"column":13}},{"start":{"line":77,"column":12},"end":{"line":79,"column":13}}],"line":77},"8":{"loc":{"start":{"line":81,"column":8},"end":{"line":92,"column":9}},"type":"if","locations":[{"start":{"line":81,"column":8},"end":{"line":92,"column":9}},{"start":{"line":81,"column":8},"end":{"line":92,"column":9}}],"line":81},"9":{"loc":{"start":{"line":85,"column":16},"end":{"line":87,"column":17}},"type":"if","locations":[{"start":{"line":85,"column":16},"end":{"line":87,"column":17}},{"start":{"line":85,"column":16},"end":{"line":87,"column":17}}],"line":85},"10":{"loc":{"start":{"line":101,"column":8},"end":{"line":115,"column":9}},"type":"if","locations":[{"start":{"line":101,"column":8},"end":{"line":115,"column":9}},{"start":{"line":101,"column":8},"end":{"line":115,"column":9}}],"line":101},"11":{"loc":{"start":{"line":107,"column":16},"end":{"line":113,"column":17}},"type":"if","locations":[{"start":{"line":107,"column":16},"end":{"line":113,"column":17}},{"start":{"line":107,"column":16},"end":{"line":113,"column":17}}],"line":107},"12":{"loc":{"start":{"line":116,"column":8},"end":{"line":118,"column":9}},"type":"if","locations":[{"start":{"line":116,"column":8},"end":{"line":118,"column":9}},{"start":{"line":116,"column":8},"end":{"line":118,"column":9}}],"line":116},"13":{"loc":{"start":{"line":126,"column":8},"end":{"line":132,"column":9}},"type":"if","locations":[{"start":{"line":126,"column":8},"end":{"line":132,"column":9}},{"start":{"line":126,"column":8},"end":{"line":132,"column":9}}],"line":126},"14":{"loc":{"start":{"line":138,"column":8},"end":{"line":140,"column":9}},"type":"if","locations":[{"start":{"line":138,"column":8},"end":{"line":140,"column":9}},{"start":{"line":138,"column":8},"end":{"line":140,"column":9}}],"line":138},"15":{"loc":{"start":{"line":149,"column":8},"end":{"line":149,"column":43}},"type":"if","locations":[{"start":{"line":149,"column":8},"end":{"line":149,"column":43}},{"start":{"line":149,"column":8},"end":{"line":149,"column":43}}],"line":149},"16":{"loc":{"start":{"line":153,"column":12},"end":{"line":155,"column":13}},"type":"if","locations":[{"start":{"line":153,"column":12},"end":{"line":155,"column":13}},{"start":{"line":153,"column":12},"end":{"line":155,"column":13}}],"line":153},"17":{"loc":{"start":{"line":157,"column":8},"end":{"line":157,"column":45}},"type":"if","locations":[{"start":{"line":157,"column":8},"end":{"line":157,"column":45}},{"start":{"line":157,"column":8},"end":{"line":157,"column":45}}],"line":157},"18":{"loc":{"start":{"line":160,"column":12},"end":{"line":174,"column":31}},"type":"if","locations":[{"start":{"line":160,"column":12},"end":{"line":174,"column":31}},{"start":{"line":160,"column":12},"end":{"line":174,"column":31}}],"line":160},"19":{"loc":{"start":{"line":161,"column":16},"end":{"line":173,"column":17}},"type":"if","locations":[{"start":{"line":161,"column":16},"end":{"line":173,"column":17}},{"start":{"line":161,"column":16},"end":{"line":173,"column":17}}],"line":161},"20":{"loc":{"start":{"line":176,"column":8},"end":{"line":178,"column":9}},"type":"if","locations":[{"start":{"line":176,"column":8},"end":{"line":178,"column":9}},{"start":{"line":176,"column":8},"end":{"line":178,"column":9}}],"line":176},"21":{"loc":{"start":{"line":186,"column":8},"end":{"line":186,"column":43}},"type":"if","locations":[{"start":{"line":186,"column":8},"end":{"line":186,"column":43}},{"start":{"line":186,"column":8},"end":{"line":186,"column":43}}],"line":186},"22":{"loc":{"start":{"line":188,"column":12},"end":{"line":200,"column":13}},"type":"if","locations":[{"start":{"line":188,"column":12},"end":{"line":200,"column":13}},{"start":{"line":188,"column":12},"end":{"line":200,"column":13}}],"line":188},"23":{"loc":{"start":{"line":191,"column":20},"end":{"line":193,"column":21}},"type":"if","locations":[{"start":{"line":191,"column":20},"end":{"line":193,"column":21}},{"start":{"line":191,"column":20},"end":{"line":193,"column":21}}],"line":191},"24":{"loc":{"start":{"line":197,"column":16},"end":{"line":199,"column":17}},"type":"if","locations":[{"start":{"line":197,"column":16},"end":{"line":199,"column":17}},{"start":{"line":197,"column":16},"end":{"line":199,"column":17}}],"line":197},"25":{"loc":{"start":{"line":197,"column":20},"end":{"line":197,"column":84}},"type":"binary-expr","locations":[{"start":{"line":197,"column":21},"end":{"line":197,"column":27}},{"start":{"line":197,"column":32},"end":{"line":197,"column":57}},{"start":{"line":197,"column":64},"end":{"line":197,"column":83}}],"line":197}},"s":{"0":2,"1":14,"2":16,"3":4,"4":4,"5":2,"6":2,"7":2,"8":0,"9":2,"10":2,"11":2,"12":2,"13":0,"14":0,"15":0,"16":0,"17":2,"18":2,"19":2,"20":2,"21":2,"22":2,"23":2,"24":2,"25":2,"26":2,"27":2,"28":0,"29":2,"30":0,"31":2,"32":2,"33":2,"34":2,"35":0,"36":2,"37":2,"38":0,"39":2,"40":2,"41":2,"42":2,"43":2,"44":2,"45":2,"46":2,"47":2,"48":2,"49":2,"50":2,"51":2,"52":0,"53":2,"54":2,"55":2,"56":0,"57":2,"58":2,"59":2,"60":2,"61":2,"62":2,"63":2,"64":2,"65":2,"66":0,"67":2,"68":2,"69":2,"70":2,"71":2,"72":0,"73":12,"74":12,"75":12,"76":14,"77":0,"78":6,"79":0,"80":6,"81":6,"82":6,"83":4,"84":4,"85":4,"86":6,"87":2,"88":4,"89":4,"90":4,"91":4,"92":2,"93":2,"94":0,"95":0,"96":2,"97":4,"98":2,"99":2,"100":6,"101":6,"102":0,"103":6,"104":6,"105":4,"106":2,"107":2,"108":2,"109":4,"110":2,"111":2,"112":2,"113":4,"114":2},"f":{"0":14,"1":16,"2":4,"3":4,"4":2,"5":2,"6":2,"7":0,"8":2,"9":2,"10":2,"11":2,"12":2,"13":12,"14":14,"15":6,"16":6},"b":{"0":[0,2],"1":[0,0],"2":[2,0],"3":[2,0],"4":[2,0],"5":[2,0],"6":[0,2],"7":[2,0],"8":[2,0],"9":[2,0],"10":[0,2],"11":[2,0],"12":[0,2],"13":[2,0],"14":[12,0],"15":[0,6],"16":[4,0],"17":[2,4],"18":[2,2],"19":[2,0],"20":[2,2],"21":[0,6],"22":[2,2],"23":[2,2],"24":[2,0],"25":[2,2,0]},"_coverageSchema":"1a1c01bbd47fc00a2c39e90264f33305004495a9","hash":"5035edb496816e00bc0e9314f70b0ef7a874e5c0"}
,"G:\\CMP_SecondYear\\Second_SEM\\SW\\MARIOPLEX\\back\\TEST JEST\\Marioplex-Backend\\mock-classes\\artist-mock.js": {"path":"G:\\CMP_SecondYear\\Second_SEM\\SW\\MARIOPLEX\\back\\TEST JEST\\Marioplex-Backend\\mock-classes\\artist-mock.js","statementMap":{"0":{"start":{"line":1,"column":19},"end":{"line":248,"column":1}},"1":{"start":{"line":8,"column":8},"end":{"line":9,"column":29}},"2":{"start":{"line":8,"column":19},"end":{"line":8,"column":47}},"3":{"start":{"line":9,"column":13},"end":{"line":9,"column":29}},"4":{"start":{"line":10,"column":21},"end":{"line":23,"column":9}},"5":{"start":{"line":24,"column":8},"end":{"line":24,"column":34}},"6":{"start":{"line":25,"column":8},"end":{"line":25,"column":22}},"7":{"start":{"line":30,"column":24},"end":{"line":30,"column":26}},"8":{"start":{"line":31,"column":20},"end":{"line":31,"column":32}},"9":{"start":{"line":32,"column":8},"end":{"line":32,"column":71}},"10":{"start":{"line":32,"column":31},"end":{"line":32,"column":69}},"11":{"start":{"line":33,"column":8},"end":{"line":41,"column":9}},"12":{"start":{"line":35,"column":12},"end":{"line":36,"column":28}},"13":{"start":{"line":35,"column":37},"end":{"line":35,"column":60}},"14":{"start":{"line":36,"column":17},"end":{"line":36,"column":28}},"15":{"start":{"line":37,"column":12},"end":{"line":40,"column":13}},"16":{"start":{"line":37,"column":25},"end":{"line":37,"column":26}},"17":{"start":{"line":39,"column":16},"end":{"line":39,"column":168}},"18":{"start":{"line":42,"column":30},"end":{"line":42,"column":52}},"19":{"start":{"line":43,"column":8},"end":{"line":43,"column":29}},"20":{"start":{"line":47,"column":26},"end":{"line":47,"column":50}},"21":{"start":{"line":48,"column":12},"end":{"line":48,"column":33}},"22":{"start":{"line":48,"column":24},"end":{"line":48,"column":33}},"23":{"start":{"line":49,"column":12},"end":{"line":55,"column":13}},"24":{"start":{"line":50,"column":16},"end":{"line":54,"column":17}},"25":{"start":{"line":50,"column":26},"end":{"line":50,"column":27}},"26":{"start":{"line":51,"column":20},"end":{"line":53,"column":21}},"27":{"start":{"line":52,"column":24},"end":{"line":52,"column":33}},"28":{"start":{"line":56,"column":8},"end":{"line":56,"column":17}},"29":{"start":{"line":61,"column":8},"end":{"line":65,"column":9}},"30":{"start":{"line":61,"column":18},"end":{"line":61,"column":19}},"31":{"start":{"line":62,"column":12},"end":{"line":64,"column":13}},"32":{"start":{"line":63,"column":16},"end":{"line":63,"column":39}},"33":{"start":{"line":66,"column":8},"end":{"line":66,"column":17}},"34":{"start":{"line":71,"column":8},"end":{"line":71,"column":48}},"35":{"start":{"line":71,"column":39},"end":{"line":71,"column":48}},"36":{"start":{"line":72,"column":20},"end":{"line":86,"column":9}},"37":{"start":{"line":88,"column":23},"end":{"line":88,"column":47}},"38":{"start":{"line":89,"column":8},"end":{"line":91,"column":11}},"39":{"start":{"line":92,"column":8},"end":{"line":92,"column":21}},"40":{"start":{"line":96,"column":23},"end":{"line":96,"column":47}},"41":{"start":{"line":97,"column":8},"end":{"line":97,"column":28}},"42":{"start":{"line":97,"column":19},"end":{"line":97,"column":28}},"43":{"start":{"line":98,"column":8},"end":{"line":100,"column":11}},"44":{"start":{"line":101,"column":8},"end":{"line":101,"column":17}},"45":{"start":{"line":106,"column":22},"end":{"line":106,"column":24}},"46":{"start":{"line":107,"column":8},"end":{"line":111,"column":9}},"47":{"start":{"line":107,"column":18},"end":{"line":107,"column":19}},"48":{"start":{"line":108,"column":25},"end":{"line":108,"column":54}},"49":{"start":{"line":109,"column":12},"end":{"line":109,"column":33}},"50":{"start":{"line":109,"column":25},"end":{"line":109,"column":33}},"51":{"start":{"line":110,"column":12},"end":{"line":110,"column":33}},"52":{"start":{"line":112,"column":8},"end":{"line":112,"column":23}},"53":{"start":{"line":116,"column":29},"end":{"line":116,"column":31}},"54":{"start":{"line":117,"column":21},"end":{"line":117,"column":23}},"55":{"start":{"line":118,"column":21},"end":{"line":118,"column":45}},"56":{"start":{"line":119,"column":8},"end":{"line":119,"column":30}},"57":{"start":{"line":119,"column":21},"end":{"line":119,"column":30}},"58":{"start":{"line":121,"column":8},"end":{"line":127,"column":9}},"59":{"start":{"line":121,"column":21},"end":{"line":121,"column":22}},"60":{"start":{"line":122,"column":12},"end":{"line":126,"column":13}},"61":{"start":{"line":122,"column":22},"end":{"line":122,"column":23}},"62":{"start":{"line":123,"column":16},"end":{"line":125,"column":17}},"63":{"start":{"line":124,"column":20},"end":{"line":124,"column":43}},"64":{"start":{"line":129,"column":8},"end":{"line":151,"column":9}},"65":{"start":{"line":130,"column":12},"end":{"line":134,"column":13}},"66":{"start":{"line":131,"column":16},"end":{"line":133,"column":17}},"67":{"start":{"line":132,"column":20},"end":{"line":132,"column":55}},"68":{"start":{"line":135,"column":15},"end":{"line":151,"column":9}},"69":{"start":{"line":136,"column":12},"end":{"line":140,"column":13}},"70":{"start":{"line":137,"column":16},"end":{"line":139,"column":17}},"71":{"start":{"line":138,"column":20},"end":{"line":138,"column":55}},"72":{"start":{"line":141,"column":15},"end":{"line":151,"column":9}},"73":{"start":{"line":142,"column":12},"end":{"line":146,"column":13}},"74":{"start":{"line":143,"column":16},"end":{"line":145,"column":17}},"75":{"start":{"line":144,"column":20},"end":{"line":144,"column":55}},"76":{"start":{"line":148,"column":12},"end":{"line":150,"column":13}},"77":{"start":{"line":149,"column":16},"end":{"line":149,"column":51}},"78":{"start":{"line":153,"column":20},"end":{"line":153,"column":21}},"79":{"start":{"line":154,"column":18},"end":{"line":154,"column":39}},"80":{"start":{"line":155,"column":8},"end":{"line":159,"column":9}},"81":{"start":{"line":156,"column":12},"end":{"line":158,"column":13}},"82":{"start":{"line":157,"column":16},"end":{"line":157,"column":31}},"83":{"start":{"line":160,"column":8},"end":{"line":164,"column":9}},"84":{"start":{"line":161,"column":12},"end":{"line":163,"column":13}},"85":{"start":{"line":162,"column":16},"end":{"line":162,"column":36}},"86":{"start":{"line":165,"column":8},"end":{"line":165,"column":41}},"87":{"start":{"line":166,"column":8},"end":{"line":166,"column":30}},"88":{"start":{"line":170,"column":20},"end":{"line":170,"column":32}},"89":{"start":{"line":172,"column":22},"end":{"line":172,"column":46}},"90":{"start":{"line":173,"column":8},"end":{"line":173,"column":31}},"91":{"start":{"line":173,"column":22},"end":{"line":173,"column":31}},"92":{"start":{"line":174,"column":8},"end":{"line":174,"column":30}},"93":{"start":{"line":174,"column":21},"end":{"line":174,"column":30}},"94":{"start":{"line":175,"column":29},"end":{"line":175,"column":31}},"95":{"start":{"line":177,"column":8},"end":{"line":187,"column":9}},"96":{"start":{"line":178,"column":12},"end":{"line":186,"column":13}},"97":{"start":{"line":178,"column":25},"end":{"line":178,"column":26}},"98":{"start":{"line":179,"column":16},"end":{"line":185,"column":17}},"99":{"start":{"line":179,"column":29},"end":{"line":179,"column":30}},"100":{"start":{"line":180,"column":20},"end":{"line":184,"column":21}},"101":{"start":{"line":181,"column":24},"end":{"line":182,"column":65}},"102":{"start":{"line":181,"column":60},"end":{"line":181,"column":92}},"103":{"start":{"line":182,"column":28},"end":{"line":182,"column":65}},"104":{"start":{"line":183,"column":24},"end":{"line":183,"column":33}},"105":{"start":{"line":189,"column":8},"end":{"line":189,"column":68}},"106":{"start":{"line":189,"column":40},"end":{"line":189,"column":68}},"107":{"start":{"line":190,"column":8},"end":{"line":190,"column":30}},"108":{"start":{"line":195,"column":8},"end":{"line":199,"column":9}},"109":{"start":{"line":195,"column":18},"end":{"line":195,"column":19}},"110":{"start":{"line":196,"column":12},"end":{"line":198,"column":13}},"111":{"start":{"line":197,"column":16},"end":{"line":197,"column":39}},"112":{"start":{"line":200,"column":8},"end":{"line":200,"column":17}},"113":{"start":{"line":205,"column":24},"end":{"line":205,"column":26}},"114":{"start":{"line":206,"column":21},"end":{"line":206,"column":23}},"115":{"start":{"line":207,"column":22},"end":{"line":207,"column":46}},"116":{"start":{"line":208,"column":8},"end":{"line":208,"column":30}},"117":{"start":{"line":208,"column":21},"end":{"line":208,"column":30}},"118":{"start":{"line":209,"column":8},"end":{"line":216,"column":9}},"119":{"start":{"line":209,"column":21},"end":{"line":209,"column":22}},"120":{"start":{"line":210,"column":12},"end":{"line":214,"column":13}},"121":{"start":{"line":210,"column":22},"end":{"line":210,"column":23}},"122":{"start":{"line":211,"column":16},"end":{"line":213,"column":17}},"123":{"start":{"line":212,"column":20},"end":{"line":212,"column":68}},"124":{"start":{"line":218,"column":8},"end":{"line":222,"column":9}},"125":{"start":{"line":219,"column":12},"end":{"line":221,"column":13}},"126":{"start":{"line":220,"column":16},"end":{"line":220,"column":46}},"127":{"start":{"line":224,"column":8},"end":{"line":224,"column":73}},"128":{"start":{"line":224,"column":33},"end":{"line":224,"column":71}},"129":{"start":{"line":225,"column":8},"end":{"line":225,"column":31}},"130":{"start":{"line":226,"column":8},"end":{"line":226,"column":25}},"131":{"start":{"line":230,"column":29},"end":{"line":230,"column":31}},"132":{"start":{"line":231,"column":21},"end":{"line":231,"column":23}},"133":{"start":{"line":232,"column":22},"end":{"line":232,"column":46}},"134":{"start":{"line":233,"column":8},"end":{"line":233,"column":30}},"135":{"start":{"line":233,"column":21},"end":{"line":233,"column":30}},"136":{"start":{"line":234,"column":8},"end":{"line":240,"column":9}},"137":{"start":{"line":234,"column":21},"end":{"line":234,"column":22}},"138":{"start":{"line":235,"column":12},"end":{"line":239,"column":13}},"139":{"start":{"line":235,"column":22},"end":{"line":235,"column":23}},"140":{"start":{"line":236,"column":16},"end":{"line":238,"column":17}},"141":{"start":{"line":237,"column":20},"end":{"line":237,"column":68}},"142":{"start":{"line":241,"column":8},"end":{"line":243,"column":9}},"143":{"start":{"line":242,"column":12},"end":{"line":242,"column":47}},"144":{"start":{"line":246,"column":8},"end":{"line":246,"column":30}},"145":{"start":{"line":249,"column":0},"end":{"line":249,"column":26}}},"fnMap":{"0":{"name":"(anonymous_0)","decl":{"start":{"line":5,"column":19},"end":{"line":5,"column":20}},"loc":{"start":{"line":5,"column":53},"end":{"line":26,"column":5}},"line":5},"1":{"name":"(anonymous_1)","decl":{"start":{"line":28,"column":24},"end":{"line":28,"column":25}},"loc":{"start":{"line":28,"column":35},"end":{"line":44,"column":5}},"line":28},"2":{"name":"(anonymous_2)","decl":{"start":{"line":32,"column":21},"end":{"line":32,"column":22}},"loc":{"start":{"line":32,"column":31},"end":{"line":32,"column":69}},"line":32},"3":{"name":"(anonymous_3)","decl":{"start":{"line":46,"column":25},"end":{"line":46,"column":26}},"loc":{"start":{"line":46,"column":51},"end":{"line":57,"column":5}},"line":46},"4":{"name":"(anonymous_4)","decl":{"start":{"line":59,"column":15},"end":{"line":59,"column":16}},"loc":{"start":{"line":59,"column":34},"end":{"line":67,"column":5}},"line":59},"5":{"name":"(anonymous_5)","decl":{"start":{"line":70,"column":13},"end":{"line":70,"column":14}},"loc":{"start":{"line":70,"column":95},"end":{"line":93,"column":5}},"line":70},"6":{"name":"(anonymous_6)","decl":{"start":{"line":95,"column":14},"end":{"line":95,"column":15}},"loc":{"start":{"line":95,"column":42},"end":{"line":103,"column":5}},"line":95},"7":{"name":"(anonymous_7)","decl":{"start":{"line":105,"column":16},"end":{"line":105,"column":17}},"loc":{"start":{"line":105,"column":37},"end":{"line":113,"column":5}},"line":105},"8":{"name":"(anonymous_8)","decl":{"start":{"line":115,"column":15},"end":{"line":115,"column":16}},"loc":{"start":{"line":115,"column":73},"end":{"line":167,"column":5}},"line":115},"9":{"name":"(anonymous_9)","decl":{"start":{"line":169,"column":24},"end":{"line":169,"column":25}},"loc":{"start":{"line":169,"column":43},"end":{"line":191,"column":5}},"line":169},"10":{"name":"(anonymous_10)","decl":{"start":{"line":181,"column":49},"end":{"line":181,"column":50}},"loc":{"start":{"line":181,"column":60},"end":{"line":181,"column":92}},"line":181},"11":{"name":"(anonymous_11)","decl":{"start":{"line":193,"column":21},"end":{"line":193,"column":22}},"loc":{"start":{"line":193,"column":38},"end":{"line":201,"column":5}},"line":193},"12":{"name":"(anonymous_12)","decl":{"start":{"line":204,"column":19},"end":{"line":204,"column":20}},"loc":{"start":{"line":204,"column":54},"end":{"line":227,"column":5}},"line":204},"13":{"name":"(anonymous_13)","decl":{"start":{"line":224,"column":23},"end":{"line":224,"column":24}},"loc":{"start":{"line":224,"column":33},"end":{"line":224,"column":71}},"line":224},"14":{"name":"(anonymous_14)","decl":{"start":{"line":229,"column":16},"end":{"line":229,"column":17}},"loc":{"start":{"line":229,"column":42},"end":{"line":247,"column":5}},"line":229}},"branchMap":{"0":{"loc":{"start":{"line":8,"column":8},"end":{"line":9,"column":29}},"type":"if","locations":[{"start":{"line":8,"column":8},"end":{"line":9,"column":29}},{"start":{"line":8,"column":8},"end":{"line":9,"column":29}}],"line":8},"1":{"loc":{"start":{"line":32,"column":31},"end":{"line":32,"column":69}},"type":"cond-expr","locations":[{"start":{"line":32,"column":63},"end":{"line":32,"column":65}},{"start":{"line":32,"column":68},"end":{"line":32,"column":69}}],"line":32},"2":{"loc":{"start":{"line":33,"column":8},"end":{"line":41,"column":9}},"type":"if","locations":[{"start":{"line":33,"column":8},"end":{"line":41,"column":9}},{"start":{"line":33,"column":8},"end":{"line":41,"column":9}}],"line":33},"3":{"loc":{"start":{"line":35,"column":12},"end":{"line":36,"column":28}},"type":"if","locations":[{"start":{"line":35,"column":12},"end":{"line":36,"column":28}},{"start":{"line":35,"column":12},"end":{"line":36,"column":28}}],"line":35},"4":{"loc":{"start":{"line":48,"column":12},"end":{"line":48,"column":33}},"type":"if","locations":[{"start":{"line":48,"column":12},"end":{"line":48,"column":33}},{"start":{"line":48,"column":12},"end":{"line":48,"column":33}}],"line":48},"5":{"loc":{"start":{"line":49,"column":12},"end":{"line":55,"column":13}},"type":"if","locations":[{"start":{"line":49,"column":12},"end":{"line":55,"column":13}},{"start":{"line":49,"column":12},"end":{"line":55,"column":13}}],"line":49},"6":{"loc":{"start":{"line":51,"column":20},"end":{"line":53,"column":21}},"type":"if","locations":[{"start":{"line":51,"column":20},"end":{"line":53,"column":21}},{"start":{"line":51,"column":20},"end":{"line":53,"column":21}}],"line":51},"7":{"loc":{"start":{"line":62,"column":12},"end":{"line":64,"column":13}},"type":"if","locations":[{"start":{"line":62,"column":12},"end":{"line":64,"column":13}},{"start":{"line":62,"column":12},"end":{"line":64,"column":13}}],"line":62},"8":{"loc":{"start":{"line":71,"column":8},"end":{"line":71,"column":48}},"type":"if","locations":[{"start":{"line":71,"column":8},"end":{"line":71,"column":48}},{"start":{"line":71,"column":8},"end":{"line":71,"column":48}}],"line":71},"9":{"loc":{"start":{"line":97,"column":8},"end":{"line":97,"column":28}},"type":"if","locations":[{"start":{"line":97,"column":8},"end":{"line":97,"column":28}},{"start":{"line":97,"column":8},"end":{"line":97,"column":28}}],"line":97},"10":{"loc":{"start":{"line":109,"column":12},"end":{"line":109,"column":33}},"type":"if","locations":[{"start":{"line":109,"column":12},"end":{"line":109,"column":33}},{"start":{"line":109,"column":12},"end":{"line":109,"column":33}}],"line":109},"11":{"loc":{"start":{"line":119,"column":8},"end":{"line":119,"column":30}},"type":"if","locations":[{"start":{"line":119,"column":8},"end":{"line":119,"column":30}},{"start":{"line":119,"column":8},"end":{"line":119,"column":30}}],"line":119},"12":{"loc":{"start":{"line":123,"column":16},"end":{"line":125,"column":17}},"type":"if","locations":[{"start":{"line":123,"column":16},"end":{"line":125,"column":17}},{"start":{"line":123,"column":16},"end":{"line":125,"column":17}}],"line":123},"13":{"loc":{"start":{"line":129,"column":8},"end":{"line":151,"column":9}},"type":"if","locations":[{"start":{"line":129,"column":8},"end":{"line":151,"column":9}},{"start":{"line":129,"column":8},"end":{"line":151,"column":9}}],"line":129},"14":{"loc":{"start":{"line":129,"column":12},"end":{"line":129,"column":55}},"type":"binary-expr","locations":[{"start":{"line":129,"column":12},"end":{"line":129,"column":31}},{"start":{"line":129,"column":35},"end":{"line":129,"column":55}}],"line":129},"15":{"loc":{"start":{"line":131,"column":16},"end":{"line":133,"column":17}},"type":"if","locations":[{"start":{"line":131,"column":16},"end":{"line":133,"column":17}},{"start":{"line":131,"column":16},"end":{"line":133,"column":17}}],"line":131},"16":{"loc":{"start":{"line":131,"column":20},"end":{"line":131,"column":112}},"type":"binary-expr","locations":[{"start":{"line":131,"column":20},"end":{"line":131,"column":60}},{"start":{"line":131,"column":64},"end":{"line":131,"column":112}}],"line":131},"17":{"loc":{"start":{"line":135,"column":15},"end":{"line":151,"column":9}},"type":"if","locations":[{"start":{"line":135,"column":15},"end":{"line":151,"column":9}},{"start":{"line":135,"column":15},"end":{"line":151,"column":9}}],"line":135},"18":{"loc":{"start":{"line":135,"column":19},"end":{"line":135,"column":62}},"type":"binary-expr","locations":[{"start":{"line":135,"column":19},"end":{"line":135,"column":38}},{"start":{"line":135,"column":42},"end":{"line":135,"column":62}}],"line":135},"19":{"loc":{"start":{"line":137,"column":16},"end":{"line":139,"column":17}},"type":"if","locations":[{"start":{"line":137,"column":16},"end":{"line":139,"column":17}},{"start":{"line":137,"column":16},"end":{"line":139,"column":17}}],"line":137},"20":{"loc":{"start":{"line":141,"column":15},"end":{"line":151,"column":9}},"type":"if","locations":[{"start":{"line":141,"column":15},"end":{"line":151,"column":9}},{"start":{"line":141,"column":15},"end":{"line":151,"column":9}}],"line":141},"21":{"loc":{"start":{"line":141,"column":19},"end":{"line":141,"column":62}},"type":"binary-expr","locations":[{"start":{"line":141,"column":19},"end":{"line":141,"column":38}},{"start":{"line":141,"column":42},"end":{"line":141,"column":62}}],"line":141},"22":{"loc":{"start":{"line":143,"column":16},"end":{"line":145,"column":17}},"type":"if","locations":[{"start":{"line":143,"column":16},"end":{"line":145,"column":17}},{"start":{"line":143,"column":16},"end":{"line":145,"column":17}}],"line":143},"23":{"loc":{"start":{"line":155,"column":8},"end":{"line":159,"column":9}},"type":"if","locations":[{"start":{"line":155,"column":8},"end":{"line":159,"column":9}},{"start":{"line":155,"column":8},"end":{"line":159,"column":9}}],"line":155},"24":{"loc":{"start":{"line":156,"column":12},"end":{"line":158,"column":13}},"type":"if","locations":[{"start":{"line":156,"column":12},"end":{"line":158,"column":13}},{"start":{"line":156,"column":12},"end":{"line":158,"column":13}}],"line":156},"25":{"loc":{"start":{"line":156,"column":16},"end":{"line":156,"column":62}},"type":"binary-expr","locations":[{"start":{"line":156,"column":16},"end":{"line":156,"column":27}},{"start":{"line":156,"column":31},"end":{"line":156,"column":62}}],"line":156},"26":{"loc":{"start":{"line":160,"column":8},"end":{"line":164,"column":9}},"type":"if","locations":[{"start":{"line":160,"column":8},"end":{"line":164,"column":9}},{"start":{"line":160,"column":8},"end":{"line":164,"column":9}}],"line":160},"27":{"loc":{"start":{"line":161,"column":12},"end":{"line":163,"column":13}},"type":"if","locations":[{"start":{"line":161,"column":12},"end":{"line":163,"column":13}},{"start":{"line":161,"column":12},"end":{"line":163,"column":13}}],"line":161},"28":{"loc":{"start":{"line":161,"column":16},"end":{"line":161,"column":79}},"type":"binary-expr","locations":[{"start":{"line":161,"column":16},"end":{"line":161,"column":35}},{"start":{"line":161,"column":39},"end":{"line":161,"column":79}}],"line":161},"29":{"loc":{"start":{"line":173,"column":8},"end":{"line":173,"column":31}},"type":"if","locations":[{"start":{"line":173,"column":8},"end":{"line":173,"column":31}},{"start":{"line":173,"column":8},"end":{"line":173,"column":31}}],"line":173},"30":{"loc":{"start":{"line":174,"column":8},"end":{"line":174,"column":30}},"type":"if","locations":[{"start":{"line":174,"column":8},"end":{"line":174,"column":30}},{"start":{"line":174,"column":8},"end":{"line":174,"column":30}}],"line":174},"31":{"loc":{"start":{"line":180,"column":20},"end":{"line":184,"column":21}},"type":"if","locations":[{"start":{"line":180,"column":20},"end":{"line":184,"column":21}},{"start":{"line":180,"column":20},"end":{"line":184,"column":21}}],"line":180},"32":{"loc":{"start":{"line":181,"column":24},"end":{"line":182,"column":65}},"type":"if","locations":[{"start":{"line":181,"column":24},"end":{"line":182,"column":65}},{"start":{"line":181,"column":24},"end":{"line":182,"column":65}}],"line":181},"33":{"loc":{"start":{"line":189,"column":8},"end":{"line":189,"column":68}},"type":"if","locations":[{"start":{"line":189,"column":8},"end":{"line":189,"column":68}},{"start":{"line":189,"column":8},"end":{"line":189,"column":68}}],"line":189},"34":{"loc":{"start":{"line":196,"column":12},"end":{"line":198,"column":13}},"type":"if","locations":[{"start":{"line":196,"column":12},"end":{"line":198,"column":13}},{"start":{"line":196,"column":12},"end":{"line":198,"column":13}}],"line":196},"35":{"loc":{"start":{"line":208,"column":8},"end":{"line":208,"column":30}},"type":"if","locations":[{"start":{"line":208,"column":8},"end":{"line":208,"column":30}},{"start":{"line":208,"column":8},"end":{"line":208,"column":30}}],"line":208},"36":{"loc":{"start":{"line":211,"column":16},"end":{"line":213,"column":17}},"type":"if","locations":[{"start":{"line":211,"column":16},"end":{"line":213,"column":17}},{"start":{"line":211,"column":16},"end":{"line":213,"column":17}}],"line":211},"37":{"loc":{"start":{"line":219,"column":12},"end":{"line":221,"column":13}},"type":"if","locations":[{"start":{"line":219,"column":12},"end":{"line":221,"column":13}},{"start":{"line":219,"column":12},"end":{"line":221,"column":13}}],"line":219},"38":{"loc":{"start":{"line":224,"column":33},"end":{"line":224,"column":71}},"type":"cond-expr","locations":[{"start":{"line":224,"column":65},"end":{"line":224,"column":67}},{"start":{"line":224,"column":70},"end":{"line":224,"column":71}}],"line":224},"39":{"loc":{"start":{"line":233,"column":8},"end":{"line":233,"column":30}},"type":"if","locations":[{"start":{"line":233,"column":8},"end":{"line":233,"column":30}},{"start":{"line":233,"column":8},"end":{"line":233,"column":30}}],"line":233},"40":{"loc":{"start":{"line":236,"column":16},"end":{"line":238,"column":17}},"type":"if","locations":[{"start":{"line":236,"column":16},"end":{"line":238,"column":17}},{"start":{"line":236,"column":16},"end":{"line":238,"column":17}}],"line":236}},"s":{"0":1,"1":1,"2":0,"3":1,"4":1,"5":1,"6":1,"7":1,"8":1,"9":1,"10":2,"11":1,"12":1,"13":1,"14":0,"15":1,"16":1,"17":3,"18":1,"19":1,"20":2,"21":2,"22":0,"23":2,"24":2,"25":2,"26":2,"27":1,"28":1,"29":13,"30":13,"31":17,"32":12,"33":1,"34":1,"35":0,"36":1,"37":1,"38":1,"39":1,"40":1,"41":1,"42":0,"43":1,"44":1,"45":1,"46":1,"47":1,"48":2,"49":2,"50":0,"51":2,"52":1,"53":1,"54":1,"55":1,"56":1,"57":0,"58":1,"59":1,"60":1,"61":1,"62":1,"63":1,"64":1,"65":0,"66":0,"67":0,"68":1,"69":0,"70":0,"71":0,"72":1,"73":0,"74":0,"75":0,"76":1,"77":1,"78":1,"79":1,"80":1,"81":0,"82":0,"83":1,"84":0,"85":0,"86":1,"87":1,"88":1,"89":1,"90":1,"91":0,"92":1,"93":0,"94":1,"95":1,"96":3,"97":3,"98":5,"99":5,"100":10,"101":4,"102":4,"103":2,"104":4,"105":1,"106":0,"107":1,"108":1,"109":1,"110":1,"111":1,"112":0,"113":1,"114":1,"115":1,"116":1,"117":0,"118":1,"119":1,"120":2,"121":2,"122":4,"123":2,"124":1,"125":2,"126":2,"127":1,"128":1,"129":1,"130":1,"131":1,"132":1,"133":1,"134":1,"135":0,"136":1,"137":1,"138":2,"139":2,"140":4,"141":2,"142":1,"143":2,"144":1,"145":1},"f":{"0":1,"1":1,"2":2,"3":2,"4":13,"5":1,"6":1,"7":1,"8":1,"9":1,"10":4,"11":1,"12":1,"13":1,"14":1},"b":{"0":[0,1],"1":[1,1],"2":[1,0],"3":[1,0],"4":[0,2],"5":[2,0],"6":[1,1],"7":[12,5],"8":[0,1],"9":[0,1],"10":[0,2],"11":[0,1],"12":[1,0],"13":[0,1],"14":[1,0],"15":[0,0],"16":[0,0],"17":[0,1],"18":[1,1],"19":[0,0],"20":[0,1],"21":[1,0],"22":[0,0],"23":[0,1],"24":[0,0],"25":[0,0],"26":[0,1],"27":[0,0],"28":[0,0],"29":[0,1],"30":[0,1],"31":[4,6],"32":[2,2],"33":[0,1],"34":[1,0],"35":[0,1],"36":[2,2],"37":[2,0],"38":[0,1],"39":[0,1],"40":[2,2]},"_coverageSchema":"1a1c01bbd47fc00a2c39e90264f33305004495a9","hash":"dd8082312f206ba75673a5097393ecc25729ff4b"}
,"G:\\CMP_SecondYear\\Second_SEM\\SW\\MARIOPLEX\\back\\TEST JEST\\Marioplex-Backend\\mock-classes\\authentication-mock.js": {"path":"G:\\CMP_SecondYear\\Second_SEM\\SW\\MARIOPLEX\\back\\TEST JEST\\Marioplex-Backend\\mock-classes\\authentication-mock.js","statementMap":{"0":{"start":{"line":1,"column":15},"end":{"line":1,"column":32}},"1":{"start":{"line":15,"column":19},"end":{"line":44,"column":1}},"2":{"start":{"line":18,"column":8},"end":{"line":20,"column":9}},"3":{"start":{"line":18,"column":18},"end":{"line":18,"column":19}},"4":{"start":{"line":19,"column":12},"end":{"line":19,"column":107}},"5":{"start":{"line":19,"column":98},"end":{"line":19,"column":107}},"6":{"start":{"line":21,"column":8},"end":{"line":21,"column":17}},"7":{"start":{"line":24,"column":8},"end":{"line":24,"column":89}},"8":{"start":{"line":24,"column":80},"end":{"line":24,"column":89}},"9":{"start":{"line":25,"column":8},"end":{"line":27,"column":9}},"10":{"start":{"line":26,"column":12},"end":{"line":26,"column":45}},"11":{"start":{"line":26,"column":36},"end":{"line":26,"column":45}},"12":{"start":{"line":28,"column":19},"end":{"line":40,"column":9}},"13":{"start":{"line":41,"column":8},"end":{"line":41,"column":29}},"14":{"start":{"line":42,"column":8},"end":{"line":42,"column":17}},"15":{"start":{"line":45,"column":0},"end":{"line":45,"column":25}}},"fnMap":{"0":{"name":"(anonymous_0)","decl":{"start":{"line":17,"column":11},"end":{"line":17,"column":12}},"loc":{"start":{"line":17,"column":35},"end":{"line":22,"column":5}},"line":17},"1":{"name":"(anonymous_1)","decl":{"start":{"line":23,"column":12},"end":{"line":23,"column":13}},"loc":{"start":{"line":23,"column":69},"end":{"line":43,"column":5}},"line":23}},"branchMap":{"0":{"loc":{"start":{"line":19,"column":12},"end":{"line":19,"column":107}},"type":"if","locations":[{"start":{"line":19,"column":12},"end":{"line":19,"column":107}},{"start":{"line":19,"column":12},"end":{"line":19,"column":107}}],"line":19},"1":{"loc":{"start":{"line":19,"column":15},"end":{"line":19,"column":95}},"type":"binary-expr","locations":[{"start":{"line":19,"column":15},"end":{"line":19,"column":43}},{"start":{"line":19,"column":47},"end":{"line":19,"column":95}}],"line":19},"2":{"loc":{"start":{"line":24,"column":8},"end":{"line":24,"column":89}},"type":"if","locations":[{"start":{"line":24,"column":8},"end":{"line":24,"column":89}},{"start":{"line":24,"column":8},"end":{"line":24,"column":89}}],"line":24},"3":{"loc":{"start":{"line":24,"column":11},"end":{"line":24,"column":79}},"type":"binary-expr","locations":[{"start":{"line":24,"column":11},"end":{"line":24,"column":17}},{"start":{"line":24,"column":21},"end":{"line":24,"column":30}},{"start":{"line":24,"column":34},"end":{"line":24,"column":41}},{"start":{"line":24,"column":45},"end":{"line":24,"column":53}},{"start":{"line":24,"column":57},"end":{"line":24,"column":66}},{"start":{"line":24,"column":70},"end":{"line":24,"column":79}}],"line":24},"4":{"loc":{"start":{"line":26,"column":12},"end":{"line":26,"column":45}},"type":"if","locations":[{"start":{"line":26,"column":12},"end":{"line":26,"column":45}},{"start":{"line":26,"column":12},"end":{"line":26,"column":45}}],"line":26}},"s":{"0":1,"1":1,"2":3,"3":3,"4":3,"5":1,"6":2,"7":4,"8":2,"9":2,"10":1,"11":1,"12":1,"13":1,"14":1,"15":1},"f":{"0":3,"1":4},"b":{"0":[1,2],"1":[3,1],"2":[2,2],"3":[4,3,2,2,2,2],"4":[1,0]},"_coverageSchema":"1a1c01bbd47fc00a2c39e90264f33305004495a9","hash":"90f48cbb9f9287acb5acbbab25b34f96cc7d4ed6"}
,"G:\\CMP_SecondYear\\Second_SEM\\SW\\MARIOPLEX\\back\\TEST JEST\\Marioplex-Backend\\mock-classes\\forgpass-mock.js": {"path":"G:\\CMP_SecondYear\\Second_SEM\\SW\\MARIOPLEX\\back\\TEST JEST\\Marioplex-Backend\\mock-classes\\forgpass-mock.js","statementMap":{"0":{"start":{"line":1,"column":18},"end":{"line":15,"column":1}},"1":{"start":{"line":5,"column":8},"end":{"line":5,"column":58}},"2":{"start":{"line":5,"column":39},"end":{"line":5,"column":56}},"3":{"start":{"line":9,"column":17},"end":{"line":9,"column":59}},"4":{"start":{"line":9,"column":41},"end":{"line":9,"column":58}},"5":{"start":{"line":10,"column":8},"end":{"line":10,"column":27}},"6":{"start":{"line":10,"column":18},"end":{"line":10,"column":27}},"7":{"start":{"line":11,"column":8},"end":{"line":11,"column":46}},"8":{"start":{"line":12,"column":8},"end":{"line":12,"column":20}},"9":{"start":{"line":16,"column":0},"end":{"line":16,"column":24}}},"fnMap":{"0":{"name":"(anonymous_0)","decl":{"start":{"line":4,"column":16},"end":{"line":4,"column":17}},"loc":{"start":{"line":4,"column":31},"end":{"line":6,"column":5}},"line":4},"1":{"name":"(anonymous_1)","decl":{"start":{"line":5,"column":31},"end":{"line":5,"column":32}},"loc":{"start":{"line":5,"column":39},"end":{"line":5,"column":56}},"line":5},"2":{"name":"(anonymous_2)","decl":{"start":{"line":8,"column":29},"end":{"line":8,"column":30}},"loc":{"start":{"line":8,"column":44},"end":{"line":13,"column":5}},"line":8},"3":{"name":"(anonymous_3)","decl":{"start":{"line":9,"column":33},"end":{"line":9,"column":34}},"loc":{"start":{"line":9,"column":41},"end":{"line":9,"column":58}},"line":9}},"branchMap":{"0":{"loc":{"start":{"line":10,"column":8},"end":{"line":10,"column":27}},"type":"if","locations":[{"start":{"line":10,"column":8},"end":{"line":10,"column":27}},{"start":{"line":10,"column":8},"end":{"line":10,"column":27}}],"line":10}},"s":{"0":1,"1":2,"2":3,"3":2,"4":3,"5":2,"6":1,"7":1,"8":1,"9":1},"f":{"0":2,"1":3,"2":2,"3":3},"b":{"0":[1,1]},"_coverageSchema":"1a1c01bbd47fc00a2c39e90264f33305004495a9","hash":"538fe3f2e9c072d8ee1446932d49f17d3cc71e6c"}
,"G:\\CMP_SecondYear\\Second_SEM\\SW\\MARIOPLEX\\back\\TEST JEST\\Marioplex-Backend\\mock-classes\\playlist-mock.js": {"path":"G:\\CMP_SecondYear\\Second_SEM\\SW\\MARIOPLEX\\back\\TEST JEST\\Marioplex-Backend\\mock-classes\\playlist-mock.js","statementMap":{"0":{"start":{"line":1,"column":22},"end":{"line":355,"column":1}},"1":{"start":{"line":5,"column":8},"end":{"line":9,"column":9}},"2":{"start":{"line":5,"column":18},"end":{"line":5,"column":19}},"3":{"start":{"line":6,"column":12},"end":{"line":8,"column":13}},"4":{"start":{"line":7,"column":16},"end":{"line":7,"column":41}},"5":{"start":{"line":10,"column":8},"end":{"line":10,"column":17}},"6":{"start":{"line":14,"column":26},"end":{"line":14,"column":28}},"7":{"start":{"line":15,"column":18},"end":{"line":15,"column":69}},"8":{"start":{"line":16,"column":8},"end":{"line":18,"column":9}},"9":{"start":{"line":16,"column":18},"end":{"line":16,"column":19}},"10":{"start":{"line":17,"column":12},"end":{"line":17,"column":48}},"11":{"start":{"line":19,"column":8},"end":{"line":19,"column":75}},"12":{"start":{"line":19,"column":35},"end":{"line":19,"column":73}},"13":{"start":{"line":20,"column":8},"end":{"line":20,"column":27}},"14":{"start":{"line":25,"column":30},"end":{"line":25,"column":49}},"15":{"start":{"line":27,"column":8},"end":{"line":33,"column":9}},"16":{"start":{"line":28,"column":12},"end":{"line":32,"column":13}},"17":{"start":{"line":28,"column":22},"end":{"line":28,"column":23}},"18":{"start":{"line":29,"column":16},"end":{"line":31,"column":17}},"19":{"start":{"line":30,"column":20},"end":{"line":30,"column":44}},"20":{"start":{"line":34,"column":8},"end":{"line":34,"column":17}},"21":{"start":{"line":39,"column":34},"end":{"line":39,"column":53}},"22":{"start":{"line":41,"column":8},"end":{"line":47,"column":9}},"23":{"start":{"line":42,"column":12},"end":{"line":46,"column":13}},"24":{"start":{"line":42,"column":22},"end":{"line":42,"column":23}},"25":{"start":{"line":43,"column":16},"end":{"line":45,"column":17}},"26":{"start":{"line":44,"column":20},"end":{"line":44,"column":48}},"27":{"start":{"line":48,"column":8},"end":{"line":48,"column":17}},"28":{"start":{"line":51,"column":26},"end":{"line":51,"column":54}},"29":{"start":{"line":52,"column":8},"end":{"line":52,"column":31}},"30":{"start":{"line":52,"column":22},"end":{"line":52,"column":31}},"31":{"start":{"line":53,"column":8},"end":{"line":72,"column":9}},"32":{"start":{"line":54,"column":31},"end":{"line":54,"column":33}},"33":{"start":{"line":55,"column":25},"end":{"line":55,"column":27}},"34":{"start":{"line":57,"column":24},"end":{"line":57,"column":29}},"35":{"start":{"line":58,"column":12},"end":{"line":63,"column":13}},"36":{"start":{"line":58,"column":25},"end":{"line":58,"column":26}},"37":{"start":{"line":59,"column":16},"end":{"line":62,"column":17}},"38":{"start":{"line":60,"column":20},"end":{"line":60,"column":33}},"39":{"start":{"line":61,"column":20},"end":{"line":61,"column":33}},"40":{"start":{"line":64,"column":12},"end":{"line":64,"column":68}},"41":{"start":{"line":64,"column":26},"end":{"line":64,"column":66}},"42":{"start":{"line":65,"column":12},"end":{"line":69,"column":13}},"43":{"start":{"line":66,"column":16},"end":{"line":68,"column":17}},"44":{"start":{"line":66,"column":29},"end":{"line":66,"column":30}},"45":{"start":{"line":67,"column":20},"end":{"line":67,"column":74}},"46":{"start":{"line":70,"column":12},"end":{"line":70,"column":229}},"47":{"start":{"line":71,"column":12},"end":{"line":71,"column":32}},"48":{"start":{"line":73,"column":8},"end":{"line":73,"column":17}},"49":{"start":{"line":76,"column":19},"end":{"line":76,"column":64}},"50":{"start":{"line":77,"column":19},"end":{"line":77,"column":40}},"51":{"start":{"line":78,"column":8},"end":{"line":78,"column":18}},"52":{"start":{"line":79,"column":25},"end":{"line":89,"column":9}},"53":{"start":{"line":90,"column":8},"end":{"line":90,"column":38}},"54":{"start":{"line":91,"column":8},"end":{"line":91,"column":24}},"55":{"start":{"line":94,"column":26},"end":{"line":94,"column":54}},"56":{"start":{"line":95,"column":8},"end":{"line":108,"column":24}},"57":{"start":{"line":96,"column":37},"end":{"line":96,"column":82}},"58":{"start":{"line":97,"column":12},"end":{"line":107,"column":13}},"59":{"start":{"line":99,"column":16},"end":{"line":104,"column":17}},"60":{"start":{"line":99,"column":29},"end":{"line":99,"column":30}},"61":{"start":{"line":101,"column":20},"end":{"line":103,"column":21}},"62":{"start":{"line":102,"column":24},"end":{"line":102,"column":57}},"63":{"start":{"line":105,"column":16},"end":{"line":105,"column":63}},"64":{"start":{"line":108,"column":15},"end":{"line":108,"column":24}},"65":{"start":{"line":111,"column":20},"end":{"line":111,"column":48}},"66":{"start":{"line":112,"column":8},"end":{"line":112,"column":33}},"67":{"start":{"line":112,"column":22},"end":{"line":112,"column":31}},"68":{"start":{"line":113,"column":31},"end":{"line":113,"column":79}},"69":{"start":{"line":114,"column":8},"end":{"line":116,"column":9}},"70":{"start":{"line":115,"column":12},"end":{"line":115,"column":21}},"71":{"start":{"line":118,"column":8},"end":{"line":121,"column":29}},"72":{"start":{"line":119,"column":12},"end":{"line":119,"column":30}},"73":{"start":{"line":121,"column":12},"end":{"line":121,"column":29}},"74":{"start":{"line":122,"column":8},"end":{"line":129,"column":9}},"75":{"start":{"line":123,"column":12},"end":{"line":127,"column":15}},"76":{"start":{"line":128,"column":12},"end":{"line":128,"column":21}},"77":{"start":{"line":130,"column":8},"end":{"line":130,"column":33}},"78":{"start":{"line":131,"column":8},"end":{"line":135,"column":11}},"79":{"start":{"line":136,"column":8},"end":{"line":136,"column":17}},"80":{"start":{"line":140,"column":21},"end":{"line":140,"column":49}},"81":{"start":{"line":141,"column":8},"end":{"line":141,"column":33}},"82":{"start":{"line":141,"column":22},"end":{"line":141,"column":31}},"83":{"start":{"line":142,"column":31},"end":{"line":142,"column":79}},"84":{"start":{"line":144,"column":8},"end":{"line":147,"column":9}},"85":{"start":{"line":146,"column":12},"end":{"line":146,"column":21}},"86":{"start":{"line":148,"column":8},"end":{"line":158,"column":9}},"87":{"start":{"line":150,"column":12},"end":{"line":157,"column":13}},"88":{"start":{"line":150,"column":25},"end":{"line":150,"column":26}},"89":{"start":{"line":152,"column":16},"end":{"line":156,"column":17}},"90":{"start":{"line":154,"column":20},"end":{"line":154,"column":53}},"91":{"start":{"line":155,"column":20},"end":{"line":155,"column":29}},"92":{"start":{"line":159,"column":8},"end":{"line":159,"column":17}},"93":{"start":{"line":163,"column":8},"end":{"line":163,"column":58}},"94":{"start":{"line":163,"column":49},"end":{"line":163,"column":58}},"95":{"start":{"line":164,"column":23},"end":{"line":164,"column":51}},"96":{"start":{"line":165,"column":8},"end":{"line":165,"column":32}},"97":{"start":{"line":165,"column":23},"end":{"line":165,"column":32}},"98":{"start":{"line":166,"column":18},"end":{"line":166,"column":42}},"99":{"start":{"line":167,"column":21},"end":{"line":167,"column":23}},"100":{"start":{"line":168,"column":8},"end":{"line":172,"column":9}},"101":{"start":{"line":169,"column":12},"end":{"line":171,"column":13}},"102":{"start":{"line":169,"column":25},"end":{"line":169,"column":26}},"103":{"start":{"line":170,"column":16},"end":{"line":170,"column":69}},"104":{"start":{"line":173,"column":8},"end":{"line":175,"column":9}},"105":{"start":{"line":173,"column":21},"end":{"line":173,"column":22}},"106":{"start":{"line":174,"column":12},"end":{"line":174,"column":38}},"107":{"start":{"line":176,"column":27},"end":{"line":176,"column":50}},"108":{"start":{"line":177,"column":8},"end":{"line":181,"column":11}},"109":{"start":{"line":182,"column":8},"end":{"line":182,"column":24}},"110":{"start":{"line":185,"column":21},"end":{"line":185,"column":23}},"111":{"start":{"line":186,"column":8},"end":{"line":190,"column":11}},"112":{"start":{"line":187,"column":12},"end":{"line":189,"column":13}},"113":{"start":{"line":188,"column":16},"end":{"line":188,"column":33}},"114":{"start":{"line":191,"column":8},"end":{"line":191,"column":35}},"115":{"start":{"line":195,"column":24},"end":{"line":195,"column":52}},"116":{"start":{"line":196,"column":8},"end":{"line":196,"column":32}},"117":{"start":{"line":196,"column":23},"end":{"line":196,"column":32}},"118":{"start":{"line":197,"column":8},"end":{"line":199,"column":9}},"119":{"start":{"line":198,"column":12},"end":{"line":198,"column":39}},"120":{"start":{"line":200,"column":8},"end":{"line":202,"column":9}},"121":{"start":{"line":201,"column":12},"end":{"line":201,"column":53}},"122":{"start":{"line":203,"column":8},"end":{"line":203,"column":24}},"123":{"start":{"line":206,"column":8},"end":{"line":206,"column":28}},"124":{"start":{"line":206,"column":19},"end":{"line":206,"column":28}},"125":{"start":{"line":207,"column":27},"end":{"line":207,"column":29}},"126":{"start":{"line":208,"column":24},"end":{"line":208,"column":26}},"127":{"start":{"line":209,"column":8},"end":{"line":217,"column":9}},"128":{"start":{"line":209,"column":21},"end":{"line":209,"column":22}},"129":{"start":{"line":210,"column":12},"end":{"line":216,"column":13}},"130":{"start":{"line":211,"column":16},"end":{"line":211,"column":69}},"131":{"start":{"line":213,"column":16},"end":{"line":215,"column":17}},"132":{"start":{"line":214,"column":20},"end":{"line":214,"column":73}},"133":{"start":{"line":218,"column":8},"end":{"line":221,"column":9}},"134":{"start":{"line":218,"column":21},"end":{"line":218,"column":22}},"135":{"start":{"line":219,"column":27},"end":{"line":219,"column":60}},"136":{"start":{"line":220,"column":12},"end":{"line":220,"column":37}},"137":{"start":{"line":222,"column":20},"end":{"line":222,"column":21}},"138":{"start":{"line":223,"column":18},"end":{"line":223,"column":34}},"139":{"start":{"line":224,"column":8},"end":{"line":228,"column":9}},"140":{"start":{"line":225,"column":12},"end":{"line":227,"column":13}},"141":{"start":{"line":226,"column":16},"end":{"line":226,"column":31}},"142":{"start":{"line":229,"column":8},"end":{"line":233,"column":9}},"143":{"start":{"line":230,"column":12},"end":{"line":232,"column":13}},"144":{"start":{"line":231,"column":16},"end":{"line":231,"column":36}},"145":{"start":{"line":234,"column":8},"end":{"line":234,"column":36}},"146":{"start":{"line":235,"column":8},"end":{"line":235,"column":25}},"147":{"start":{"line":238,"column":23},"end":{"line":238,"column":51}},"148":{"start":{"line":239,"column":8},"end":{"line":239,"column":36}},"149":{"start":{"line":239,"column":23},"end":{"line":239,"column":36}},"150":{"start":{"line":240,"column":8},"end":{"line":240,"column":57}},"151":{"start":{"line":241,"column":8},"end":{"line":249,"column":9}},"152":{"start":{"line":242,"column":12},"end":{"line":242,"column":38}},"153":{"start":{"line":243,"column":12},"end":{"line":248,"column":13}},"154":{"start":{"line":243,"column":25},"end":{"line":243,"column":26}},"155":{"start":{"line":244,"column":16},"end":{"line":247,"column":17}},"156":{"start":{"line":245,"column":20},"end":{"line":245,"column":60}},"157":{"start":{"line":246,"column":20},"end":{"line":246,"column":32}},"158":{"start":{"line":250,"column":8},"end":{"line":250,"column":20}},"159":{"start":{"line":254,"column":23},"end":{"line":254,"column":51}},"160":{"start":{"line":255,"column":8},"end":{"line":255,"column":36}},"161":{"start":{"line":255,"column":23},"end":{"line":255,"column":36}},"162":{"start":{"line":256,"column":8},"end":{"line":256,"column":53}},"163":{"start":{"line":256,"column":38},"end":{"line":256,"column":51}},"164":{"start":{"line":257,"column":8},"end":{"line":257,"column":47}},"165":{"start":{"line":259,"column":8},"end":{"line":264,"column":9}},"166":{"start":{"line":259,"column":21},"end":{"line":259,"column":22}},"167":{"start":{"line":260,"column":12},"end":{"line":263,"column":13}},"168":{"start":{"line":261,"column":16},"end":{"line":261,"column":85}},"169":{"start":{"line":262,"column":16},"end":{"line":262,"column":28}},"170":{"start":{"line":266,"column":8},"end":{"line":271,"column":9}},"171":{"start":{"line":266,"column":21},"end":{"line":266,"column":22}},"172":{"start":{"line":267,"column":12},"end":{"line":270,"column":13}},"173":{"start":{"line":268,"column":16},"end":{"line":268,"column":85}},"174":{"start":{"line":269,"column":16},"end":{"line":269,"column":28}},"175":{"start":{"line":272,"column":8},"end":{"line":272,"column":21}},"176":{"start":{"line":277,"column":23},"end":{"line":277,"column":51}},"177":{"start":{"line":278,"column":8},"end":{"line":278,"column":32}},"178":{"start":{"line":278,"column":23},"end":{"line":278,"column":32}},"179":{"start":{"line":279,"column":21},"end":{"line":279,"column":23}},"180":{"start":{"line":280,"column":18},"end":{"line":280,"column":42}},"181":{"start":{"line":281,"column":8},"end":{"line":281,"column":35}},"182":{"start":{"line":281,"column":24},"end":{"line":281,"column":33}},"183":{"start":{"line":282,"column":20},"end":{"line":282,"column":25}},"184":{"start":{"line":283,"column":8},"end":{"line":292,"column":9}},"185":{"start":{"line":284,"column":12},"end":{"line":290,"column":13}},"186":{"start":{"line":284,"column":25},"end":{"line":284,"column":26}},"187":{"start":{"line":285,"column":16},"end":{"line":289,"column":17}},"188":{"start":{"line":286,"column":20},"end":{"line":286,"column":32}},"189":{"start":{"line":287,"column":20},"end":{"line":287,"column":33}},"190":{"start":{"line":288,"column":20},"end":{"line":288,"column":26}},"191":{"start":{"line":291,"column":12},"end":{"line":291,"column":37}},"192":{"start":{"line":291,"column":26},"end":{"line":291,"column":35}},"193":{"start":{"line":293,"column":8},"end":{"line":296,"column":9}},"194":{"start":{"line":293,"column":21},"end":{"line":293,"column":22}},"195":{"start":{"line":294,"column":24},"end":{"line":294,"column":63}},"196":{"start":{"line":295,"column":16},"end":{"line":295,"column":35}},"197":{"start":{"line":297,"column":8},"end":{"line":303,"column":9}},"198":{"start":{"line":297,"column":21},"end":{"line":297,"column":22}},"199":{"start":{"line":298,"column":12},"end":{"line":302,"column":13}},"200":{"start":{"line":298,"column":25},"end":{"line":298,"column":26}},"201":{"start":{"line":299,"column":16},"end":{"line":301,"column":17}},"202":{"start":{"line":300,"column":20},"end":{"line":300,"column":40}},"203":{"start":{"line":304,"column":8},"end":{"line":308,"column":11}},"204":{"start":{"line":309,"column":8},"end":{"line":309,"column":24}},"205":{"start":{"line":313,"column":23},"end":{"line":313,"column":51}},"206":{"start":{"line":314,"column":8},"end":{"line":314,"column":32}},"207":{"start":{"line":314,"column":23},"end":{"line":314,"column":32}},"208":{"start":{"line":315,"column":21},"end":{"line":315,"column":23}},"209":{"start":{"line":316,"column":18},"end":{"line":316,"column":42}},"210":{"start":{"line":317,"column":8},"end":{"line":317,"column":35}},"211":{"start":{"line":317,"column":24},"end":{"line":317,"column":33}},"212":{"start":{"line":318,"column":20},"end":{"line":318,"column":25}},"213":{"start":{"line":319,"column":8},"end":{"line":328,"column":9}},"214":{"start":{"line":320,"column":12},"end":{"line":326,"column":13}},"215":{"start":{"line":320,"column":25},"end":{"line":320,"column":26}},"216":{"start":{"line":321,"column":16},"end":{"line":325,"column":17}},"217":{"start":{"line":322,"column":20},"end":{"line":322,"column":32}},"218":{"start":{"line":323,"column":20},"end":{"line":323,"column":33}},"219":{"start":{"line":324,"column":20},"end":{"line":324,"column":26}},"220":{"start":{"line":327,"column":12},"end":{"line":327,"column":37}},"221":{"start":{"line":327,"column":26},"end":{"line":327,"column":35}},"222":{"start":{"line":329,"column":8},"end":{"line":331,"column":9}},"223":{"start":{"line":329,"column":21},"end":{"line":329,"column":22}},"224":{"start":{"line":330,"column":16},"end":{"line":330,"column":69}},"225":{"start":{"line":332,"column":28},"end":{"line":332,"column":30}},"226":{"start":{"line":333,"column":8},"end":{"line":333,"column":16}},"227":{"start":{"line":334,"column":22},"end":{"line":334,"column":111}},"228":{"start":{"line":336,"column":23},"end":{"line":336,"column":76}},"229":{"start":{"line":337,"column":8},"end":{"line":337,"column":79}},"230":{"start":{"line":338,"column":8},"end":{"line":338,"column":17}},"231":{"start":{"line":339,"column":8},"end":{"line":339,"column":90}},"232":{"start":{"line":340,"column":8},"end":{"line":342,"column":9}},"233":{"start":{"line":340,"column":21},"end":{"line":340,"column":28}},"234":{"start":{"line":341,"column":12},"end":{"line":341,"column":42}},"235":{"start":{"line":343,"column":8},"end":{"line":343,"column":55}},"236":{"start":{"line":344,"column":8},"end":{"line":345,"column":46}},"237":{"start":{"line":344,"column":25},"end":{"line":344,"column":68}},"238":{"start":{"line":345,"column":13},"end":{"line":345,"column":46}},"239":{"start":{"line":346,"column":8},"end":{"line":350,"column":11}},"240":{"start":{"line":351,"column":8},"end":{"line":351,"column":24}},"241":{"start":{"line":356,"column":0},"end":{"line":356,"column":28}}},"fnMap":{"0":{"name":"(anonymous_0)","decl":{"start":{"line":4,"column":18},"end":{"line":4,"column":19}},"loc":{"start":{"line":4,"column":38},"end":{"line":11,"column":5}},"line":4},"1":{"name":"(anonymous_1)","decl":{"start":{"line":13,"column":25},"end":{"line":13,"column":26}},"loc":{"start":{"line":13,"column":35},"end":{"line":21,"column":5}},"line":13},"2":{"name":"(anonymous_2)","decl":{"start":{"line":19,"column":25},"end":{"line":19,"column":26}},"loc":{"start":{"line":19,"column":35},"end":{"line":19,"column":73}},"line":19},"3":{"name":"(anonymous_3)","decl":{"start":{"line":23,"column":28},"end":{"line":23,"column":29}},"loc":{"start":{"line":23,"column":55},"end":{"line":35,"column":5}},"line":23},"4":{"name":"(anonymous_4)","decl":{"start":{"line":37,"column":31},"end":{"line":37,"column":32}},"loc":{"start":{"line":37,"column":58},"end":{"line":49,"column":5}},"line":37},"5":{"name":"(anonymous_5)","decl":{"start":{"line":50,"column":27},"end":{"line":50,"column":28}},"loc":{"start":{"line":50,"column":66},"end":{"line":74,"column":5}},"line":50},"6":{"name":"(anonymous_6)","decl":{"start":{"line":75,"column":20},"end":{"line":75,"column":21}},"loc":{"start":{"line":75,"column":54},"end":{"line":92,"column":5}},"line":75},"7":{"name":"(anonymous_7)","decl":{"start":{"line":93,"column":20},"end":{"line":93,"column":21}},"loc":{"start":{"line":93,"column":47},"end":{"line":109,"column":5}},"line":93},"8":{"name":"(anonymous_8)","decl":{"start":{"line":110,"column":20},"end":{"line":110,"column":21}},"loc":{"start":{"line":110,"column":58},"end":{"line":137,"column":5}},"line":110},"9":{"name":"(anonymous_9)","decl":{"start":{"line":139,"column":22},"end":{"line":139,"column":23}},"loc":{"start":{"line":139,"column":49},"end":{"line":160,"column":5}},"line":139},"10":{"name":"(anonymous_10)","decl":{"start":{"line":161,"column":24},"end":{"line":161,"column":25}},"loc":{"start":{"line":161,"column":56},"end":{"line":183,"column":5}},"line":161},"11":{"name":"(anonymous_11)","decl":{"start":{"line":184,"column":17},"end":{"line":184,"column":18}},"loc":{"start":{"line":184,"column":34},"end":{"line":192,"column":5}},"line":184},"12":{"name":"(anonymous_12)","decl":{"start":{"line":186,"column":23},"end":{"line":186,"column":24}},"loc":{"start":{"line":186,"column":35},"end":{"line":190,"column":9}},"line":186},"13":{"name":"(anonymous_13)","decl":{"start":{"line":193,"column":28},"end":{"line":193,"column":29}},"loc":{"start":{"line":193,"column":58},"end":{"line":204,"column":5}},"line":193},"14":{"name":"(anonymous_14)","decl":{"start":{"line":205,"column":23},"end":{"line":205,"column":24}},"loc":{"start":{"line":205,"column":61},"end":{"line":236,"column":5}},"line":205},"15":{"name":"(anonymous_15)","decl":{"start":{"line":237,"column":26},"end":{"line":237,"column":27}},"loc":{"start":{"line":237,"column":53},"end":{"line":252,"column":5}},"line":237},"16":{"name":"(anonymous_16)","decl":{"start":{"line":253,"column":19},"end":{"line":253,"column":20}},"loc":{"start":{"line":253,"column":46},"end":{"line":274,"column":5}},"line":253},"17":{"name":"(anonymous_17)","decl":{"start":{"line":276,"column":26},"end":{"line":276,"column":27}},"loc":{"start":{"line":276,"column":70},"end":{"line":311,"column":5}},"line":276},"18":{"name":"(anonymous_18)","decl":{"start":{"line":312,"column":27},"end":{"line":312,"column":28}},"loc":{"start":{"line":312,"column":83},"end":{"line":353,"column":5}},"line":312}},"branchMap":{"0":{"loc":{"start":{"line":6,"column":12},"end":{"line":8,"column":13}},"type":"if","locations":[{"start":{"line":6,"column":12},"end":{"line":8,"column":13}},{"start":{"line":6,"column":12},"end":{"line":8,"column":13}}],"line":6},"1":{"loc":{"start":{"line":15,"column":18},"end":{"line":15,"column":69}},"type":"cond-expr","locations":[{"start":{"line":15,"column":45},"end":{"line":15,"column":47}},{"start":{"line":15,"column":48},"end":{"line":15,"column":69}}],"line":15},"2":{"loc":{"start":{"line":19,"column":35},"end":{"line":19,"column":73}},"type":"cond-expr","locations":[{"start":{"line":19,"column":67},"end":{"line":19,"column":69}},{"start":{"line":19,"column":72},"end":{"line":19,"column":73}}],"line":19},"3":{"loc":{"start":{"line":27,"column":8},"end":{"line":33,"column":9}},"type":"if","locations":[{"start":{"line":27,"column":8},"end":{"line":33,"column":9}},{"start":{"line":27,"column":8},"end":{"line":33,"column":9}}],"line":27},"4":{"loc":{"start":{"line":29,"column":16},"end":{"line":31,"column":17}},"type":"if","locations":[{"start":{"line":29,"column":16},"end":{"line":31,"column":17}},{"start":{"line":29,"column":16},"end":{"line":31,"column":17}}],"line":29},"5":{"loc":{"start":{"line":41,"column":8},"end":{"line":47,"column":9}},"type":"if","locations":[{"start":{"line":41,"column":8},"end":{"line":47,"column":9}},{"start":{"line":41,"column":8},"end":{"line":47,"column":9}}],"line":41},"6":{"loc":{"start":{"line":43,"column":16},"end":{"line":45,"column":17}},"type":"if","locations":[{"start":{"line":43,"column":16},"end":{"line":45,"column":17}},{"start":{"line":43,"column":16},"end":{"line":45,"column":17}}],"line":43},"7":{"loc":{"start":{"line":52,"column":8},"end":{"line":52,"column":31}},"type":"if","locations":[{"start":{"line":52,"column":8},"end":{"line":52,"column":31}},{"start":{"line":52,"column":8},"end":{"line":52,"column":31}}],"line":52},"8":{"loc":{"start":{"line":53,"column":8},"end":{"line":72,"column":9}},"type":"if","locations":[{"start":{"line":53,"column":8},"end":{"line":72,"column":9}},{"start":{"line":53,"column":8},"end":{"line":72,"column":9}}],"line":53},"9":{"loc":{"start":{"line":53,"column":12},"end":{"line":53,"column":130}},"type":"binary-expr","locations":[{"start":{"line":53,"column":12},"end":{"line":53,"column":29}},{"start":{"line":53,"column":33},"end":{"line":53,"column":78}},{"start":{"line":53,"column":82},"end":{"line":53,"column":130}}],"line":53},"10":{"loc":{"start":{"line":59,"column":16},"end":{"line":62,"column":17}},"type":"if","locations":[{"start":{"line":59,"column":16},"end":{"line":62,"column":17}},{"start":{"line":59,"column":16},"end":{"line":62,"column":17}}],"line":59},"11":{"loc":{"start":{"line":64,"column":12},"end":{"line":64,"column":68}},"type":"if","locations":[{"start":{"line":64,"column":12},"end":{"line":64,"column":68}},{"start":{"line":64,"column":12},"end":{"line":64,"column":68}}],"line":64},"12":{"loc":{"start":{"line":65,"column":12},"end":{"line":69,"column":13}},"type":"if","locations":[{"start":{"line":65,"column":12},"end":{"line":69,"column":13}},{"start":{"line":65,"column":12},"end":{"line":69,"column":13}}],"line":65},"13":{"loc":{"start":{"line":76,"column":19},"end":{"line":76,"column":64}},"type":"cond-expr","locations":[{"start":{"line":76,"column":48},"end":{"line":76,"column":50}},{"start":{"line":76,"column":53},"end":{"line":76,"column":64}}],"line":76},"14":{"loc":{"start":{"line":95,"column":8},"end":{"line":108,"column":24}},"type":"if","locations":[{"start":{"line":95,"column":8},"end":{"line":108,"column":24}},{"start":{"line":95,"column":8},"end":{"line":108,"column":24}}],"line":95},"15":{"loc":{"start":{"line":97,"column":12},"end":{"line":107,"column":13}},"type":"if","locations":[{"start":{"line":97,"column":12},"end":{"line":107,"column":13}},{"start":{"line":97,"column":12},"end":{"line":107,"column":13}}],"line":97},"16":{"loc":{"start":{"line":101,"column":20},"end":{"line":103,"column":21}},"type":"if","locations":[{"start":{"line":101,"column":20},"end":{"line":103,"column":21}},{"start":{"line":101,"column":20},"end":{"line":103,"column":21}}],"line":101},"17":{"loc":{"start":{"line":112,"column":8},"end":{"line":112,"column":33}},"type":"if","locations":[{"start":{"line":112,"column":8},"end":{"line":112,"column":33}},{"start":{"line":112,"column":8},"end":{"line":112,"column":33}}],"line":112},"18":{"loc":{"start":{"line":114,"column":8},"end":{"line":116,"column":9}},"type":"if","locations":[{"start":{"line":114,"column":8},"end":{"line":116,"column":9}},{"start":{"line":114,"column":8},"end":{"line":116,"column":9}}],"line":114},"19":{"loc":{"start":{"line":118,"column":8},"end":{"line":121,"column":29}},"type":"if","locations":[{"start":{"line":118,"column":8},"end":{"line":121,"column":29}},{"start":{"line":118,"column":8},"end":{"line":121,"column":29}}],"line":118},"20":{"loc":{"start":{"line":118,"column":12},"end":{"line":118,"column":46}},"type":"binary-expr","locations":[{"start":{"line":118,"column":12},"end":{"line":118,"column":22}},{"start":{"line":118,"column":26},"end":{"line":118,"column":46}}],"line":118},"21":{"loc":{"start":{"line":122,"column":8},"end":{"line":129,"column":9}},"type":"if","locations":[{"start":{"line":122,"column":8},"end":{"line":129,"column":9}},{"start":{"line":122,"column":8},"end":{"line":129,"column":9}}],"line":122},"22":{"loc":{"start":{"line":141,"column":8},"end":{"line":141,"column":33}},"type":"if","locations":[{"start":{"line":141,"column":8},"end":{"line":141,"column":33}},{"start":{"line":141,"column":8},"end":{"line":141,"column":33}}],"line":141},"23":{"loc":{"start":{"line":144,"column":8},"end":{"line":147,"column":9}},"type":"if","locations":[{"start":{"line":144,"column":8},"end":{"line":147,"column":9}},{"start":{"line":144,"column":8},"end":{"line":147,"column":9}}],"line":144},"24":{"loc":{"start":{"line":148,"column":8},"end":{"line":158,"column":9}},"type":"if","locations":[{"start":{"line":148,"column":8},"end":{"line":158,"column":9}},{"start":{"line":148,"column":8},"end":{"line":158,"column":9}}],"line":148},"25":{"loc":{"start":{"line":152,"column":16},"end":{"line":156,"column":17}},"type":"if","locations":[{"start":{"line":152,"column":16},"end":{"line":156,"column":17}},{"start":{"line":152,"column":16},"end":{"line":156,"column":17}}],"line":152},"26":{"loc":{"start":{"line":163,"column":8},"end":{"line":163,"column":58}},"type":"if","locations":[{"start":{"line":163,"column":8},"end":{"line":163,"column":58}},{"start":{"line":163,"column":8},"end":{"line":163,"column":58}}],"line":163},"27":{"loc":{"start":{"line":163,"column":12},"end":{"line":163,"column":47}},"type":"binary-expr","locations":[{"start":{"line":163,"column":12},"end":{"line":163,"column":22}},{"start":{"line":163,"column":26},"end":{"line":163,"column":47}}],"line":163},"28":{"loc":{"start":{"line":165,"column":8},"end":{"line":165,"column":32}},"type":"if","locations":[{"start":{"line":165,"column":8},"end":{"line":165,"column":32}},{"start":{"line":165,"column":8},"end":{"line":165,"column":32}}],"line":165},"29":{"loc":{"start":{"line":168,"column":8},"end":{"line":172,"column":9}},"type":"if","locations":[{"start":{"line":168,"column":8},"end":{"line":172,"column":9}},{"start":{"line":168,"column":8},"end":{"line":172,"column":9}}],"line":168},"30":{"loc":{"start":{"line":187,"column":12},"end":{"line":189,"column":13}},"type":"if","locations":[{"start":{"line":187,"column":12},"end":{"line":189,"column":13}},{"start":{"line":187,"column":12},"end":{"line":189,"column":13}}],"line":187},"31":{"loc":{"start":{"line":196,"column":8},"end":{"line":196,"column":32}},"type":"if","locations":[{"start":{"line":196,"column":8},"end":{"line":196,"column":32}},{"start":{"line":196,"column":8},"end":{"line":196,"column":32}}],"line":196},"32":{"loc":{"start":{"line":197,"column":8},"end":{"line":199,"column":9}},"type":"if","locations":[{"start":{"line":197,"column":8},"end":{"line":199,"column":9}},{"start":{"line":197,"column":8},"end":{"line":199,"column":9}}],"line":197},"33":{"loc":{"start":{"line":200,"column":8},"end":{"line":202,"column":9}},"type":"if","locations":[{"start":{"line":200,"column":8},"end":{"line":202,"column":9}},{"start":{"line":200,"column":8},"end":{"line":202,"column":9}}],"line":200},"34":{"loc":{"start":{"line":206,"column":8},"end":{"line":206,"column":28}},"type":"if","locations":[{"start":{"line":206,"column":8},"end":{"line":206,"column":28}},{"start":{"line":206,"column":8},"end":{"line":206,"column":28}}],"line":206},"35":{"loc":{"start":{"line":210,"column":12},"end":{"line":216,"column":13}},"type":"if","locations":[{"start":{"line":210,"column":12},"end":{"line":216,"column":13}},{"start":{"line":210,"column":12},"end":{"line":216,"column":13}}],"line":210},"36":{"loc":{"start":{"line":213,"column":16},"end":{"line":215,"column":17}},"type":"if","locations":[{"start":{"line":213,"column":16},"end":{"line":215,"column":17}},{"start":{"line":213,"column":16},"end":{"line":215,"column":17}}],"line":213},"37":{"loc":{"start":{"line":224,"column":8},"end":{"line":228,"column":9}},"type":"if","locations":[{"start":{"line":224,"column":8},"end":{"line":228,"column":9}},{"start":{"line":224,"column":8},"end":{"line":228,"column":9}}],"line":224},"38":{"loc":{"start":{"line":225,"column":12},"end":{"line":227,"column":13}},"type":"if","locations":[{"start":{"line":225,"column":12},"end":{"line":227,"column":13}},{"start":{"line":225,"column":12},"end":{"line":227,"column":13}}],"line":225},"39":{"loc":{"start":{"line":225,"column":16},"end":{"line":225,"column":57}},"type":"binary-expr","locations":[{"start":{"line":225,"column":16},"end":{"line":225,"column":27}},{"start":{"line":225,"column":31},"end":{"line":225,"column":57}}],"line":225},"40":{"loc":{"start":{"line":229,"column":8},"end":{"line":233,"column":9}},"type":"if","locations":[{"start":{"line":229,"column":8},"end":{"line":233,"column":9}},{"start":{"line":229,"column":8},"end":{"line":233,"column":9}}],"line":229},"41":{"loc":{"start":{"line":230,"column":12},"end":{"line":232,"column":13}},"type":"if","locations":[{"start":{"line":230,"column":12},"end":{"line":232,"column":13}},{"start":{"line":230,"column":12},"end":{"line":232,"column":13}}],"line":230},"42":{"loc":{"start":{"line":230,"column":16},"end":{"line":230,"column":74}},"type":"binary-expr","locations":[{"start":{"line":230,"column":16},"end":{"line":230,"column":35}},{"start":{"line":230,"column":39},"end":{"line":230,"column":74}}],"line":230},"43":{"loc":{"start":{"line":239,"column":8},"end":{"line":239,"column":36}},"type":"if","locations":[{"start":{"line":239,"column":8},"end":{"line":239,"column":36}},{"start":{"line":239,"column":8},"end":{"line":239,"column":36}}],"line":239},"44":{"loc":{"start":{"line":241,"column":8},"end":{"line":249,"column":9}},"type":"if","locations":[{"start":{"line":241,"column":8},"end":{"line":249,"column":9}},{"start":{"line":241,"column":8},"end":{"line":249,"column":9}}],"line":241},"45":{"loc":{"start":{"line":244,"column":16},"end":{"line":247,"column":17}},"type":"if","locations":[{"start":{"line":244,"column":16},"end":{"line":247,"column":17}},{"start":{"line":244,"column":16},"end":{"line":247,"column":17}}],"line":244},"46":{"loc":{"start":{"line":255,"column":8},"end":{"line":255,"column":36}},"type":"if","locations":[{"start":{"line":255,"column":8},"end":{"line":255,"column":36}},{"start":{"line":255,"column":8},"end":{"line":255,"column":36}}],"line":255},"47":{"loc":{"start":{"line":256,"column":8},"end":{"line":256,"column":53}},"type":"if","locations":[{"start":{"line":256,"column":8},"end":{"line":256,"column":53}},{"start":{"line":256,"column":8},"end":{"line":256,"column":53}}],"line":256},"48":{"loc":{"start":{"line":260,"column":12},"end":{"line":263,"column":13}},"type":"if","locations":[{"start":{"line":260,"column":12},"end":{"line":263,"column":13}},{"start":{"line":260,"column":12},"end":{"line":263,"column":13}}],"line":260},"49":{"loc":{"start":{"line":267,"column":12},"end":{"line":270,"column":13}},"type":"if","locations":[{"start":{"line":267,"column":12},"end":{"line":270,"column":13}},{"start":{"line":267,"column":12},"end":{"line":270,"column":13}}],"line":267},"50":{"loc":{"start":{"line":278,"column":8},"end":{"line":278,"column":32}},"type":"if","locations":[{"start":{"line":278,"column":8},"end":{"line":278,"column":32}},{"start":{"line":278,"column":8},"end":{"line":278,"column":32}}],"line":278},"51":{"loc":{"start":{"line":281,"column":8},"end":{"line":281,"column":35}},"type":"if","locations":[{"start":{"line":281,"column":8},"end":{"line":281,"column":35}},{"start":{"line":281,"column":8},"end":{"line":281,"column":35}}],"line":281},"52":{"loc":{"start":{"line":283,"column":8},"end":{"line":292,"column":9}},"type":"if","locations":[{"start":{"line":283,"column":8},"end":{"line":292,"column":9}},{"start":{"line":283,"column":8},"end":{"line":292,"column":9}}],"line":283},"53":{"loc":{"start":{"line":285,"column":16},"end":{"line":289,"column":17}},"type":"if","locations":[{"start":{"line":285,"column":16},"end":{"line":289,"column":17}},{"start":{"line":285,"column":16},"end":{"line":289,"column":17}}],"line":285},"54":{"loc":{"start":{"line":291,"column":12},"end":{"line":291,"column":37}},"type":"if","locations":[{"start":{"line":291,"column":12},"end":{"line":291,"column":37}},{"start":{"line":291,"column":12},"end":{"line":291,"column":37}}],"line":291},"55":{"loc":{"start":{"line":299,"column":16},"end":{"line":301,"column":17}},"type":"if","locations":[{"start":{"line":299,"column":16},"end":{"line":301,"column":17}},{"start":{"line":299,"column":16},"end":{"line":301,"column":17}}],"line":299},"56":{"loc":{"start":{"line":314,"column":8},"end":{"line":314,"column":32}},"type":"if","locations":[{"start":{"line":314,"column":8},"end":{"line":314,"column":32}},{"start":{"line":314,"column":8},"end":{"line":314,"column":32}}],"line":314},"57":{"loc":{"start":{"line":317,"column":8},"end":{"line":317,"column":35}},"type":"if","locations":[{"start":{"line":317,"column":8},"end":{"line":317,"column":35}},{"start":{"line":317,"column":8},"end":{"line":317,"column":35}}],"line":317},"58":{"loc":{"start":{"line":319,"column":8},"end":{"line":328,"column":9}},"type":"if","locations":[{"start":{"line":319,"column":8},"end":{"line":328,"column":9}},{"start":{"line":319,"column":8},"end":{"line":328,"column":9}}],"line":319},"59":{"loc":{"start":{"line":321,"column":16},"end":{"line":325,"column":17}},"type":"if","locations":[{"start":{"line":321,"column":16},"end":{"line":325,"column":17}},{"start":{"line":321,"column":16},"end":{"line":325,"column":17}}],"line":321},"60":{"loc":{"start":{"line":327,"column":12},"end":{"line":327,"column":37}},"type":"if","locations":[{"start":{"line":327,"column":12},"end":{"line":327,"column":37}},{"start":{"line":327,"column":12},"end":{"line":327,"column":37}}],"line":327},"61":{"loc":{"start":{"line":334,"column":22},"end":{"line":334,"column":111}},"type":"cond-expr","locations":[{"start":{"line":334,"column":42},"end":{"line":334,"column":43}},{"start":{"line":334,"column":46},"end":{"line":334,"column":111}}],"line":334},"62":{"loc":{"start":{"line":334,"column":46},"end":{"line":334,"column":111}},"type":"cond-expr","locations":[{"start":{"line":334,"column":78},"end":{"line":334,"column":95}},{"start":{"line":334,"column":98},"end":{"line":334,"column":111}}],"line":334},"63":{"loc":{"start":{"line":336,"column":23},"end":{"line":336,"column":76}},"type":"cond-expr","locations":[{"start":{"line":336,"column":35},"end":{"line":336,"column":51}},{"start":{"line":336,"column":55},"end":{"line":336,"column":75}}],"line":336},"64":{"loc":{"start":{"line":337,"column":19},"end":{"line":337,"column":78}},"type":"cond-expr","locations":[{"start":{"line":337,"column":50},"end":{"line":337,"column":67}},{"start":{"line":337,"column":70},"end":{"line":337,"column":78}}],"line":337},"65":{"loc":{"start":{"line":339,"column":17},"end":{"line":339,"column":89}},"type":"cond-expr","locations":[{"start":{"line":339,"column":30},"end":{"line":339,"column":31}},{"start":{"line":339,"column":34},"end":{"line":339,"column":89}}],"line":339},"66":{"loc":{"start":{"line":339,"column":34},"end":{"line":339,"column":89}},"type":"cond-expr","locations":[{"start":{"line":339,"column":63},"end":{"line":339,"column":80}},{"start":{"line":339,"column":83},"end":{"line":339,"column":89}}],"line":339},"67":{"loc":{"start":{"line":344,"column":8},"end":{"line":345,"column":46}},"type":"if","locations":[{"start":{"line":344,"column":8},"end":{"line":345,"column":46}},{"start":{"line":344,"column":8},"end":{"line":345,"column":46}}],"line":344}},"s":{"0":1,"1":18,"2":18,"3":30,"4":16,"5":2,"6":1,"7":1,"8":1,"9":1,"10":3,"11":1,"12":3,"13":1,"14":3,"15":3,"16":3,"17":3,"18":3,"19":2,"20":1,"21":7,"22":7,"23":7,"24":7,"25":14,"26":4,"27":3,"28":2,"29":2,"30":1,"31":1,"32":1,"33":1,"34":1,"35":1,"36":1,"37":1,"38":0,"39":0,"40":1,"41":1,"42":1,"43":1,"44":1,"45":4,"46":1,"47":1,"48":0,"49":1,"50":1,"51":1,"52":1,"53":1,"54":1,"55":1,"56":1,"57":1,"58":1,"59":1,"60":1,"61":1,"62":1,"63":1,"64":0,"65":2,"66":2,"67":0,"68":2,"69":2,"70":1,"71":1,"72":1,"73":0,"74":1,"75":1,"76":1,"77":0,"78":0,"79":0,"80":3,"81":3,"82":0,"83":3,"84":3,"85":1,"86":2,"87":2,"88":2,"89":4,"90":2,"91":2,"92":0,"93":1,"94":0,"95":1,"96":1,"97":0,"98":1,"99":1,"100":1,"101":1,"102":1,"103":4,"104":1,"105":1,"106":3,"107":1,"108":1,"109":1,"110":1,"111":1,"112":7,"113":6,"114":1,"115":1,"116":1,"117":0,"118":1,"119":1,"120":1,"121":0,"122":1,"123":1,"124":0,"125":1,"126":1,"127":1,"128":1,"129":2,"130":2,"131":0,"132":0,"133":1,"134":1,"135":2,"136":2,"137":1,"138":1,"139":1,"140":0,"141":0,"142":1,"143":0,"144":0,"145":1,"146":1,"147":1,"148":1,"149":0,"150":1,"151":1,"152":1,"153":1,"154":1,"155":1,"156":1,"157":1,"158":0,"159":1,"160":1,"161":0,"162":1,"163":1,"164":0,"165":0,"166":0,"167":0,"168":0,"169":0,"170":0,"171":0,"172":0,"173":0,"174":0,"175":0,"176":1,"177":1,"178":0,"179":1,"180":1,"181":1,"182":0,"183":1,"184":1,"185":0,"186":0,"187":0,"188":0,"189":0,"190":0,"191":0,"192":0,"193":1,"194":1,"195":6,"196":6,"197":1,"198":1,"199":2,"200":2,"201":10,"202":2,"203":1,"204":1,"205":1,"206":1,"207":0,"208":1,"209":1,"210":1,"211":0,"212":1,"213":1,"214":0,"215":0,"216":0,"217":0,"218":0,"219":0,"220":0,"221":0,"222":1,"223":1,"224":4,"225":1,"226":1,"227":1,"228":1,"229":1,"230":1,"231":1,"232":1,"233":1,"234":2,"235":1,"236":1,"237":0,"238":1,"239":1,"240":1,"241":1},"f":{"0":18,"1":1,"2":3,"3":3,"4":7,"5":2,"6":1,"7":1,"8":2,"9":3,"10":1,"11":1,"12":7,"13":1,"14":1,"15":1,"16":1,"17":1,"18":1},"b":{"0":[16,14],"1":[0,1],"2":[0,3],"3":[3,0],"4":[2,1],"5":[7,0],"6":[4,10],"7":[1,1],"8":[1,0],"9":[1,0,0],"10":[0,1],"11":[1,0],"12":[1,0],"13":[0,1],"14":[1,0],"15":[1,0],"16":[1,0],"17":[0,2],"18":[1,1],"19":[1,0],"20":[1,0],"21":[1,0],"22":[0,3],"23":[1,2],"24":[2,0],"25":[2,2],"26":[0,1],"27":[1,1],"28":[0,1],"29":[1,0],"30":[6,1],"31":[0,1],"32":[1,0],"33":[0,1],"34":[0,1],"35":[2,0],"36":[0,0],"37":[0,1],"38":[0,0],"39":[0,0],"40":[0,1],"41":[0,0],"42":[0,0],"43":[0,1],"44":[1,0],"45":[1,0],"46":[0,1],"47":[1,0],"48":[0,0],"49":[0,0],"50":[0,1],"51":[0,1],"52":[0,1],"53":[0,0],"54":[0,0],"55":[2,8],"56":[0,1],"57":[0,1],"58":[0,1],"59":[0,0],"60":[0,0],"61":[0,1],"62":[0,1],"63":[0,1],"64":[0,1],"65":[0,1],"66":[0,1],"67":[0,1]},"_coverageSchema":"1a1c01bbd47fc00a2c39e90264f33305004495a9","hash":"1c5c71a59cc256acb49a98c0b45943b1f90b7d97"}
}
