{"F:\\softwareEng\\Marioplex-Backend\\mock-classes\\album-mock.js": {"path":"F:\\softwareEng\\Marioplex-Backend\\mock-classes\\album-mock.js","statementMap":{"0":{"start":{"line":1,"column":19},"end":{"line":208,"column":1}},"1":{"start":{"line":8,"column":8},"end":{"line":8,"column":61}},"2":{"start":{"line":8,"column":41},"end":{"line":8,"column":59}},"3":{"start":{"line":11,"column":8},"end":{"line":11,"column":65}},"4":{"start":{"line":11,"column":43},"end":{"line":11,"column":63}},"5":{"start":{"line":14,"column":8},"end":{"line":14,"column":61}},"6":{"start":{"line":14,"column":41},"end":{"line":14,"column":59}},"7":{"start":{"line":17,"column":8},"end":{"line":17,"column":56}},"8":{"start":{"line":17,"column":38},"end":{"line":17,"column":54}},"9":{"start":{"line":25,"column":21},"end":{"line":25,"column":47}},"10":{"start":{"line":26,"column":24},"end":{"line":26,"column":26}},"11":{"start":{"line":27,"column":20},"end":{"line":27,"column":45}},"12":{"start":{"line":28,"column":8},"end":{"line":36,"column":9}},"13":{"start":{"line":29,"column":26},"end":{"line":29,"column":66}},"14":{"start":{"line":30,"column":12},"end":{"line":34,"column":13}},"15":{"start":{"line":31,"column":16},"end":{"line":31,"column":44}},"16":{"start":{"line":33,"column":16},"end":{"line":33,"column":45}},"17":{"start":{"line":37,"column":8},"end":{"line":55,"column":9}},"18":{"start":{"line":38,"column":25},"end":{"line":38,"column":55}},"19":{"start":{"line":39,"column":24},"end":{"line":39,"column":52}},"20":{"start":{"line":40,"column":12},"end":{"line":40,"column":41}},"21":{"start":{"line":41,"column":12},"end":{"line":41,"column":43}},"22":{"start":{"line":42,"column":12},"end":{"line":42,"column":47}},"23":{"start":{"line":43,"column":12},"end":{"line":46,"column":13}},"24":{"start":{"line":44,"column":16},"end":{"line":44,"column":51}},"25":{"start":{"line":45,"column":16},"end":{"line":45,"column":54}},"26":{"start":{"line":47,"column":12},"end":{"line":51,"column":13}},"27":{"start":{"line":48,"column":16},"end":{"line":48,"column":43}},"28":{"start":{"line":50,"column":16},"end":{"line":50,"column":39}},"29":{"start":{"line":52,"column":12},"end":{"line":52,"column":29}},"30":{"start":{"line":54,"column":12},"end":{"line":54,"column":21}},"31":{"start":{"line":62,"column":8},"end":{"line":64,"column":9}},"32":{"start":{"line":62,"column":21},"end":{"line":62,"column":22}},"33":{"start":{"line":63,"column":12},"end":{"line":63,"column":64}},"34":{"start":{"line":63,"column":55},"end":{"line":63,"column":64}},"35":{"start":{"line":65,"column":8},"end":{"line":65,"column":25}},"36":{"start":{"line":73,"column":20},"end":{"line":73,"column":22}},"37":{"start":{"line":74,"column":8},"end":{"line":74,"column":44}},"38":{"start":{"line":74,"column":35},"end":{"line":74,"column":44}},"39":{"start":{"line":75,"column":8},"end":{"line":80,"column":9}},"40":{"start":{"line":75,"column":21},"end":{"line":75,"column":22}},"41":{"start":{"line":76,"column":24},"end":{"line":76,"column":54}},"42":{"start":{"line":77,"column":12},"end":{"line":79,"column":13}},"43":{"start":{"line":78,"column":16},"end":{"line":78,"column":33}},"44":{"start":{"line":81,"column":8},"end":{"line":92,"column":9}},"45":{"start":{"line":82,"column":12},"end":{"line":82,"column":32}},"46":{"start":{"line":83,"column":12},"end":{"line":88,"column":13}},"47":{"start":{"line":83,"column":25},"end":{"line":83,"column":26}},"48":{"start":{"line":84,"column":30},"end":{"line":84,"column":63}},"49":{"start":{"line":85,"column":16},"end":{"line":87,"column":17}},"50":{"start":{"line":86,"column":20},"end":{"line":86,"column":78}},"51":{"start":{"line":89,"column":12},"end":{"line":89,"column":35}},"52":{"start":{"line":91,"column":12},"end":{"line":91,"column":21}},"53":{"start":{"line":99,"column":23},"end":{"line":99,"column":25}},"54":{"start":{"line":100,"column":22},"end":{"line":100,"column":48}},"55":{"start":{"line":101,"column":8},"end":{"line":115,"column":9}},"56":{"start":{"line":102,"column":12},"end":{"line":102,"column":21}},"57":{"start":{"line":105,"column":12},"end":{"line":114,"column":13}},"58":{"start":{"line":106,"column":28},"end":{"line":106,"column":69}},"59":{"start":{"line":107,"column":16},"end":{"line":113,"column":17}},"60":{"start":{"line":108,"column":32},"end":{"line":108,"column":34}},"61":{"start":{"line":109,"column":20},"end":{"line":109,"column":45}},"62":{"start":{"line":110,"column":20},"end":{"line":110,"column":47}},"63":{"start":{"line":111,"column":20},"end":{"line":111,"column":51}},"64":{"start":{"line":112,"column":20},"end":{"line":112,"column":39}},"65":{"start":{"line":116,"column":8},"end":{"line":118,"column":9}},"66":{"start":{"line":117,"column":12},"end":{"line":117,"column":21}},"67":{"start":{"line":119,"column":8},"end":{"line":119,"column":22}},"68":{"start":{"line":125,"column":22},"end":{"line":125,"column":48}},"69":{"start":{"line":126,"column":8},"end":{"line":132,"column":9}},"70":{"start":{"line":127,"column":12},"end":{"line":129,"column":15}},"71":{"start":{"line":130,"column":12},"end":{"line":130,"column":21}},"72":{"start":{"line":133,"column":8},"end":{"line":133,"column":17}},"73":{"start":{"line":137,"column":32},"end":{"line":137,"column":46}},"74":{"start":{"line":138,"column":8},"end":{"line":140,"column":9}},"75":{"start":{"line":139,"column":12},"end":{"line":139,"column":75}},"76":{"start":{"line":139,"column":49},"end":{"line":139,"column":73}},"77":{"start":{"line":141,"column":8},"end":{"line":141,"column":17}},"78":{"start":{"line":149,"column":8},"end":{"line":149,"column":43}},"79":{"start":{"line":149,"column":34},"end":{"line":149,"column":43}},"80":{"start":{"line":150,"column":21},"end":{"line":150,"column":23}},"81":{"start":{"line":151,"column":8},"end":{"line":156,"column":9}},"82":{"start":{"line":151,"column":21},"end":{"line":151,"column":22}},"83":{"start":{"line":152,"column":24},"end":{"line":152,"column":53}},"84":{"start":{"line":153,"column":12},"end":{"line":155,"column":13}},"85":{"start":{"line":154,"column":16},"end":{"line":154,"column":40}},"86":{"start":{"line":157,"column":8},"end":{"line":157,"column":45}},"87":{"start":{"line":157,"column":34},"end":{"line":157,"column":43}},"88":{"start":{"line":158,"column":20},"end":{"line":158,"column":21}},"89":{"start":{"line":159,"column":8},"end":{"line":175,"column":9}},"90":{"start":{"line":159,"column":21},"end":{"line":159,"column":22}},"91":{"start":{"line":160,"column":12},"end":{"line":174,"column":31}},"92":{"start":{"line":161,"column":16},"end":{"line":173,"column":17}},"93":{"start":{"line":162,"column":20},"end":{"line":165,"column":23}},"94":{"start":{"line":168,"column":20},"end":{"line":168,"column":40}},"95":{"start":{"line":169,"column":20},"end":{"line":172,"column":23}},"96":{"start":{"line":174,"column":21},"end":{"line":174,"column":29}},"97":{"start":{"line":176,"column":8},"end":{"line":178,"column":9}},"98":{"start":{"line":177,"column":12},"end":{"line":177,"column":21}},"99":{"start":{"line":179,"column":8},"end":{"line":179,"column":17}},"100":{"start":{"line":185,"column":20},"end":{"line":185,"column":25}},"101":{"start":{"line":186,"column":8},"end":{"line":186,"column":43}},"102":{"start":{"line":186,"column":34},"end":{"line":186,"column":43}},"103":{"start":{"line":187,"column":8},"end":{"line":201,"column":9}},"104":{"start":{"line":187,"column":21},"end":{"line":187,"column":22}},"105":{"start":{"line":188,"column":12},"end":{"line":200,"column":13}},"106":{"start":{"line":189,"column":16},"end":{"line":189,"column":29}},"107":{"start":{"line":190,"column":16},"end":{"line":194,"column":17}},"108":{"start":{"line":190,"column":29},"end":{"line":190,"column":30}},"109":{"start":{"line":191,"column":20},"end":{"line":193,"column":21}},"110":{"start":{"line":192,"column":24},"end":{"line":192,"column":52}},"111":{"start":{"line":197,"column":16},"end":{"line":199,"column":17}},"112":{"start":{"line":198,"column":20},"end":{"line":198,"column":33}},"113":{"start":{"line":202,"column":8},"end":{"line":202,"column":17}},"114":{"start":{"line":209,"column":0},"end":{"line":209,"column":25}}},"fnMap":{"0":{"name":"(anonymous_0)","decl":{"start":{"line":7,"column":20},"end":{"line":7,"column":21}},"loc":{"start":{"line":7,"column":37},"end":{"line":9,"column":5}},"line":7},"1":{"name":"(anonymous_1)","decl":{"start":{"line":8,"column":32},"end":{"line":8,"column":33}},"loc":{"start":{"line":8,"column":41},"end":{"line":8,"column":59}},"line":8},"2":{"name":"(anonymous_2)","decl":{"start":{"line":10,"column":17},"end":{"line":10,"column":18}},"loc":{"start":{"line":10,"column":35},"end":{"line":12,"column":5}},"line":10},"3":{"name":"(anonymous_3)","decl":{"start":{"line":11,"column":33},"end":{"line":11,"column":34}},"loc":{"start":{"line":11,"column":43},"end":{"line":11,"column":63}},"line":11},"4":{"name":"(anonymous_4)","decl":{"start":{"line":13,"column":15},"end":{"line":13,"column":16}},"loc":{"start":{"line":13,"column":32},"end":{"line":15,"column":5}},"line":13},"5":{"name":"(anonymous_5)","decl":{"start":{"line":14,"column":32},"end":{"line":14,"column":33}},"loc":{"start":{"line":14,"column":41},"end":{"line":14,"column":59}},"line":14},"6":{"name":"(anonymous_6)","decl":{"start":{"line":16,"column":17},"end":{"line":16,"column":18}},"loc":{"start":{"line":16,"column":33},"end":{"line":19,"column":5}},"line":16},"7":{"name":"(anonymous_7)","decl":{"start":{"line":17,"column":30},"end":{"line":17,"column":31}},"loc":{"start":{"line":17,"column":38},"end":{"line":17,"column":54}},"line":17},"8":{"name":"(anonymous_8)","decl":{"start":{"line":20,"column":20},"end":{"line":20,"column":21}},"loc":{"start":{"line":20,"column":46},"end":{"line":60,"column":5}},"line":20},"9":{"name":"(anonymous_9)","decl":{"start":{"line":61,"column":29},"end":{"line":61,"column":30}},"loc":{"start":{"line":61,"column":60},"end":{"line":66,"column":5}},"line":61},"10":{"name":"(anonymous_10)","decl":{"start":{"line":68,"column":15},"end":{"line":68,"column":16}},"loc":{"start":{"line":68,"column":34},"end":{"line":93,"column":5}},"line":68},"11":{"name":"(anonymous_11)","decl":{"start":{"line":95,"column":20},"end":{"line":95,"column":21}},"loc":{"start":{"line":95,"column":44},"end":{"line":123,"column":5}},"line":95},"12":{"name":"(anonymous_12)","decl":{"start":{"line":124,"column":14},"end":{"line":124,"column":15}},"loc":{"start":{"line":124,"column":39},"end":{"line":135,"column":5}},"line":124},"13":{"name":"(anonymous_13)","decl":{"start":{"line":136,"column":26},"end":{"line":136,"column":27}},"loc":{"start":{"line":136,"column":50},"end":{"line":142,"column":5}},"line":136},"14":{"name":"(anonymous_14)","decl":{"start":{"line":139,"column":40},"end":{"line":139,"column":41}},"loc":{"start":{"line":139,"column":49},"end":{"line":139,"column":73}},"line":139},"15":{"name":"(anonymous_15)","decl":{"start":{"line":145,"column":15},"end":{"line":145,"column":16}},"loc":{"start":{"line":145,"column":39},"end":{"line":180,"column":5}},"line":145},"16":{"name":"(anonymous_16)","decl":{"start":{"line":181,"column":17},"end":{"line":181,"column":18}},"loc":{"start":{"line":181,"column":47},"end":{"line":203,"column":5}},"line":181}},"branchMap":{"0":{"loc":{"start":{"line":28,"column":8},"end":{"line":36,"column":9}},"type":"if","locations":[{"start":{"line":28,"column":8},"end":{"line":36,"column":9}},{"start":{"line":28,"column":8},"end":{"line":36,"column":9}}],"line":28},"1":{"loc":{"start":{"line":30,"column":12},"end":{"line":34,"column":13}},"type":"if","locations":[{"start":{"line":30,"column":12},"end":{"line":34,"column":13}},{"start":{"line":30,"column":12},"end":{"line":34,"column":13}}],"line":30},"2":{"loc":{"start":{"line":37,"column":8},"end":{"line":55,"column":9}},"type":"if","locations":[{"start":{"line":37,"column":8},"end":{"line":55,"column":9}},{"start":{"line":37,"column":8},"end":{"line":55,"column":9}}],"line":37},"3":{"loc":{"start":{"line":43,"column":12},"end":{"line":46,"column":13}},"type":"if","locations":[{"start":{"line":43,"column":12},"end":{"line":46,"column":13}},{"start":{"line":43,"column":12},"end":{"line":46,"column":13}}],"line":43},"4":{"loc":{"start":{"line":47,"column":12},"end":{"line":51,"column":13}},"type":"if","locations":[{"start":{"line":47,"column":12},"end":{"line":51,"column":13}},{"start":{"line":47,"column":12},"end":{"line":51,"column":13}}],"line":47},"5":{"loc":{"start":{"line":63,"column":12},"end":{"line":63,"column":64}},"type":"if","locations":[{"start":{"line":63,"column":12},"end":{"line":63,"column":64}},{"start":{"line":63,"column":12},"end":{"line":63,"column":64}}],"line":63},"6":{"loc":{"start":{"line":74,"column":8},"end":{"line":74,"column":44}},"type":"if","locations":[{"start":{"line":74,"column":8},"end":{"line":74,"column":44}},{"start":{"line":74,"column":8},"end":{"line":74,"column":44}}],"line":74},"7":{"loc":{"start":{"line":77,"column":12},"end":{"line":79,"column":13}},"type":"if","locations":[{"start":{"line":77,"column":12},"end":{"line":79,"column":13}},{"start":{"line":77,"column":12},"end":{"line":79,"column":13}}],"line":77},"8":{"loc":{"start":{"line":81,"column":8},"end":{"line":92,"column":9}},"type":"if","locations":[{"start":{"line":81,"column":8},"end":{"line":92,"column":9}},{"start":{"line":81,"column":8},"end":{"line":92,"column":9}}],"line":81},"9":{"loc":{"start":{"line":85,"column":16},"end":{"line":87,"column":17}},"type":"if","locations":[{"start":{"line":85,"column":16},"end":{"line":87,"column":17}},{"start":{"line":85,"column":16},"end":{"line":87,"column":17}}],"line":85},"10":{"loc":{"start":{"line":101,"column":8},"end":{"line":115,"column":9}},"type":"if","locations":[{"start":{"line":101,"column":8},"end":{"line":115,"column":9}},{"start":{"line":101,"column":8},"end":{"line":115,"column":9}}],"line":101},"11":{"loc":{"start":{"line":107,"column":16},"end":{"line":113,"column":17}},"type":"if","locations":[{"start":{"line":107,"column":16},"end":{"line":113,"column":17}},{"start":{"line":107,"column":16},"end":{"line":113,"column":17}}],"line":107},"12":{"loc":{"start":{"line":116,"column":8},"end":{"line":118,"column":9}},"type":"if","locations":[{"start":{"line":116,"column":8},"end":{"line":118,"column":9}},{"start":{"line":116,"column":8},"end":{"line":118,"column":9}}],"line":116},"13":{"loc":{"start":{"line":126,"column":8},"end":{"line":132,"column":9}},"type":"if","locations":[{"start":{"line":126,"column":8},"end":{"line":132,"column":9}},{"start":{"line":126,"column":8},"end":{"line":132,"column":9}}],"line":126},"14":{"loc":{"start":{"line":138,"column":8},"end":{"line":140,"column":9}},"type":"if","locations":[{"start":{"line":138,"column":8},"end":{"line":140,"column":9}},{"start":{"line":138,"column":8},"end":{"line":140,"column":9}}],"line":138},"15":{"loc":{"start":{"line":149,"column":8},"end":{"line":149,"column":43}},"type":"if","locations":[{"start":{"line":149,"column":8},"end":{"line":149,"column":43}},{"start":{"line":149,"column":8},"end":{"line":149,"column":43}}],"line":149},"16":{"loc":{"start":{"line":153,"column":12},"end":{"line":155,"column":13}},"type":"if","locations":[{"start":{"line":153,"column":12},"end":{"line":155,"column":13}},{"start":{"line":153,"column":12},"end":{"line":155,"column":13}}],"line":153},"17":{"loc":{"start":{"line":157,"column":8},"end":{"line":157,"column":45}},"type":"if","locations":[{"start":{"line":157,"column":8},"end":{"line":157,"column":45}},{"start":{"line":157,"column":8},"end":{"line":157,"column":45}}],"line":157},"18":{"loc":{"start":{"line":160,"column":12},"end":{"line":174,"column":31}},"type":"if","locations":[{"start":{"line":160,"column":12},"end":{"line":174,"column":31}},{"start":{"line":160,"column":12},"end":{"line":174,"column":31}}],"line":160},"19":{"loc":{"start":{"line":161,"column":16},"end":{"line":173,"column":17}},"type":"if","locations":[{"start":{"line":161,"column":16},"end":{"line":173,"column":17}},{"start":{"line":161,"column":16},"end":{"line":173,"column":17}}],"line":161},"20":{"loc":{"start":{"line":176,"column":8},"end":{"line":178,"column":9}},"type":"if","locations":[{"start":{"line":176,"column":8},"end":{"line":178,"column":9}},{"start":{"line":176,"column":8},"end":{"line":178,"column":9}}],"line":176},"21":{"loc":{"start":{"line":186,"column":8},"end":{"line":186,"column":43}},"type":"if","locations":[{"start":{"line":186,"column":8},"end":{"line":186,"column":43}},{"start":{"line":186,"column":8},"end":{"line":186,"column":43}}],"line":186},"22":{"loc":{"start":{"line":188,"column":12},"end":{"line":200,"column":13}},"type":"if","locations":[{"start":{"line":188,"column":12},"end":{"line":200,"column":13}},{"start":{"line":188,"column":12},"end":{"line":200,"column":13}}],"line":188},"23":{"loc":{"start":{"line":191,"column":20},"end":{"line":193,"column":21}},"type":"if","locations":[{"start":{"line":191,"column":20},"end":{"line":193,"column":21}},{"start":{"line":191,"column":20},"end":{"line":193,"column":21}}],"line":191},"24":{"loc":{"start":{"line":197,"column":16},"end":{"line":199,"column":17}},"type":"if","locations":[{"start":{"line":197,"column":16},"end":{"line":199,"column":17}},{"start":{"line":197,"column":16},"end":{"line":199,"column":17}}],"line":197},"25":{"loc":{"start":{"line":197,"column":20},"end":{"line":197,"column":84}},"type":"binary-expr","locations":[{"start":{"line":197,"column":21},"end":{"line":197,"column":27}},{"start":{"line":197,"column":32},"end":{"line":197,"column":57}},{"start":{"line":197,"column":64},"end":{"line":197,"column":83}}],"line":197}},"s":{"0":2,"1":7,"2":8,"3":2,"4":2,"5":1,"6":1,"7":1,"8":0,"9":1,"10":1,"11":1,"12":1,"13":0,"14":0,"15":0,"16":0,"17":1,"18":1,"19":1,"20":1,"21":1,"22":1,"23":1,"24":1,"25":1,"26":1,"27":1,"28":0,"29":1,"30":0,"31":1,"32":1,"33":1,"34":1,"35":0,"36":1,"37":1,"38":0,"39":1,"40":1,"41":1,"42":1,"43":1,"44":1,"45":1,"46":1,"47":1,"48":1,"49":1,"50":1,"51":1,"52":0,"53":1,"54":1,"55":1,"56":0,"57":1,"58":1,"59":1,"60":1,"61":1,"62":1,"63":1,"64":1,"65":1,"66":0,"67":1,"68":1,"69":1,"70":1,"71":1,"72":0,"73":6,"74":6,"75":6,"76":7,"77":0,"78":3,"79":0,"80":3,"81":3,"82":3,"83":2,"84":2,"85":2,"86":3,"87":1,"88":2,"89":2,"90":2,"91":2,"92":1,"93":1,"94":0,"95":0,"96":1,"97":2,"98":1,"99":1,"100":3,"101":3,"102":0,"103":3,"104":3,"105":2,"106":1,"107":1,"108":1,"109":2,"110":1,"111":1,"112":1,"113":2,"114":2},"f":{"0":7,"1":8,"2":2,"3":2,"4":1,"5":1,"6":1,"7":0,"8":1,"9":1,"10":1,"11":1,"12":1,"13":6,"14":7,"15":3,"16":3},"b":{"0":[0,1],"1":[0,0],"2":[1,0],"3":[1,0],"4":[1,0],"5":[1,0],"6":[0,1],"7":[1,0],"8":[1,0],"9":[1,0],"10":[0,1],"11":[1,0],"12":[0,1],"13":[1,0],"14":[6,0],"15":[0,3],"16":[2,0],"17":[1,2],"18":[1,1],"19":[1,0],"20":[1,1],"21":[0,3],"22":[1,1],"23":[1,1],"24":[1,0],"25":[1,1,0]},"_coverageSchema":"1a1c01bbd47fc00a2c39e90264f33305004495a9","hash":"82c8aae9f1517f4ead36b91f35222336f11f31cb"}
,"F:\\softwareEng\\Marioplex-Backend\\mock-classes\\artist-mock.js": {"path":"F:\\softwareEng\\Marioplex-Backend\\mock-classes\\artist-mock.js","statementMap":{"0":{"start":{"line":1,"column":19},"end":{"line":248,"column":1}},"1":{"start":{"line":8,"column":8},"end":{"line":9,"column":29}},"2":{"start":{"line":8,"column":19},"end":{"line":8,"column":47}},"3":{"start":{"line":9,"column":13},"end":{"line":9,"column":29}},"4":{"start":{"line":10,"column":21},"end":{"line":23,"column":9}},"5":{"start":{"line":24,"column":8},"end":{"line":24,"column":34}},"6":{"start":{"line":25,"column":8},"end":{"line":25,"column":22}},"7":{"start":{"line":30,"column":24},"end":{"line":30,"column":26}},"8":{"start":{"line":31,"column":20},"end":{"line":31,"column":32}},"9":{"start":{"line":32,"column":8},"end":{"line":32,"column":71}},"10":{"start":{"line":32,"column":31},"end":{"line":32,"column":69}},"11":{"start":{"line":33,"column":8},"end":{"line":41,"column":9}},"12":{"start":{"line":35,"column":12},"end":{"line":36,"column":28}},"13":{"start":{"line":35,"column":37},"end":{"line":35,"column":60}},"14":{"start":{"line":36,"column":17},"end":{"line":36,"column":28}},"15":{"start":{"line":37,"column":12},"end":{"line":40,"column":13}},"16":{"start":{"line":37,"column":25},"end":{"line":37,"column":26}},"17":{"start":{"line":39,"column":16},"end":{"line":39,"column":168}},"18":{"start":{"line":42,"column":30},"end":{"line":42,"column":52}},"19":{"start":{"line":43,"column":8},"end":{"line":43,"column":29}},"20":{"start":{"line":47,"column":26},"end":{"line":47,"column":50}},"21":{"start":{"line":48,"column":12},"end":{"line":48,"column":33}},"22":{"start":{"line":48,"column":24},"end":{"line":48,"column":33}},"23":{"start":{"line":49,"column":12},"end":{"line":55,"column":13}},"24":{"start":{"line":50,"column":16},"end":{"line":54,"column":17}},"25":{"start":{"line":50,"column":26},"end":{"line":50,"column":27}},"26":{"start":{"line":51,"column":20},"end":{"line":53,"column":21}},"27":{"start":{"line":52,"column":24},"end":{"line":52,"column":33}},"28":{"start":{"line":56,"column":8},"end":{"line":56,"column":17}},"29":{"start":{"line":61,"column":8},"end":{"line":65,"column":9}},"30":{"start":{"line":61,"column":18},"end":{"line":61,"column":19}},"31":{"start":{"line":62,"column":12},"end":{"line":64,"column":13}},"32":{"start":{"line":63,"column":16},"end":{"line":63,"column":39}},"33":{"start":{"line":66,"column":8},"end":{"line":66,"column":17}},"34":{"start":{"line":71,"column":8},"end":{"line":71,"column":48}},"35":{"start":{"line":71,"column":39},"end":{"line":71,"column":48}},"36":{"start":{"line":72,"column":20},"end":{"line":86,"column":9}},"37":{"start":{"line":88,"column":23},"end":{"line":88,"column":47}},"38":{"start":{"line":89,"column":8},"end":{"line":91,"column":11}},"39":{"start":{"line":92,"column":8},"end":{"line":92,"column":21}},"40":{"start":{"line":96,"column":23},"end":{"line":96,"column":47}},"41":{"start":{"line":97,"column":8},"end":{"line":97,"column":28}},"42":{"start":{"line":97,"column":19},"end":{"line":97,"column":28}},"43":{"start":{"line":98,"column":8},"end":{"line":100,"column":11}},"44":{"start":{"line":101,"column":8},"end":{"line":101,"column":17}},"45":{"start":{"line":106,"column":22},"end":{"line":106,"column":24}},"46":{"start":{"line":107,"column":8},"end":{"line":111,"column":9}},"47":{"start":{"line":107,"column":18},"end":{"line":107,"column":19}},"48":{"start":{"line":108,"column":25},"end":{"line":108,"column":54}},"49":{"start":{"line":109,"column":12},"end":{"line":109,"column":33}},"50":{"start":{"line":109,"column":25},"end":{"line":109,"column":33}},"51":{"start":{"line":110,"column":12},"end":{"line":110,"column":33}},"52":{"start":{"line":112,"column":8},"end":{"line":112,"column":23}},"53":{"start":{"line":116,"column":29},"end":{"line":116,"column":31}},"54":{"start":{"line":117,"column":21},"end":{"line":117,"column":23}},"55":{"start":{"line":118,"column":21},"end":{"line":118,"column":45}},"56":{"start":{"line":119,"column":8},"end":{"line":119,"column":30}},"57":{"start":{"line":119,"column":21},"end":{"line":119,"column":30}},"58":{"start":{"line":121,"column":8},"end":{"line":127,"column":9}},"59":{"start":{"line":121,"column":21},"end":{"line":121,"column":22}},"60":{"start":{"line":122,"column":12},"end":{"line":126,"column":13}},"61":{"start":{"line":122,"column":22},"end":{"line":122,"column":23}},"62":{"start":{"line":123,"column":16},"end":{"line":125,"column":17}},"63":{"start":{"line":124,"column":20},"end":{"line":124,"column":43}},"64":{"start":{"line":129,"column":8},"end":{"line":151,"column":9}},"65":{"start":{"line":130,"column":12},"end":{"line":134,"column":13}},"66":{"start":{"line":131,"column":16},"end":{"line":133,"column":17}},"67":{"start":{"line":132,"column":20},"end":{"line":132,"column":55}},"68":{"start":{"line":135,"column":15},"end":{"line":151,"column":9}},"69":{"start":{"line":136,"column":12},"end":{"line":140,"column":13}},"70":{"start":{"line":137,"column":16},"end":{"line":139,"column":17}},"71":{"start":{"line":138,"column":20},"end":{"line":138,"column":55}},"72":{"start":{"line":141,"column":15},"end":{"line":151,"column":9}},"73":{"start":{"line":142,"column":12},"end":{"line":146,"column":13}},"74":{"start":{"line":143,"column":16},"end":{"line":145,"column":17}},"75":{"start":{"line":144,"column":20},"end":{"line":144,"column":55}},"76":{"start":{"line":148,"column":12},"end":{"line":150,"column":13}},"77":{"start":{"line":149,"column":16},"end":{"line":149,"column":51}},"78":{"start":{"line":153,"column":20},"end":{"line":153,"column":21}},"79":{"start":{"line":154,"column":18},"end":{"line":154,"column":39}},"80":{"start":{"line":155,"column":8},"end":{"line":159,"column":9}},"81":{"start":{"line":156,"column":12},"end":{"line":158,"column":13}},"82":{"start":{"line":157,"column":16},"end":{"line":157,"column":31}},"83":{"start":{"line":160,"column":8},"end":{"line":164,"column":9}},"84":{"start":{"line":161,"column":12},"end":{"line":163,"column":13}},"85":{"start":{"line":162,"column":16},"end":{"line":162,"column":36}},"86":{"start":{"line":165,"column":8},"end":{"line":165,"column":41}},"87":{"start":{"line":166,"column":8},"end":{"line":166,"column":30}},"88":{"start":{"line":170,"column":20},"end":{"line":170,"column":32}},"89":{"start":{"line":172,"column":22},"end":{"line":172,"column":46}},"90":{"start":{"line":173,"column":8},"end":{"line":173,"column":31}},"91":{"start":{"line":173,"column":22},"end":{"line":173,"column":31}},"92":{"start":{"line":174,"column":8},"end":{"line":174,"column":30}},"93":{"start":{"line":174,"column":21},"end":{"line":174,"column":30}},"94":{"start":{"line":175,"column":29},"end":{"line":175,"column":31}},"95":{"start":{"line":177,"column":8},"end":{"line":187,"column":9}},"96":{"start":{"line":178,"column":12},"end":{"line":186,"column":13}},"97":{"start":{"line":178,"column":25},"end":{"line":178,"column":26}},"98":{"start":{"line":179,"column":16},"end":{"line":185,"column":17}},"99":{"start":{"line":179,"column":29},"end":{"line":179,"column":30}},"100":{"start":{"line":180,"column":20},"end":{"line":184,"column":21}},"101":{"start":{"line":181,"column":24},"end":{"line":182,"column":65}},"102":{"start":{"line":181,"column":60},"end":{"line":181,"column":92}},"103":{"start":{"line":182,"column":28},"end":{"line":182,"column":65}},"104":{"start":{"line":183,"column":24},"end":{"line":183,"column":33}},"105":{"start":{"line":189,"column":8},"end":{"line":189,"column":68}},"106":{"start":{"line":189,"column":40},"end":{"line":189,"column":68}},"107":{"start":{"line":190,"column":8},"end":{"line":190,"column":30}},"108":{"start":{"line":195,"column":8},"end":{"line":199,"column":9}},"109":{"start":{"line":195,"column":18},"end":{"line":195,"column":19}},"110":{"start":{"line":196,"column":12},"end":{"line":198,"column":13}},"111":{"start":{"line":197,"column":16},"end":{"line":197,"column":39}},"112":{"start":{"line":200,"column":8},"end":{"line":200,"column":17}},"113":{"start":{"line":205,"column":24},"end":{"line":205,"column":26}},"114":{"start":{"line":206,"column":21},"end":{"line":206,"column":23}},"115":{"start":{"line":207,"column":22},"end":{"line":207,"column":46}},"116":{"start":{"line":208,"column":8},"end":{"line":208,"column":30}},"117":{"start":{"line":208,"column":21},"end":{"line":208,"column":30}},"118":{"start":{"line":209,"column":8},"end":{"line":216,"column":9}},"119":{"start":{"line":209,"column":21},"end":{"line":209,"column":22}},"120":{"start":{"line":210,"column":12},"end":{"line":214,"column":13}},"121":{"start":{"line":210,"column":22},"end":{"line":210,"column":23}},"122":{"start":{"line":211,"column":16},"end":{"line":213,"column":17}},"123":{"start":{"line":212,"column":20},"end":{"line":212,"column":68}},"124":{"start":{"line":218,"column":8},"end":{"line":222,"column":9}},"125":{"start":{"line":219,"column":12},"end":{"line":221,"column":13}},"126":{"start":{"line":220,"column":16},"end":{"line":220,"column":46}},"127":{"start":{"line":224,"column":8},"end":{"line":224,"column":73}},"128":{"start":{"line":224,"column":33},"end":{"line":224,"column":71}},"129":{"start":{"line":225,"column":8},"end":{"line":225,"column":31}},"130":{"start":{"line":226,"column":8},"end":{"line":226,"column":25}},"131":{"start":{"line":230,"column":29},"end":{"line":230,"column":31}},"132":{"start":{"line":231,"column":21},"end":{"line":231,"column":23}},"133":{"start":{"line":232,"column":22},"end":{"line":232,"column":46}},"134":{"start":{"line":233,"column":8},"end":{"line":233,"column":30}},"135":{"start":{"line":233,"column":21},"end":{"line":233,"column":30}},"136":{"start":{"line":234,"column":8},"end":{"line":240,"column":9}},"137":{"start":{"line":234,"column":21},"end":{"line":234,"column":22}},"138":{"start":{"line":235,"column":12},"end":{"line":239,"column":13}},"139":{"start":{"line":235,"column":22},"end":{"line":235,"column":23}},"140":{"start":{"line":236,"column":16},"end":{"line":238,"column":17}},"141":{"start":{"line":237,"column":20},"end":{"line":237,"column":68}},"142":{"start":{"line":241,"column":8},"end":{"line":243,"column":9}},"143":{"start":{"line":242,"column":12},"end":{"line":242,"column":47}},"144":{"start":{"line":246,"column":8},"end":{"line":246,"column":30}},"145":{"start":{"line":249,"column":0},"end":{"line":249,"column":26}}},"fnMap":{"0":{"name":"(anonymous_0)","decl":{"start":{"line":5,"column":19},"end":{"line":5,"column":20}},"loc":{"start":{"line":5,"column":53},"end":{"line":26,"column":5}},"line":5},"1":{"name":"(anonymous_1)","decl":{"start":{"line":28,"column":24},"end":{"line":28,"column":25}},"loc":{"start":{"line":28,"column":35},"end":{"line":44,"column":5}},"line":28},"2":{"name":"(anonymous_2)","decl":{"start":{"line":32,"column":21},"end":{"line":32,"column":22}},"loc":{"start":{"line":32,"column":31},"end":{"line":32,"column":69}},"line":32},"3":{"name":"(anonymous_3)","decl":{"start":{"line":46,"column":25},"end":{"line":46,"column":26}},"loc":{"start":{"line":46,"column":51},"end":{"line":57,"column":5}},"line":46},"4":{"name":"(anonymous_4)","decl":{"start":{"line":59,"column":15},"end":{"line":59,"column":16}},"loc":{"start":{"line":59,"column":34},"end":{"line":67,"column":5}},"line":59},"5":{"name":"(anonymous_5)","decl":{"start":{"line":70,"column":13},"end":{"line":70,"column":14}},"loc":{"start":{"line":70,"column":95},"end":{"line":93,"column":5}},"line":70},"6":{"name":"(anonymous_6)","decl":{"start":{"line":95,"column":14},"end":{"line":95,"column":15}},"loc":{"start":{"line":95,"column":42},"end":{"line":103,"column":5}},"line":95},"7":{"name":"(anonymous_7)","decl":{"start":{"line":105,"column":16},"end":{"line":105,"column":17}},"loc":{"start":{"line":105,"column":37},"end":{"line":113,"column":5}},"line":105},"8":{"name":"(anonymous_8)","decl":{"start":{"line":115,"column":15},"end":{"line":115,"column":16}},"loc":{"start":{"line":115,"column":73},"end":{"line":167,"column":5}},"line":115},"9":{"name":"(anonymous_9)","decl":{"start":{"line":169,"column":24},"end":{"line":169,"column":25}},"loc":{"start":{"line":169,"column":43},"end":{"line":191,"column":5}},"line":169},"10":{"name":"(anonymous_10)","decl":{"start":{"line":181,"column":49},"end":{"line":181,"column":50}},"loc":{"start":{"line":181,"column":60},"end":{"line":181,"column":92}},"line":181},"11":{"name":"(anonymous_11)","decl":{"start":{"line":193,"column":21},"end":{"line":193,"column":22}},"loc":{"start":{"line":193,"column":38},"end":{"line":201,"column":5}},"line":193},"12":{"name":"(anonymous_12)","decl":{"start":{"line":204,"column":19},"end":{"line":204,"column":20}},"loc":{"start":{"line":204,"column":54},"end":{"line":227,"column":5}},"line":204},"13":{"name":"(anonymous_13)","decl":{"start":{"line":224,"column":23},"end":{"line":224,"column":24}},"loc":{"start":{"line":224,"column":33},"end":{"line":224,"column":71}},"line":224},"14":{"name":"(anonymous_14)","decl":{"start":{"line":229,"column":16},"end":{"line":229,"column":17}},"loc":{"start":{"line":229,"column":42},"end":{"line":247,"column":5}},"line":229}},"branchMap":{"0":{"loc":{"start":{"line":8,"column":8},"end":{"line":9,"column":29}},"type":"if","locations":[{"start":{"line":8,"column":8},"end":{"line":9,"column":29}},{"start":{"line":8,"column":8},"end":{"line":9,"column":29}}],"line":8},"1":{"loc":{"start":{"line":32,"column":31},"end":{"line":32,"column":69}},"type":"cond-expr","locations":[{"start":{"line":32,"column":63},"end":{"line":32,"column":65}},{"start":{"line":32,"column":68},"end":{"line":32,"column":69}}],"line":32},"2":{"loc":{"start":{"line":33,"column":8},"end":{"line":41,"column":9}},"type":"if","locations":[{"start":{"line":33,"column":8},"end":{"line":41,"column":9}},{"start":{"line":33,"column":8},"end":{"line":41,"column":9}}],"line":33},"3":{"loc":{"start":{"line":35,"column":12},"end":{"line":36,"column":28}},"type":"if","locations":[{"start":{"line":35,"column":12},"end":{"line":36,"column":28}},{"start":{"line":35,"column":12},"end":{"line":36,"column":28}}],"line":35},"4":{"loc":{"start":{"line":48,"column":12},"end":{"line":48,"column":33}},"type":"if","locations":[{"start":{"line":48,"column":12},"end":{"line":48,"column":33}},{"start":{"line":48,"column":12},"end":{"line":48,"column":33}}],"line":48},"5":{"loc":{"start":{"line":49,"column":12},"end":{"line":55,"column":13}},"type":"if","locations":[{"start":{"line":49,"column":12},"end":{"line":55,"column":13}},{"start":{"line":49,"column":12},"end":{"line":55,"column":13}}],"line":49},"6":{"loc":{"start":{"line":51,"column":20},"end":{"line":53,"column":21}},"type":"if","locations":[{"start":{"line":51,"column":20},"end":{"line":53,"column":21}},{"start":{"line":51,"column":20},"end":{"line":53,"column":21}}],"line":51},"7":{"loc":{"start":{"line":62,"column":12},"end":{"line":64,"column":13}},"type":"if","locations":[{"start":{"line":62,"column":12},"end":{"line":64,"column":13}},{"start":{"line":62,"column":12},"end":{"line":64,"column":13}}],"line":62},"8":{"loc":{"start":{"line":71,"column":8},"end":{"line":71,"column":48}},"type":"if","locations":[{"start":{"line":71,"column":8},"end":{"line":71,"column":48}},{"start":{"line":71,"column":8},"end":{"line":71,"column":48}}],"line":71},"9":{"loc":{"start":{"line":97,"column":8},"end":{"line":97,"column":28}},"type":"if","locations":[{"start":{"line":97,"column":8},"end":{"line":97,"column":28}},{"start":{"line":97,"column":8},"end":{"line":97,"column":28}}],"line":97},"10":{"loc":{"start":{"line":109,"column":12},"end":{"line":109,"column":33}},"type":"if","locations":[{"start":{"line":109,"column":12},"end":{"line":109,"column":33}},{"start":{"line":109,"column":12},"end":{"line":109,"column":33}}],"line":109},"11":{"loc":{"start":{"line":119,"column":8},"end":{"line":119,"column":30}},"type":"if","locations":[{"start":{"line":119,"column":8},"end":{"line":119,"column":30}},{"start":{"line":119,"column":8},"end":{"line":119,"column":30}}],"line":119},"12":{"loc":{"start":{"line":123,"column":16},"end":{"line":125,"column":17}},"type":"if","locations":[{"start":{"line":123,"column":16},"end":{"line":125,"column":17}},{"start":{"line":123,"column":16},"end":{"line":125,"column":17}}],"line":123},"13":{"loc":{"start":{"line":129,"column":8},"end":{"line":151,"column":9}},"type":"if","locations":[{"start":{"line":129,"column":8},"end":{"line":151,"column":9}},{"start":{"line":129,"column":8},"end":{"line":151,"column":9}}],"line":129},"14":{"loc":{"start":{"line":129,"column":12},"end":{"line":129,"column":55}},"type":"binary-expr","locations":[{"start":{"line":129,"column":12},"end":{"line":129,"column":31}},{"start":{"line":129,"column":35},"end":{"line":129,"column":55}}],"line":129},"15":{"loc":{"start":{"line":131,"column":16},"end":{"line":133,"column":17}},"type":"if","locations":[{"start":{"line":131,"column":16},"end":{"line":133,"column":17}},{"start":{"line":131,"column":16},"end":{"line":133,"column":17}}],"line":131},"16":{"loc":{"start":{"line":131,"column":20},"end":{"line":131,"column":112}},"type":"binary-expr","locations":[{"start":{"line":131,"column":20},"end":{"line":131,"column":60}},{"start":{"line":131,"column":64},"end":{"line":131,"column":112}}],"line":131},"17":{"loc":{"start":{"line":135,"column":15},"end":{"line":151,"column":9}},"type":"if","locations":[{"start":{"line":135,"column":15},"end":{"line":151,"column":9}},{"start":{"line":135,"column":15},"end":{"line":151,"column":9}}],"line":135},"18":{"loc":{"start":{"line":135,"column":19},"end":{"line":135,"column":62}},"type":"binary-expr","locations":[{"start":{"line":135,"column":19},"end":{"line":135,"column":38}},{"start":{"line":135,"column":42},"end":{"line":135,"column":62}}],"line":135},"19":{"loc":{"start":{"line":137,"column":16},"end":{"line":139,"column":17}},"type":"if","locations":[{"start":{"line":137,"column":16},"end":{"line":139,"column":17}},{"start":{"line":137,"column":16},"end":{"line":139,"column":17}}],"line":137},"20":{"loc":{"start":{"line":141,"column":15},"end":{"line":151,"column":9}},"type":"if","locations":[{"start":{"line":141,"column":15},"end":{"line":151,"column":9}},{"start":{"line":141,"column":15},"end":{"line":151,"column":9}}],"line":141},"21":{"loc":{"start":{"line":141,"column":19},"end":{"line":141,"column":62}},"type":"binary-expr","locations":[{"start":{"line":141,"column":19},"end":{"line":141,"column":38}},{"start":{"line":141,"column":42},"end":{"line":141,"column":62}}],"line":141},"22":{"loc":{"start":{"line":143,"column":16},"end":{"line":145,"column":17}},"type":"if","locations":[{"start":{"line":143,"column":16},"end":{"line":145,"column":17}},{"start":{"line":143,"column":16},"end":{"line":145,"column":17}}],"line":143},"23":{"loc":{"start":{"line":155,"column":8},"end":{"line":159,"column":9}},"type":"if","locations":[{"start":{"line":155,"column":8},"end":{"line":159,"column":9}},{"start":{"line":155,"column":8},"end":{"line":159,"column":9}}],"line":155},"24":{"loc":{"start":{"line":156,"column":12},"end":{"line":158,"column":13}},"type":"if","locations":[{"start":{"line":156,"column":12},"end":{"line":158,"column":13}},{"start":{"line":156,"column":12},"end":{"line":158,"column":13}}],"line":156},"25":{"loc":{"start":{"line":156,"column":16},"end":{"line":156,"column":62}},"type":"binary-expr","locations":[{"start":{"line":156,"column":16},"end":{"line":156,"column":27}},{"start":{"line":156,"column":31},"end":{"line":156,"column":62}}],"line":156},"26":{"loc":{"start":{"line":160,"column":8},"end":{"line":164,"column":9}},"type":"if","locations":[{"start":{"line":160,"column":8},"end":{"line":164,"column":9}},{"start":{"line":160,"column":8},"end":{"line":164,"column":9}}],"line":160},"27":{"loc":{"start":{"line":161,"column":12},"end":{"line":163,"column":13}},"type":"if","locations":[{"start":{"line":161,"column":12},"end":{"line":163,"column":13}},{"start":{"line":161,"column":12},"end":{"line":163,"column":13}}],"line":161},"28":{"loc":{"start":{"line":161,"column":16},"end":{"line":161,"column":79}},"type":"binary-expr","locations":[{"start":{"line":161,"column":16},"end":{"line":161,"column":35}},{"start":{"line":161,"column":39},"end":{"line":161,"column":79}}],"line":161},"29":{"loc":{"start":{"line":173,"column":8},"end":{"line":173,"column":31}},"type":"if","locations":[{"start":{"line":173,"column":8},"end":{"line":173,"column":31}},{"start":{"line":173,"column":8},"end":{"line":173,"column":31}}],"line":173},"30":{"loc":{"start":{"line":174,"column":8},"end":{"line":174,"column":30}},"type":"if","locations":[{"start":{"line":174,"column":8},"end":{"line":174,"column":30}},{"start":{"line":174,"column":8},"end":{"line":174,"column":30}}],"line":174},"31":{"loc":{"start":{"line":180,"column":20},"end":{"line":184,"column":21}},"type":"if","locations":[{"start":{"line":180,"column":20},"end":{"line":184,"column":21}},{"start":{"line":180,"column":20},"end":{"line":184,"column":21}}],"line":180},"32":{"loc":{"start":{"line":181,"column":24},"end":{"line":182,"column":65}},"type":"if","locations":[{"start":{"line":181,"column":24},"end":{"line":182,"column":65}},{"start":{"line":181,"column":24},"end":{"line":182,"column":65}}],"line":181},"33":{"loc":{"start":{"line":189,"column":8},"end":{"line":189,"column":68}},"type":"if","locations":[{"start":{"line":189,"column":8},"end":{"line":189,"column":68}},{"start":{"line":189,"column":8},"end":{"line":189,"column":68}}],"line":189},"34":{"loc":{"start":{"line":196,"column":12},"end":{"line":198,"column":13}},"type":"if","locations":[{"start":{"line":196,"column":12},"end":{"line":198,"column":13}},{"start":{"line":196,"column":12},"end":{"line":198,"column":13}}],"line":196},"35":{"loc":{"start":{"line":208,"column":8},"end":{"line":208,"column":30}},"type":"if","locations":[{"start":{"line":208,"column":8},"end":{"line":208,"column":30}},{"start":{"line":208,"column":8},"end":{"line":208,"column":30}}],"line":208},"36":{"loc":{"start":{"line":211,"column":16},"end":{"line":213,"column":17}},"type":"if","locations":[{"start":{"line":211,"column":16},"end":{"line":213,"column":17}},{"start":{"line":211,"column":16},"end":{"line":213,"column":17}}],"line":211},"37":{"loc":{"start":{"line":219,"column":12},"end":{"line":221,"column":13}},"type":"if","locations":[{"start":{"line":219,"column":12},"end":{"line":221,"column":13}},{"start":{"line":219,"column":12},"end":{"line":221,"column":13}}],"line":219},"38":{"loc":{"start":{"line":224,"column":33},"end":{"line":224,"column":71}},"type":"cond-expr","locations":[{"start":{"line":224,"column":65},"end":{"line":224,"column":67}},{"start":{"line":224,"column":70},"end":{"line":224,"column":71}}],"line":224},"39":{"loc":{"start":{"line":233,"column":8},"end":{"line":233,"column":30}},"type":"if","locations":[{"start":{"line":233,"column":8},"end":{"line":233,"column":30}},{"start":{"line":233,"column":8},"end":{"line":233,"column":30}}],"line":233},"40":{"loc":{"start":{"line":236,"column":16},"end":{"line":238,"column":17}},"type":"if","locations":[{"start":{"line":236,"column":16},"end":{"line":238,"column":17}},{"start":{"line":236,"column":16},"end":{"line":238,"column":17}}],"line":236}},"s":{"0":1,"1":2,"2":1,"3":1,"4":2,"5":2,"6":2,"7":1,"8":1,"9":1,"10":5,"11":1,"12":1,"13":1,"14":0,"15":1,"16":1,"17":4,"18":1,"19":1,"20":3,"21":3,"22":1,"23":2,"24":2,"25":2,"26":2,"27":1,"28":1,"29":24,"30":24,"31":56,"32":17,"33":7,"34":1,"35":0,"36":1,"37":1,"38":1,"39":1,"40":2,"41":2,"42":1,"43":1,"44":1,"45":2,"46":2,"47":2,"48":4,"49":4,"50":1,"51":3,"52":2,"53":5,"54":5,"55":5,"56":5,"57":0,"58":5,"59":5,"60":5,"61":5,"62":10,"63":5,"64":5,"65":2,"66":2,"67":2,"68":3,"69":1,"70":1,"71":1,"72":2,"73":1,"74":1,"75":1,"76":1,"77":1,"78":5,"79":5,"80":5,"81":1,"82":1,"83":5,"84":1,"85":0,"86":5,"87":5,"88":2,"89":2,"90":2,"91":0,"92":2,"93":1,"94":1,"95":1,"96":4,"97":4,"98":5,"99":5,"100":10,"101":4,"102":4,"103":2,"104":4,"105":1,"106":0,"107":1,"108":2,"109":2,"110":5,"111":1,"112":1,"113":2,"114":2,"115":2,"116":2,"117":1,"118":1,"119":1,"120":2,"121":2,"122":4,"123":2,"124":1,"125":2,"126":2,"127":1,"128":1,"129":1,"130":1,"131":2,"132":2,"133":2,"134":2,"135":1,"136":1,"137":1,"138":2,"139":2,"140":4,"141":2,"142":1,"143":2,"144":1,"145":1},"f":{"0":2,"1":1,"2":5,"3":3,"4":24,"5":1,"6":2,"7":2,"8":5,"9":2,"10":4,"11":2,"12":2,"13":1,"14":2},"b":{"0":[1,1],"1":[2,3],"2":[1,0],"3":[1,0],"4":[1,2],"5":[2,0],"6":[1,1],"7":[17,39],"8":[0,1],"9":[1,1],"10":[1,3],"11":[0,5],"12":[5,5],"13":[2,3],"14":[5,3],"15":[2,0],"16":[2,2],"17":[1,2],"18":[3,2],"19":[1,0],"20":[1,1],"21":[2,1],"22":[1,0],"23":[1,4],"24":[1,0],"25":[1,1],"26":[1,4],"27":[0,1],"28":[1,1],"29":[0,2],"30":[1,1],"31":[4,6],"32":[2,2],"33":[0,1],"34":[1,4],"35":[1,1],"36":[2,2],"37":[2,0],"38":[1,0],"39":[1,1],"40":[2,2]},"_coverageSchema":"1a1c01bbd47fc00a2c39e90264f33305004495a9","hash":"1110c1a6ae2098dd149d74a0b6b79c19cbc30c13"}
,"F:\\softwareEng\\Marioplex-Backend\\mock-classes\\authentication-mock.js": {"path":"F:\\softwareEng\\Marioplex-Backend\\mock-classes\\authentication-mock.js","statementMap":{"0":{"start":{"line":1,"column":15},"end":{"line":1,"column":32}},"1":{"start":{"line":15,"column":19},"end":{"line":44,"column":1}},"2":{"start":{"line":18,"column":8},"end":{"line":20,"column":9}},"3":{"start":{"line":18,"column":18},"end":{"line":18,"column":19}},"4":{"start":{"line":19,"column":12},"end":{"line":19,"column":107}},"5":{"start":{"line":19,"column":98},"end":{"line":19,"column":107}},"6":{"start":{"line":21,"column":8},"end":{"line":21,"column":17}},"7":{"start":{"line":24,"column":8},"end":{"line":24,"column":89}},"8":{"start":{"line":24,"column":80},"end":{"line":24,"column":89}},"9":{"start":{"line":25,"column":8},"end":{"line":27,"column":9}},"10":{"start":{"line":26,"column":12},"end":{"line":26,"column":45}},"11":{"start":{"line":26,"column":36},"end":{"line":26,"column":45}},"12":{"start":{"line":28,"column":19},"end":{"line":40,"column":9}},"13":{"start":{"line":41,"column":8},"end":{"line":41,"column":29}},"14":{"start":{"line":42,"column":8},"end":{"line":42,"column":17}},"15":{"start":{"line":45,"column":0},"end":{"line":45,"column":25}}},"fnMap":{"0":{"name":"(anonymous_0)","decl":{"start":{"line":17,"column":11},"end":{"line":17,"column":12}},"loc":{"start":{"line":17,"column":35},"end":{"line":22,"column":5}},"line":17},"1":{"name":"(anonymous_1)","decl":{"start":{"line":23,"column":12},"end":{"line":23,"column":13}},"loc":{"start":{"line":23,"column":69},"end":{"line":43,"column":5}},"line":23}},"branchMap":{"0":{"loc":{"start":{"line":19,"column":12},"end":{"line":19,"column":107}},"type":"if","locations":[{"start":{"line":19,"column":12},"end":{"line":19,"column":107}},{"start":{"line":19,"column":12},"end":{"line":19,"column":107}}],"line":19},"1":{"loc":{"start":{"line":19,"column":15},"end":{"line":19,"column":95}},"type":"binary-expr","locations":[{"start":{"line":19,"column":15},"end":{"line":19,"column":43}},{"start":{"line":19,"column":47},"end":{"line":19,"column":95}}],"line":19},"2":{"loc":{"start":{"line":24,"column":8},"end":{"line":24,"column":89}},"type":"if","locations":[{"start":{"line":24,"column":8},"end":{"line":24,"column":89}},{"start":{"line":24,"column":8},"end":{"line":24,"column":89}}],"line":24},"3":{"loc":{"start":{"line":24,"column":11},"end":{"line":24,"column":79}},"type":"binary-expr","locations":[{"start":{"line":24,"column":11},"end":{"line":24,"column":17}},{"start":{"line":24,"column":21},"end":{"line":24,"column":30}},{"start":{"line":24,"column":34},"end":{"line":24,"column":41}},{"start":{"line":24,"column":45},"end":{"line":24,"column":53}},{"start":{"line":24,"column":57},"end":{"line":24,"column":66}},{"start":{"line":24,"column":70},"end":{"line":24,"column":79}}],"line":24},"4":{"loc":{"start":{"line":26,"column":12},"end":{"line":26,"column":45}},"type":"if","locations":[{"start":{"line":26,"column":12},"end":{"line":26,"column":45}},{"start":{"line":26,"column":12},"end":{"line":26,"column":45}}],"line":26}},"s":{"0":1,"1":1,"2":3,"3":3,"4":3,"5":1,"6":2,"7":4,"8":2,"9":2,"10":1,"11":1,"12":1,"13":1,"14":1,"15":1},"f":{"0":3,"1":4},"b":{"0":[1,2],"1":[3,1],"2":[2,2],"3":[4,3,2,2,2,2],"4":[1,0]},"_coverageSchema":"1a1c01bbd47fc00a2c39e90264f33305004495a9","hash":"5d3fbe913531488e376fb0b1142d6d57bd5bced5"}
,"F:\\softwareEng\\Marioplex-Backend\\mock-classes\\browse-mock.js": {"path":"F:\\softwareEng\\Marioplex-Backend\\mock-classes\\browse-mock.js","statementMap":{"0":{"start":{"line":1,"column":22},"end":{"line":17,"column":2}},"1":{"start":{"line":4,"column":9},"end":{"line":8,"column":10}},"2":{"start":{"line":4,"column":22},"end":{"line":4,"column":23}},"3":{"start":{"line":5,"column":13},"end":{"line":7,"column":14}},"4":{"start":{"line":6,"column":17},"end":{"line":6,"column":42}},"5":{"start":{"line":9,"column":9},"end":{"line":9,"column":18}},"6":{"start":{"line":14,"column":9},"end":{"line":15,"column":36}},"7":{"start":{"line":14,"column":41},"end":{"line":14,"column":50}},"8":{"start":{"line":15,"column":14},"end":{"line":15,"column":36}},"9":{"start":{"line":18,"column":1},"end":{"line":18,"column":30}}},"fnMap":{"0":{"name":"(anonymous_0)","decl":{"start":{"line":3,"column":22},"end":{"line":3,"column":23}},"loc":{"start":{"line":3,"column":43},"end":{"line":11,"column":6}},"line":3},"1":{"name":"(anonymous_1)","decl":{"start":{"line":13,"column":20},"end":{"line":13,"column":21}},"loc":{"start":{"line":13,"column":31},"end":{"line":16,"column":6}},"line":13}},"branchMap":{"0":{"loc":{"start":{"line":5,"column":13},"end":{"line":7,"column":14}},"type":"if","locations":[{"start":{"line":5,"column":13},"end":{"line":7,"column":14}},{"start":{"line":5,"column":13},"end":{"line":7,"column":14}}],"line":5},"1":{"loc":{"start":{"line":14,"column":9},"end":{"line":15,"column":36}},"type":"if","locations":[{"start":{"line":14,"column":9},"end":{"line":15,"column":36}},{"start":{"line":14,"column":9},"end":{"line":15,"column":36}}],"line":14}},"s":{"0":1,"1":1,"2":1,"3":1,"4":1,"5":0,"6":1,"7":0,"8":1,"9":1},"f":{"0":1,"1":1},"b":{"0":[1,0],"1":[0,1]},"_coverageSchema":"1a1c01bbd47fc00a2c39e90264f33305004495a9","hash":"713c0256ddc953f3ab01aedb858d2b269653bf8c"}
,"F:\\softwareEng\\Marioplex-Backend\\mock-classes\\forgpass-mock.js": {"path":"F:\\softwareEng\\Marioplex-Backend\\mock-classes\\forgpass-mock.js","statementMap":{"0":{"start":{"line":1,"column":18},"end":{"line":15,"column":1}},"1":{"start":{"line":5,"column":8},"end":{"line":5,"column":58}},"2":{"start":{"line":5,"column":39},"end":{"line":5,"column":56}},"3":{"start":{"line":9,"column":17},"end":{"line":9,"column":59}},"4":{"start":{"line":9,"column":41},"end":{"line":9,"column":58}},"5":{"start":{"line":10,"column":8},"end":{"line":10,"column":27}},"6":{"start":{"line":10,"column":18},"end":{"line":10,"column":27}},"7":{"start":{"line":11,"column":8},"end":{"line":11,"column":46}},"8":{"start":{"line":12,"column":8},"end":{"line":12,"column":20}},"9":{"start":{"line":16,"column":0},"end":{"line":16,"column":24}}},"fnMap":{"0":{"name":"(anonymous_0)","decl":{"start":{"line":4,"column":16},"end":{"line":4,"column":17}},"loc":{"start":{"line":4,"column":31},"end":{"line":6,"column":5}},"line":4},"1":{"name":"(anonymous_1)","decl":{"start":{"line":5,"column":31},"end":{"line":5,"column":32}},"loc":{"start":{"line":5,"column":39},"end":{"line":5,"column":56}},"line":5},"2":{"name":"(anonymous_2)","decl":{"start":{"line":8,"column":29},"end":{"line":8,"column":30}},"loc":{"start":{"line":8,"column":44},"end":{"line":13,"column":5}},"line":8},"3":{"name":"(anonymous_3)","decl":{"start":{"line":9,"column":33},"end":{"line":9,"column":34}},"loc":{"start":{"line":9,"column":41},"end":{"line":9,"column":58}},"line":9}},"branchMap":{"0":{"loc":{"start":{"line":10,"column":8},"end":{"line":10,"column":27}},"type":"if","locations":[{"start":{"line":10,"column":8},"end":{"line":10,"column":27}},{"start":{"line":10,"column":8},"end":{"line":10,"column":27}}],"line":10}},"s":{"0":1,"1":2,"2":3,"3":2,"4":3,"5":2,"6":1,"7":1,"8":1,"9":1},"f":{"0":2,"1":3,"2":2,"3":3},"b":{"0":[1,1]},"_coverageSchema":"1a1c01bbd47fc00a2c39e90264f33305004495a9","hash":"6607168b50dbd986290944957fa7ab496ec2f300"}
,"F:\\softwareEng\\Marioplex-Backend\\mock-classes\\library-mock.js": {"path":"F:\\softwareEng\\Marioplex-Backend\\mock-classes\\library-mock.js","statementMap":{"0":{"start":{"line":1,"column":20},"end":{"line":86,"column":1}},"1":{"start":{"line":3,"column":21},"end":{"line":3,"column":23}},"2":{"start":{"line":4,"column":20},"end":{"line":4,"column":25}},"3":{"start":{"line":5,"column":8},"end":{"line":16,"column":9}},"4":{"start":{"line":5,"column":21},"end":{"line":5,"column":22}},"5":{"start":{"line":6,"column":12},"end":{"line":6,"column":26}},"6":{"start":{"line":7,"column":12},"end":{"line":12,"column":13}},"7":{"start":{"line":8,"column":16},"end":{"line":11,"column":17}},"8":{"start":{"line":9,"column":20},"end":{"line":9,"column":38}},"9":{"start":{"line":10,"column":20},"end":{"line":10,"column":33}},"10":{"start":{"line":13,"column":12},"end":{"line":15,"column":13}},"11":{"start":{"line":14,"column":16},"end":{"line":14,"column":35}},"12":{"start":{"line":17,"column":8},"end":{"line":17,"column":22}},"13":{"start":{"line":21,"column":21},"end":{"line":21,"column":23}},"14":{"start":{"line":22,"column":20},"end":{"line":22,"column":25}},"15":{"start":{"line":23,"column":8},"end":{"line":34,"column":9}},"16":{"start":{"line":23,"column":21},"end":{"line":23,"column":22}},"17":{"start":{"line":24,"column":12},"end":{"line":24,"column":26}},"18":{"start":{"line":25,"column":12},"end":{"line":30,"column":13}},"19":{"start":{"line":26,"column":16},"end":{"line":29,"column":17}},"20":{"start":{"line":27,"column":20},"end":{"line":27,"column":38}},"21":{"start":{"line":28,"column":20},"end":{"line":28,"column":33}},"22":{"start":{"line":31,"column":12},"end":{"line":33,"column":13}},"23":{"start":{"line":32,"column":16},"end":{"line":32,"column":35}},"24":{"start":{"line":35,"column":8},"end":{"line":35,"column":22}},"25":{"start":{"line":39,"column":21},"end":{"line":39,"column":23}},"26":{"start":{"line":40,"column":8},"end":{"line":40,"column":28}},"27":{"start":{"line":40,"column":19},"end":{"line":40,"column":28}},"28":{"start":{"line":41,"column":8},"end":{"line":41,"column":45}},"29":{"start":{"line":41,"column":36},"end":{"line":41,"column":45}},"30":{"start":{"line":42,"column":8},"end":{"line":44,"column":9}},"31":{"start":{"line":42,"column":21},"end":{"line":42,"column":22}},"32":{"start":{"line":43,"column":12},"end":{"line":43,"column":51}},"33":{"start":{"line":46,"column":20},"end":{"line":46,"column":21}},"34":{"start":{"line":47,"column":18},"end":{"line":47,"column":59}},"35":{"start":{"line":48,"column":8},"end":{"line":52,"column":9}},"36":{"start":{"line":49,"column":12},"end":{"line":51,"column":13}},"37":{"start":{"line":50,"column":16},"end":{"line":50,"column":31}},"38":{"start":{"line":53,"column":8},"end":{"line":57,"column":9}},"39":{"start":{"line":54,"column":12},"end":{"line":56,"column":13}},"40":{"start":{"line":55,"column":16},"end":{"line":55,"column":36}},"41":{"start":{"line":59,"column":8},"end":{"line":59,"column":40}},"42":{"start":{"line":63,"column":21},"end":{"line":63,"column":23}},"43":{"start":{"line":64,"column":8},"end":{"line":64,"column":28}},"44":{"start":{"line":64,"column":19},"end":{"line":64,"column":28}},"45":{"start":{"line":65,"column":8},"end":{"line":65,"column":44}},"46":{"start":{"line":65,"column":33},"end":{"line":65,"column":42}},"47":{"start":{"line":66,"column":8},"end":{"line":69,"column":9}},"48":{"start":{"line":66,"column":21},"end":{"line":66,"column":22}},"49":{"start":{"line":68,"column":12},"end":{"line":68,"column":46}},"50":{"start":{"line":70,"column":20},"end":{"line":70,"column":21}},"51":{"start":{"line":71,"column":18},"end":{"line":71,"column":59}},"52":{"start":{"line":72,"column":8},"end":{"line":76,"column":9}},"53":{"start":{"line":73,"column":12},"end":{"line":75,"column":13}},"54":{"start":{"line":74,"column":16},"end":{"line":74,"column":31}},"55":{"start":{"line":77,"column":8},"end":{"line":82,"column":9}},"56":{"start":{"line":78,"column":12},"end":{"line":80,"column":13}},"57":{"start":{"line":79,"column":16},"end":{"line":79,"column":36}},"58":{"start":{"line":83,"column":8},"end":{"line":83,"column":40}},"59":{"start":{"line":87,"column":0},"end":{"line":87,"column":29}}},"fnMap":{"0":{"name":"(anonymous_0)","decl":{"start":{"line":2,"column":22},"end":{"line":2,"column":23}},"loc":{"start":{"line":2,"column":45},"end":{"line":18,"column":5}},"line":2},"1":{"name":"(anonymous_1)","decl":{"start":{"line":19,"column":22},"end":{"line":19,"column":23}},"loc":{"start":{"line":19,"column":45},"end":{"line":36,"column":5}},"line":19},"2":{"name":"(anonymous_2)","decl":{"start":{"line":37,"column":20},"end":{"line":37,"column":21}},"loc":{"start":{"line":37,"column":50},"end":{"line":60,"column":5}},"line":37},"3":{"name":"(anonymous_3)","decl":{"start":{"line":61,"column":20},"end":{"line":61,"column":21}},"loc":{"start":{"line":61,"column":50},"end":{"line":84,"column":5}},"line":61}},"branchMap":{"0":{"loc":{"start":{"line":8,"column":16},"end":{"line":11,"column":17}},"type":"if","locations":[{"start":{"line":8,"column":16},"end":{"line":11,"column":17}},{"start":{"line":8,"column":16},"end":{"line":11,"column":17}}],"line":8},"1":{"loc":{"start":{"line":13,"column":12},"end":{"line":15,"column":13}},"type":"if","locations":[{"start":{"line":13,"column":12},"end":{"line":15,"column":13}},{"start":{"line":13,"column":12},"end":{"line":15,"column":13}}],"line":13},"2":{"loc":{"start":{"line":26,"column":16},"end":{"line":29,"column":17}},"type":"if","locations":[{"start":{"line":26,"column":16},"end":{"line":29,"column":17}},{"start":{"line":26,"column":16},"end":{"line":29,"column":17}}],"line":26},"3":{"loc":{"start":{"line":31,"column":12},"end":{"line":33,"column":13}},"type":"if","locations":[{"start":{"line":31,"column":12},"end":{"line":33,"column":13}},{"start":{"line":31,"column":12},"end":{"line":33,"column":13}}],"line":31},"4":{"loc":{"start":{"line":40,"column":8},"end":{"line":40,"column":28}},"type":"if","locations":[{"start":{"line":40,"column":8},"end":{"line":40,"column":28}},{"start":{"line":40,"column":8},"end":{"line":40,"column":28}}],"line":40},"5":{"loc":{"start":{"line":41,"column":8},"end":{"line":41,"column":45}},"type":"if","locations":[{"start":{"line":41,"column":8},"end":{"line":41,"column":45}},{"start":{"line":41,"column":8},"end":{"line":41,"column":45}}],"line":41},"6":{"loc":{"start":{"line":47,"column":18},"end":{"line":47,"column":59}},"type":"cond-expr","locations":[{"start":{"line":47,"column":41},"end":{"line":47,"column":43}},{"start":{"line":47,"column":46},"end":{"line":47,"column":59}}],"line":47},"7":{"loc":{"start":{"line":48,"column":8},"end":{"line":52,"column":9}},"type":"if","locations":[{"start":{"line":48,"column":8},"end":{"line":52,"column":9}},{"start":{"line":48,"column":8},"end":{"line":52,"column":9}}],"line":48},"8":{"loc":{"start":{"line":49,"column":12},"end":{"line":51,"column":13}},"type":"if","locations":[{"start":{"line":49,"column":12},"end":{"line":51,"column":13}},{"start":{"line":49,"column":12},"end":{"line":51,"column":13}}],"line":49},"9":{"loc":{"start":{"line":49,"column":16},"end":{"line":49,"column":54}},"type":"binary-expr","locations":[{"start":{"line":49,"column":16},"end":{"line":49,"column":27}},{"start":{"line":49,"column":31},"end":{"line":49,"column":54}}],"line":49},"10":{"loc":{"start":{"line":53,"column":8},"end":{"line":57,"column":9}},"type":"if","locations":[{"start":{"line":53,"column":8},"end":{"line":57,"column":9}},{"start":{"line":53,"column":8},"end":{"line":57,"column":9}}],"line":53},"11":{"loc":{"start":{"line":54,"column":12},"end":{"line":56,"column":13}},"type":"if","locations":[{"start":{"line":54,"column":12},"end":{"line":56,"column":13}},{"start":{"line":54,"column":12},"end":{"line":56,"column":13}}],"line":54},"12":{"loc":{"start":{"line":54,"column":16},"end":{"line":54,"column":71}},"type":"binary-expr","locations":[{"start":{"line":54,"column":16},"end":{"line":54,"column":35}},{"start":{"line":54,"column":39},"end":{"line":54,"column":71}}],"line":54},"13":{"loc":{"start":{"line":64,"column":8},"end":{"line":64,"column":28}},"type":"if","locations":[{"start":{"line":64,"column":8},"end":{"line":64,"column":28}},{"start":{"line":64,"column":8},"end":{"line":64,"column":28}}],"line":64},"14":{"loc":{"start":{"line":65,"column":8},"end":{"line":65,"column":44}},"type":"if","locations":[{"start":{"line":65,"column":8},"end":{"line":65,"column":44}},{"start":{"line":65,"column":8},"end":{"line":65,"column":44}}],"line":65},"15":{"loc":{"start":{"line":71,"column":18},"end":{"line":71,"column":59}},"type":"cond-expr","locations":[{"start":{"line":71,"column":41},"end":{"line":71,"column":43}},{"start":{"line":71,"column":46},"end":{"line":71,"column":59}}],"line":71},"16":{"loc":{"start":{"line":72,"column":8},"end":{"line":76,"column":9}},"type":"if","locations":[{"start":{"line":72,"column":8},"end":{"line":76,"column":9}},{"start":{"line":72,"column":8},"end":{"line":76,"column":9}}],"line":72},"17":{"loc":{"start":{"line":73,"column":12},"end":{"line":75,"column":13}},"type":"if","locations":[{"start":{"line":73,"column":12},"end":{"line":75,"column":13}},{"start":{"line":73,"column":12},"end":{"line":75,"column":13}}],"line":73},"18":{"loc":{"start":{"line":73,"column":16},"end":{"line":73,"column":54}},"type":"binary-expr","locations":[{"start":{"line":73,"column":16},"end":{"line":73,"column":27}},{"start":{"line":73,"column":31},"end":{"line":73,"column":54}}],"line":73},"19":{"loc":{"start":{"line":77,"column":8},"end":{"line":82,"column":9}},"type":"if","locations":[{"start":{"line":77,"column":8},"end":{"line":82,"column":9}},{"start":{"line":77,"column":8},"end":{"line":82,"column":9}}],"line":77},"20":{"loc":{"start":{"line":78,"column":12},"end":{"line":80,"column":13}},"type":"if","locations":[{"start":{"line":78,"column":12},"end":{"line":80,"column":13}},{"start":{"line":78,"column":12},"end":{"line":80,"column":13}}],"line":78},"21":{"loc":{"start":{"line":78,"column":16},"end":{"line":78,"column":71}},"type":"binary-expr","locations":[{"start":{"line":78,"column":16},"end":{"line":78,"column":35}},{"start":{"line":78,"column":39},"end":{"line":78,"column":71}}],"line":78}},"s":{"0":1,"1":1,"2":1,"3":1,"4":1,"5":4,"6":4,"7":28,"8":2,"9":2,"10":4,"11":2,"12":1,"13":1,"14":1,"15":1,"16":1,"17":5,"18":5,"19":40,"20":3,"21":3,"22":5,"23":2,"24":1,"25":1,"26":1,"27":0,"28":1,"29":0,"30":1,"31":1,"32":7,"33":1,"34":1,"35":1,"36":0,"37":0,"38":1,"39":1,"40":0,"41":1,"42":1,"43":1,"44":0,"45":1,"46":0,"47":1,"48":1,"49":8,"50":1,"51":1,"52":1,"53":0,"54":0,"55":1,"56":1,"57":1,"58":1,"59":1},"f":{"0":1,"1":1,"2":1,"3":1},"b":{"0":[2,26],"1":[2,2],"2":[3,37],"3":[2,3],"4":[0,1],"5":[0,1],"6":[0,1],"7":[0,1],"8":[0,0],"9":[0,0],"10":[1,0],"11":[0,1],"12":[1,1],"13":[0,1],"14":[0,1],"15":[0,1],"16":[0,1],"17":[0,0],"18":[0,0],"19":[1,0],"20":[1,0],"21":[1,1]},"_coverageSchema":"1a1c01bbd47fc00a2c39e90264f33305004495a9","hash":"d0c832c7fe1785459abf6429049b2c59e152cf93"}
,"F:\\softwareEng\\Marioplex-Backend\\mock-classes\\player-mock.js": {"path":"F:\\softwareEng\\Marioplex-Backend\\mock-classes\\player-mock.js","statementMap":{"0":{"start":{"line":1,"column":19},"end":{"line":432,"column":1}},"1":{"start":{"line":3,"column":8},"end":{"line":24,"column":9}},"2":{"start":{"line":4,"column":12},"end":{"line":12,"column":13}},"3":{"start":{"line":4,"column":25},"end":{"line":4,"column":26}},"4":{"start":{"line":5,"column":16},"end":{"line":11,"column":17}},"5":{"start":{"line":6,"column":20},"end":{"line":10,"column":21}},"6":{"start":{"line":14,"column":12},"end":{"line":23,"column":13}},"7":{"start":{"line":14,"column":25},"end":{"line":14,"column":49}},"8":{"start":{"line":15,"column":16},"end":{"line":22,"column":17}},"9":{"start":{"line":17,"column":20},"end":{"line":21,"column":21}},"10":{"start":{"line":25,"column":8},"end":{"line":28,"column":9}},"11":{"start":{"line":31,"column":8},"end":{"line":31,"column":43}},"12":{"start":{"line":31,"column":26},"end":{"line":31,"column":43}},"13":{"start":{"line":32,"column":8},"end":{"line":32,"column":65}},"14":{"start":{"line":32,"column":37},"end":{"line":32,"column":65}},"15":{"start":{"line":33,"column":8},"end":{"line":33,"column":65}},"16":{"start":{"line":33,"column":37},"end":{"line":33,"column":65}},"17":{"start":{"line":34,"column":8},"end":{"line":34,"column":59}},"18":{"start":{"line":35,"column":8},"end":{"line":75,"column":9}},"19":{"start":{"line":36,"column":12},"end":{"line":36,"column":123}},"20":{"start":{"line":38,"column":12},"end":{"line":42,"column":107}},"21":{"start":{"line":39,"column":16},"end":{"line":39,"column":61}},"22":{"start":{"line":40,"column":16},"end":{"line":40,"column":120}},"23":{"start":{"line":41,"column":16},"end":{"line":41,"column":25}},"24":{"start":{"line":42,"column":19},"end":{"line":42,"column":107}},"25":{"start":{"line":44,"column":12},"end":{"line":50,"column":13}},"26":{"start":{"line":45,"column":16},"end":{"line":45,"column":77}},"27":{"start":{"line":48,"column":16},"end":{"line":48,"column":120}},"28":{"start":{"line":53,"column":12},"end":{"line":74,"column":13}},"29":{"start":{"line":54,"column":16},"end":{"line":54,"column":54}},"30":{"start":{"line":55,"column":16},"end":{"line":55,"column":59}},"31":{"start":{"line":56,"column":16},"end":{"line":60,"column":17}},"32":{"start":{"line":57,"column":20},"end":{"line":57,"column":81}},"33":{"start":{"line":59,"column":20},"end":{"line":59,"column":124}},"34":{"start":{"line":61,"column":16},"end":{"line":61,"column":42}},"35":{"start":{"line":62,"column":16},"end":{"line":62,"column":119}},"36":{"start":{"line":65,"column":16},"end":{"line":65,"column":73}},"37":{"start":{"line":66,"column":16},"end":{"line":66,"column":59}},"38":{"start":{"line":67,"column":16},"end":{"line":67,"column":64}},"39":{"start":{"line":68,"column":30},"end":{"line":68,"column":50}},"40":{"start":{"line":70,"column":16},"end":{"line":70,"column":81}},"41":{"start":{"line":72,"column":16},"end":{"line":72,"column":116}},"42":{"start":{"line":76,"column":8},"end":{"line":76,"column":17}},"43":{"start":{"line":81,"column":8},"end":{"line":81,"column":43}},"44":{"start":{"line":81,"column":26},"end":{"line":81,"column":43}},"45":{"start":{"line":82,"column":8},"end":{"line":82,"column":65}},"46":{"start":{"line":82,"column":37},"end":{"line":82,"column":65}},"47":{"start":{"line":83,"column":8},"end":{"line":83,"column":65}},"48":{"start":{"line":83,"column":37},"end":{"line":83,"column":65}},"49":{"start":{"line":84,"column":24},"end":{"line":84,"column":49}},"50":{"start":{"line":85,"column":29},"end":{"line":85,"column":103}},"51":{"start":{"line":86,"column":8},"end":{"line":145,"column":9}},"52":{"start":{"line":89,"column":12},"end":{"line":89,"column":63}},"53":{"start":{"line":91,"column":12},"end":{"line":134,"column":13}},"54":{"start":{"line":92,"column":16},"end":{"line":92,"column":116}},"55":{"start":{"line":95,"column":16},"end":{"line":112,"column":17}},"56":{"start":{"line":97,"column":20},"end":{"line":97,"column":115}},"57":{"start":{"line":98,"column":20},"end":{"line":98,"column":65}},"58":{"start":{"line":102,"column":20},"end":{"line":111,"column":21}},"59":{"start":{"line":103,"column":24},"end":{"line":103,"column":103}},"60":{"start":{"line":104,"column":24},"end":{"line":104,"column":119}},"61":{"start":{"line":108,"column":24},"end":{"line":108,"column":128}},"62":{"start":{"line":110,"column":24},"end":{"line":110,"column":67}},"63":{"start":{"line":113,"column":16},"end":{"line":113,"column":25}},"64":{"start":{"line":115,"column":16},"end":{"line":115,"column":96}},"65":{"start":{"line":117,"column":16},"end":{"line":131,"column":17}},"66":{"start":{"line":118,"column":20},"end":{"line":118,"column":115}},"67":{"start":{"line":120,"column":20},"end":{"line":120,"column":63}},"68":{"start":{"line":123,"column":20},"end":{"line":130,"column":21}},"69":{"start":{"line":124,"column":24},"end":{"line":124,"column":103}},"70":{"start":{"line":125,"column":24},"end":{"line":125,"column":119}},"71":{"start":{"line":128,"column":24},"end":{"line":128,"column":128}},"72":{"start":{"line":129,"column":24},"end":{"line":129,"column":67}},"73":{"start":{"line":133,"column":16},"end":{"line":133,"column":25}},"74":{"start":{"line":136,"column":12},"end":{"line":136,"column":115}},"75":{"start":{"line":137,"column":12},"end":{"line":142,"column":13}},"76":{"start":{"line":138,"column":16},"end":{"line":138,"column":111}},"77":{"start":{"line":141,"column":16},"end":{"line":141,"column":120}},"78":{"start":{"line":144,"column":12},"end":{"line":144,"column":21}},"79":{"start":{"line":152,"column":113},"end":{"line":152,"column":173}},"80":{"start":{"line":153,"column":8},"end":{"line":153,"column":78}},"81":{"start":{"line":154,"column":8},"end":{"line":154,"column":78}},"82":{"start":{"line":155,"column":8},"end":{"line":155,"column":47}},"83":{"start":{"line":156,"column":8},"end":{"line":156,"column":65}},"84":{"start":{"line":157,"column":8},"end":{"line":157,"column":41}},"85":{"start":{"line":158,"column":8},"end":{"line":158,"column":41}},"86":{"start":{"line":159,"column":8},"end":{"line":159,"column":43}},"87":{"start":{"line":160,"column":8},"end":{"line":160,"column":17}},"88":{"start":{"line":164,"column":8},"end":{"line":179,"column":9}},"89":{"start":{"line":165,"column":12},"end":{"line":165,"column":69}},"90":{"start":{"line":165,"column":46},"end":{"line":165,"column":69}},"91":{"start":{"line":166,"column":12},"end":{"line":169,"column":15}},"92":{"start":{"line":171,"column":12},"end":{"line":171,"column":21}},"93":{"start":{"line":173,"column":12},"end":{"line":173,"column":34}},"94":{"start":{"line":174,"column":12},"end":{"line":176,"column":15}},"95":{"start":{"line":178,"column":12},"end":{"line":178,"column":21}},"96":{"start":{"line":184,"column":8},"end":{"line":184,"column":30}},"97":{"start":{"line":185,"column":8},"end":{"line":185,"column":17}},"98":{"start":{"line":189,"column":8},"end":{"line":189,"column":28}},"99":{"start":{"line":190,"column":21},"end":{"line":190,"column":23}},"100":{"start":{"line":191,"column":8},"end":{"line":191,"column":45}},"101":{"start":{"line":191,"column":31},"end":{"line":191,"column":45}},"102":{"start":{"line":192,"column":8},"end":{"line":192,"column":108}},"103":{"start":{"line":192,"column":21},"end":{"line":192,"column":22}},"104":{"start":{"line":192,"column":75},"end":{"line":192,"column":108}},"105":{"start":{"line":193,"column":8},"end":{"line":193,"column":22}},"106":{"start":{"line":198,"column":8},"end":{"line":198,"column":43}},"107":{"start":{"line":198,"column":26},"end":{"line":198,"column":43}},"108":{"start":{"line":199,"column":8},"end":{"line":199,"column":44}},"109":{"start":{"line":200,"column":8},"end":{"line":200,"column":40}},"110":{"start":{"line":201,"column":8},"end":{"line":250,"column":9}},"111":{"start":{"line":202,"column":29},"end":{"line":202,"column":35}},"112":{"start":{"line":203,"column":12},"end":{"line":203,"column":44}},"113":{"start":{"line":204,"column":12},"end":{"line":204,"column":36}},"114":{"start":{"line":204,"column":27},"end":{"line":204,"column":36}},"115":{"start":{"line":205,"column":12},"end":{"line":205,"column":39}},"116":{"start":{"line":206,"column":12},"end":{"line":206,"column":28}},"117":{"start":{"line":207,"column":12},"end":{"line":207,"column":38}},"118":{"start":{"line":208,"column":12},"end":{"line":208,"column":42}},"119":{"start":{"line":209,"column":12},"end":{"line":209,"column":109}},"120":{"start":{"line":209,"column":69},"end":{"line":209,"column":109}},"121":{"start":{"line":211,"column":12},"end":{"line":214,"column":13}},"122":{"start":{"line":213,"column":16},"end":{"line":213,"column":25}},"123":{"start":{"line":215,"column":20},"end":{"line":215,"column":21}},"124":{"start":{"line":216,"column":12},"end":{"line":225,"column":13}},"125":{"start":{"line":216,"column":25},"end":{"line":216,"column":26}},"126":{"start":{"line":217,"column":16},"end":{"line":219,"column":17}},"127":{"start":{"line":218,"column":20},"end":{"line":218,"column":41}},"128":{"start":{"line":220,"column":16},"end":{"line":223,"column":19}},"129":{"start":{"line":224,"column":16},"end":{"line":224,"column":20}},"130":{"start":{"line":226,"column":12},"end":{"line":226,"column":44}},"131":{"start":{"line":227,"column":12},"end":{"line":227,"column":21}},"132":{"start":{"line":229,"column":26},"end":{"line":229,"column":32}},"133":{"start":{"line":230,"column":12},"end":{"line":230,"column":33}},"134":{"start":{"line":230,"column":24},"end":{"line":230,"column":33}},"135":{"start":{"line":231,"column":12},"end":{"line":231,"column":36}},"136":{"start":{"line":232,"column":12},"end":{"line":232,"column":28}},"137":{"start":{"line":233,"column":12},"end":{"line":233,"column":38}},"138":{"start":{"line":234,"column":12},"end":{"line":234,"column":42}},"139":{"start":{"line":235,"column":12},"end":{"line":238,"column":13}},"140":{"start":{"line":237,"column":16},"end":{"line":237,"column":25}},"141":{"start":{"line":239,"column":20},"end":{"line":239,"column":21}},"142":{"start":{"line":240,"column":12},"end":{"line":246,"column":13}},"143":{"start":{"line":241,"column":16},"end":{"line":244,"column":19}},"144":{"start":{"line":245,"column":16},"end":{"line":245,"column":20}},"145":{"start":{"line":249,"column":12},"end":{"line":249,"column":21}},"146":{"start":{"line":255,"column":28},"end":{"line":255,"column":78}},"147":{"start":{"line":256,"column":8},"end":{"line":256,"column":27}},"148":{"start":{"line":262,"column":36},"end":{"line":262,"column":110}},"149":{"start":{"line":263,"column":8},"end":{"line":289,"column":9}},"150":{"start":{"line":264,"column":29},"end":{"line":264,"column":51}},"151":{"start":{"line":265,"column":12},"end":{"line":265,"column":109}},"152":{"start":{"line":265,"column":69},"end":{"line":265,"column":109}},"153":{"start":{"line":266,"column":12},"end":{"line":268,"column":13}},"154":{"start":{"line":267,"column":16},"end":{"line":267,"column":74}},"155":{"start":{"line":269,"column":20},"end":{"line":269,"column":44}},"156":{"start":{"line":270,"column":12},"end":{"line":273,"column":13}},"157":{"start":{"line":270,"column":25},"end":{"line":270,"column":26}},"158":{"start":{"line":271,"column":16},"end":{"line":271,"column":115}},"159":{"start":{"line":272,"column":16},"end":{"line":272,"column":20}},"160":{"start":{"line":275,"column":12},"end":{"line":275,"column":70}},"161":{"start":{"line":277,"column":26},"end":{"line":277,"column":48}},"162":{"start":{"line":278,"column":12},"end":{"line":278,"column":33}},"163":{"start":{"line":278,"column":24},"end":{"line":278,"column":33}},"164":{"start":{"line":279,"column":12},"end":{"line":281,"column":13}},"165":{"start":{"line":280,"column":16},"end":{"line":280,"column":74}},"166":{"start":{"line":282,"column":20},"end":{"line":282,"column":21}},"167":{"start":{"line":283,"column":12},"end":{"line":286,"column":13}},"168":{"start":{"line":284,"column":16},"end":{"line":284,"column":68}},"169":{"start":{"line":285,"column":16},"end":{"line":285,"column":20}},"170":{"start":{"line":288,"column":12},"end":{"line":288,"column":70}},"171":{"start":{"line":293,"column":8},"end":{"line":302,"column":9}},"172":{"start":{"line":294,"column":12},"end":{"line":301,"column":13}},"173":{"start":{"line":295,"column":16},"end":{"line":295,"column":50}},"174":{"start":{"line":296,"column":16},"end":{"line":296,"column":25}},"175":{"start":{"line":298,"column":16},"end":{"line":298,"column":51}},"176":{"start":{"line":299,"column":28},"end":{"line":299,"column":53}},"177":{"start":{"line":300,"column":16},"end":{"line":300,"column":27}},"178":{"start":{"line":303,"column":8},"end":{"line":303,"column":16}},"179":{"start":{"line":306,"column":8},"end":{"line":306,"column":43}},"180":{"start":{"line":306,"column":26},"end":{"line":306,"column":43}},"181":{"start":{"line":307,"column":8},"end":{"line":307,"column":65}},"182":{"start":{"line":307,"column":37},"end":{"line":307,"column":65}},"183":{"start":{"line":308,"column":8},"end":{"line":308,"column":65}},"184":{"start":{"line":308,"column":37},"end":{"line":308,"column":65}},"185":{"start":{"line":309,"column":8},"end":{"line":321,"column":9}},"186":{"start":{"line":309,"column":21},"end":{"line":309,"column":45}},"187":{"start":{"line":310,"column":12},"end":{"line":320,"column":13}},"188":{"start":{"line":311,"column":16},"end":{"line":311,"column":61}},"189":{"start":{"line":313,"column":16},"end":{"line":313,"column":184}},"190":{"start":{"line":314,"column":16},"end":{"line":318,"column":17}},"191":{"start":{"line":315,"column":20},"end":{"line":315,"column":100}},"192":{"start":{"line":317,"column":20},"end":{"line":317,"column":169}},"193":{"start":{"line":319,"column":16},"end":{"line":319,"column":25}},"194":{"start":{"line":324,"column":22},"end":{"line":324,"column":32}},"195":{"start":{"line":325,"column":21},"end":{"line":325,"column":23}},"196":{"start":{"line":326,"column":8},"end":{"line":326,"column":29}},"197":{"start":{"line":326,"column":20},"end":{"line":326,"column":29}},"198":{"start":{"line":327,"column":8},"end":{"line":327,"column":43}},"199":{"start":{"line":327,"column":34},"end":{"line":327,"column":43}},"200":{"start":{"line":328,"column":27},"end":{"line":328,"column":42}},"201":{"start":{"line":330,"column":8},"end":{"line":332,"column":9}},"202":{"start":{"line":330,"column":21},"end":{"line":330,"column":22}},"203":{"start":{"line":331,"column":12},"end":{"line":331,"column":53}},"204":{"start":{"line":333,"column":34},"end":{"line":333,"column":119}},"205":{"start":{"line":336,"column":8},"end":{"line":342,"column":9}},"206":{"start":{"line":336,"column":21},"end":{"line":336,"column":42}},"207":{"start":{"line":338,"column":12},"end":{"line":341,"column":57}},"208":{"start":{"line":339,"column":16},"end":{"line":339,"column":57}},"209":{"start":{"line":341,"column":16},"end":{"line":341,"column":57}},"210":{"start":{"line":344,"column":8},"end":{"line":351,"column":9}},"211":{"start":{"line":345,"column":12},"end":{"line":350,"column":13}},"212":{"start":{"line":345,"column":25},"end":{"line":345,"column":39}},"213":{"start":{"line":346,"column":16},"end":{"line":349,"column":61}},"214":{"start":{"line":347,"column":20},"end":{"line":347,"column":61}},"215":{"start":{"line":349,"column":20},"end":{"line":349,"column":61}},"216":{"start":{"line":352,"column":8},"end":{"line":352,"column":22}},"217":{"start":{"line":357,"column":8},"end":{"line":403,"column":9}},"218":{"start":{"line":358,"column":12},"end":{"line":358,"column":28}},"219":{"start":{"line":359,"column":12},"end":{"line":362,"column":15}},"220":{"start":{"line":363,"column":12},"end":{"line":363,"column":37}},"221":{"start":{"line":364,"column":12},"end":{"line":364,"column":72}},"222":{"start":{"line":365,"column":12},"end":{"line":365,"column":21}},"223":{"start":{"line":368,"column":12},"end":{"line":402,"column":13}},"224":{"start":{"line":369,"column":16},"end":{"line":372,"column":19}},"225":{"start":{"line":373,"column":16},"end":{"line":373,"column":41}},"226":{"start":{"line":374,"column":16},"end":{"line":374,"column":77}},"227":{"start":{"line":375,"column":16},"end":{"line":375,"column":59}},"228":{"start":{"line":376,"column":16},"end":{"line":376,"column":25}},"229":{"start":{"line":378,"column":16},"end":{"line":400,"column":17}},"230":{"start":{"line":379,"column":20},"end":{"line":382,"column":23}},"231":{"start":{"line":383,"column":20},"end":{"line":383,"column":45}},"232":{"start":{"line":384,"column":20},"end":{"line":384,"column":81}},"233":{"start":{"line":385,"column":20},"end":{"line":385,"column":63}},"234":{"start":{"line":387,"column":20},"end":{"line":387,"column":29}},"235":{"start":{"line":392,"column":32},"end":{"line":392,"column":52}},"236":{"start":{"line":393,"column":20},"end":{"line":396,"column":23}},"237":{"start":{"line":397,"column":20},"end":{"line":397,"column":53}},"238":{"start":{"line":398,"column":20},"end":{"line":398,"column":63}},"239":{"start":{"line":399,"column":20},"end":{"line":399,"column":29}},"240":{"start":{"line":407,"column":23},"end":{"line":407,"column":34}},"241":{"start":{"line":408,"column":8},"end":{"line":408,"column":30}},"242":{"start":{"line":408,"column":21},"end":{"line":408,"column":30}},"243":{"start":{"line":409,"column":8},"end":{"line":409,"column":41}},"244":{"start":{"line":411,"column":8},"end":{"line":411,"column":17}},"245":{"start":{"line":414,"column":8},"end":{"line":41
[...]
e":13,"column":12},"end":{"line":13,"column":31}},"9":{"start":{"line":15,"column":8},"end":{"line":15,"column":22}},"10":{"start":{"line":19,"column":32},"end":{"line":19,"column":41}},"11":{"start":{"line":21,"column":8},"end":{"line":23,"column":9}},"12":{"start":{"line":22,"column":12},"end":{"line":22,"column":75}},"13":{"start":{"line":22,"column":49},"end":{"line":22,"column":73}},"14":{"start":{"line":24,"column":8},"end":{"line":24,"column":17}},"15":{"start":{"line":28,"column":8},"end":{"line":30,"column":9}},"16":{"start":{"line":29,"column":12},"end":{"line":29,"column":21}},"17":{"start":{"line":31,"column":8},"end":{"line":37,"column":9}},"18":{"start":{"line":32,"column":12},"end":{"line":34,"column":15}},"19":{"start":{"line":35,"column":12},"end":{"line":35,"column":21}},"20":{"start":{"line":38,"column":8},"end":{"line":38,"column":23}},"21":{"start":{"line":39,"column":8},"end":{"line":41,"column":11}},"22":{"start":{"line":42,"column":8},"end":{"line":42,"column":17}},"23":{"start":{"line":46,"column":8},"end":{"line":48,"column":9}},"24":{"start":{"line":47,"column":12},"end":{"line":47,"column":21}},"25":{"start":{"line":50,"column":8},"end":{"line":54,"column":9}},"26":{"start":{"line":50,"column":21},"end":{"line":50,"column":22}},"27":{"start":{"line":51,"column":12},"end":{"line":53,"column":13}},"28":{"start":{"line":52,"column":16},"end":{"line":52,"column":39}},"29":{"start":{"line":55,"column":8},"end":{"line":55,"column":17}},"30":{"start":{"line":59,"column":22},"end":{"line":59,"column":44}},"31":{"start":{"line":60,"column":8},"end":{"line":60,"column":29}},"32":{"start":{"line":60,"column":20},"end":{"line":60,"column":29}},"33":{"start":{"line":61,"column":30},"end":{"line":76,"column":9}},"34":{"start":{"line":77,"column":8},"end":{"line":77,"column":29}},"35":{"start":{"line":80,"column":23},"end":{"line":108,"column":9}},"36":{"start":{"line":109,"column":8},"end":{"line":109,"column":35}},"37":{"start":{"line":110,"column":8},"end":{"line":110,"column":24}},"38":{"start":{"line":115,"column":0},"end":{"line":115,"column":27}}},"fnMap":{"0":{"name":"(anonymous_0)","decl":{"start":{"line":4,"column":14},"end":{"line":4,"column":15}},"loc":{"start":{"line":4,"column":32},"end":{"line":6,"column":5}},"line":4},"1":{"name":"(anonymous_1)","decl":{"start":{"line":5,"column":32},"end":{"line":5,"column":33}},"loc":{"start":{"line":5,"column":41},"end":{"line":5,"column":65}},"line":5},"2":{"name":"(anonymous_2)","decl":{"start":{"line":8,"column":15},"end":{"line":8,"column":16}},"loc":{"start":{"line":8,"column":29},"end":{"line":16,"column":5}},"line":8},"3":{"name":"(anonymous_3)","decl":{"start":{"line":18,"column":26},"end":{"line":18,"column":27}},"loc":{"start":{"line":18,"column":50},"end":{"line":25,"column":5}},"line":18},"4":{"name":"(anonymous_4)","decl":{"start":{"line":22,"column":40},"end":{"line":22,"column":41}},"loc":{"start":{"line":22,"column":49},"end":{"line":22,"column":73}},"line":22},"5":{"name":"(anonymous_5)","decl":{"start":{"line":27,"column":19},"end":{"line":27,"column":20}},"loc":{"start":{"line":27,"column":43},"end":{"line":44,"column":5}},"line":27},"6":{"name":"(anonymous_6)","decl":{"start":{"line":45,"column":21},"end":{"line":45,"column":22}},"loc":{"start":{"line":45,"column":45},"end":{"line":57,"column":5}},"line":45},"7":{"name":"(anonymous_7)","decl":{"start":{"line":58,"column":27},"end":{"line":58,"column":28}},"loc":{"start":{"line":58,"column":45},"end":{"line":78,"column":5}},"line":58},"8":{"name":"(anonymous_8)","decl":{"start":{"line":79,"column":17},"end":{"line":79,"column":18}},"loc":{"start":{"line":79,"column":97},"end":{"line":111,"column":5}},"line":79}},"branchMap":{"0":{"loc":{"start":{"line":12,"column":12},"end":{"line":12,"column":33}},"type":"if","locations":[{"start":{"line":12,"column":12},"end":{"line":12,"column":33}},{"start":{"line":12,"column":12},"end":{"line":12,"column":33}}],"line":12},"1":{"loc":{"start":{"line":21,"column":8},"end":{"line":23,"column":9}},"type":"if","locations":[{"start":{"line":21,"column":8},"end":{"line":23,"column":9}},{"start":{"line":21,"column":8},"end":{"line":23,"column":9}}],"line":21},"2":{"loc":{"start":{"line":28,"column":8},"end":{"line":30,"column":9}},"type":"if","locations":[{"start":{"line":28,"column":8},"end":{"line":30,"column":9}},{"start":{"line":28,"column":8},"end":{"line":30,"column":9}}],"line":28},"3":{"loc":{"start":{"line":31,"column":8},"end":{"line":37,"column":9}},"type":"if","locations":[{"start":{"line":31,"column":8},"end":{"line":37,"column":9}},{"start":{"line":31,"column":8},"end":{"line":37,"column":9}}],"line":31},"4":{"loc":{"start":{"line":46,"column":8},"end":{"line":48,"column":9}},"type":"if","locations":[{"start":{"line":46,"column":8},"end":{"line":48,"column":9}},{"start":{"line":46,"column":8},"end":{"line":48,"column":9}}],"line":46},"5":{"loc":{"start":{"line":51,"column":12},"end":{"line":53,"column":13}},"type":"if","locations":[{"start":{"line":51,"column":12},"end":{"line":53,"column":13}},{"start":{"line":51,"column":12},"end":{"line":53,"column":13}}],"line":51},"6":{"loc":{"start":{"line":60,"column":8},"end":{"line":60,"column":29}},"type":"if","locations":[{"start":{"line":60,"column":8},"end":{"line":60,"column":29}},{"start":{"line":60,"column":8},"end":{"line":60,"column":29}}],"line":60}},"s":{"0":1,"1":10,"2":27,"3":2,"4":2,"5":6,"6":6,"7":1,"8":5,"9":1,"10":9,"11":9,"12":7,"13":14,"14":2,"15":3,"16":1,"17":2,"18":1,"19":1,"20":1,"21":1,"22":1,"23":3,"24":1,"25":2,"26":2,"27":4,"28":2,"29":2,"30":2,"31":2,"32":1,"33":1,"34":1,"35":1,"36":1,"37":1,"38":1},"f":{"0":10,"1":27,"2":2,"3":9,"4":14,"5":3,"6":3,"7":2,"8":1},"b":{"0":[1,5],"1":[7,2],"2":[1,2],"3":[1,1],"4":[1,2],"5":[2,2],"6":[1,1]},"_coverageSchema":"1a1c01bbd47fc00a2c39e90264f33305004495a9","hash":"dbe399e86aea66b594a46ada2b5c0a7115acddf1"}
,"F:\\softwareEng\\Marioplex-Backend\\mock-classes\\user-mock.js": {"path":"F:\\softwareEng\\Marioplex-Backend\\mock-classes\\user-mock.js","statementMap":{"0":{"start":{"line":1,"column":15},"end":{"line":1,"column":32}},"1":{"start":{"line":2,"column":17},"end":{"line":184,"column":1}},"2":{"start":{"line":5,"column":8},"end":{"line":5,"column":58}},"3":{"start":{"line":5,"column":38},"end":{"line":5,"column":56}},"4":{"start":{"line":13,"column":21},"end":{"line":13,"column":45}},"5":{"start":{"line":14,"column":8},"end":{"line":43,"column":24}},"6":{"start":{"line":15,"column":12},"end":{"line":40,"column":13}},"7":{"start":{"line":17,"column":16},"end":{"line":18,"column":43}},"8":{"start":{"line":18,"column":20},"end":{"line":18,"column":43}},"9":{"start":{"line":22,"column":16},"end":{"line":24,"column":17}},"10":{"start":{"line":23,"column":20},"end":{"line":23,"column":52}},"11":{"start":{"line":25,"column":16},"end":{"line":29,"column":17}},"12":{"start":{"line":26,"column":31},"end":{"line":26,"column":56}},"13":{"start":{"line":27,"column":20},"end":{"line":27,"column":38}},"14":{"start":{"line":30,"column":16},"end":{"line":35,"column":17}},"15":{"start":{"line":32,"column":40},"end":{"line":32,"column":83}},"16":{"start":{"line":32,"column":63},"end":{"line":32,"column":82}},"17":{"start":{"line":33,"column":20},"end":{"line":34,"column":34}},"18":{"start":{"line":33,"column":38},"end":{"line":33,"column":57}},"19":{"start":{"line":34,"column":25},"end":{"line":34,"column":34}},"20":{"start":{"line":36,"column":16},"end":{"line":38,"column":17}},"21":{"start":{"line":37,"column":20},"end":{"line":37,"column":43}},"22":{"start":{"line":41,"column":12},"end":{"line":41,"column":21}},"23":{"start":{"line":43,"column":15},"end":{"line":43,"column":24}},"24":{"start":{"line":51,"column":21},"end":{"line":51,"column":45}},"25":{"start":{"line":52,"column":8},"end":{"line":54,"column":9}},"26":{"start":{"line":53,"column":12},"end":{"line":53,"column":21}},"27":{"start":{"line":55,"column":8},"end":{"line":55,"column":23}},"28":{"start":{"line":56,"column":8},"end":{"line":56,"column":37}},"29":{"start":{"line":57,"column":8},"end":{"line":57,"column":53}},"30":{"start":{"line":58,"column":8},"end":{"line":58,"column":43}},"31":{"start":{"line":59,"column":8},"end":{"line":59,"column":39}},"32":{"start":{"line":60,"column":8},"end":{"line":60,"column":51}},"33":{"start":{"line":61,"column":8},"end":{"line":61,"column":26}},"34":{"start":{"line":70,"column":22},"end":{"line":70,"column":46}},"35":{"start":{"line":71,"column":8},"end":{"line":71,"column":33}},"36":{"start":{"line":71,"column":22},"end":{"line":71,"column":31}},"37":{"start":{"line":73,"column":8},"end":{"line":73,"column":34}},"38":{"start":{"line":74,"column":8},"end":{"line":74,"column":17}},"39":{"start":{"line":80,"column":21},"end":{"line":80,"column":45}},"40":{"start":{"line":81,"column":8},"end":{"line":81,"column":46}},"41":{"start":{"line":81,"column":35},"end":{"line":81,"column":44}},"42":{"start":{"line":82,"column":21},"end":{"line":82,"column":23}},"43":{"start":{"line":83,"column":8},"end":{"line":95,"column":9}},"44":{"start":{"line":83,"column":21},"end":{"line":83,"column":22}},"45":{"start":{"line":84,"column":23},"end":{"line":84,"column":58}},"46":{"start":{"line":85,"column":12},"end":{"line":94,"column":13}},"47":{"start":{"line":86,"column":30},"end":{"line":86,"column":93}},"48":{"start":{"line":86,"column":58},"end":{"line":86,"column":92}},"49":{"start":{"line":87,"column":16},"end":{"line":91,"column":17}},"50":{"start":{"line":88,"column":20},"end":{"line":88,"column":41}},"51":{"start":{"line":90,"column":20},"end":{"line":90,"column":29}},"52":{"start":{"line":93,"column":16},"end":{"line":93,"column":25}},"53":{"start":{"line":96,"column":8},"end":{"line":96,"column":22}},"54":{"start":{"line":105,"column":20},"end":{"line":105,"column":63}},"55":{"start":{"line":105,"column":43},"end":{"line":105,"column":62}},"56":{"start":{"line":106,"column":8},"end":{"line":106,"column":33}},"57":{"start":{"line":106,"column":20},"end":{"line":106,"column":33}},"58":{"start":{"line":107,"column":8},"end":{"line":107,"column":21}},"59":{"start":{"line":114,"column":23},"end":{"line":114,"column":48}},"60":{"start":{"line":117,"column":8},"end":{"line":117,"column":33}},"61":{"start":{"line":118,"column":8},"end":{"line":118,"column":24}},"62":{"start":{"line":126,"column":21},"end":{"line":126,"column":45}},"63":{"start":{"line":129,"column":8},"end":{"line":143,"column":9}},"64":{"start":{"line":130,"column":12},"end":{"line":134,"column":15}},"65":{"start":{"line":137,"column":12},"end":{"line":137,"column":37}},"66":{"start":{"line":138,"column":12},"end":{"line":142,"column":15}},"67":{"start":{"line":144,"column":8},"end":{"line":144,"column":35}},"68":{"start":{"line":152,"column":21},"end":{"line":152,"column":45}},"69":{"start":{"line":155,"column":8},"end":{"line":165,"column":9}},"70":{"start":{"line":156,"column":12},"end":{"line":162,"column":13}},"71":{"start":{"line":156,"column":25},"end":{"line":156,"column":26}},"72":{"start":{"line":157,"column":16},"end":{"line":161,"column":17}},"73":{"start":{"line":158,"column":20},"end":{"line":158,"column":32}},"74":{"start":{"line":160,"column":20},"end":{"line":160,"column":29}},"75":{"start":{"line":164,"column":8},"end":{"line":164,"column":21}},"76":{"start":{"line":171,"column":8},"end":{"line":171,"column":40}},"77":{"start":{"line":172,"column":8},"end":{"line":172,"column":32}},"78":{"start":{"line":172,"column":19},"end":{"line":172,"column":32}},"79":{"start":{"line":173,"column":8},"end":{"line":175,"column":9}},"80":{"start":{"line":174,"column":12},"end":{"line":174,"column":25}},"81":{"start":{"line":178,"column":8},"end":{"line":178,"column":33}},"82":{"start":{"line":181,"column":8},"end":{"line":181,"column":20}},"83":{"start":{"line":185,"column":0},"end":{"line":185,"column":26}}},"fnMap":{"0":{"name":"(anonymous_0)","decl":{"start":{"line":4,"column":17},"end":{"line":4,"column":18}},"loc":{"start":{"line":4,"column":34},"end":{"line":6,"column":5}},"line":4},"1":{"name":"(anonymous_1)","decl":{"start":{"line":5,"column":30},"end":{"line":5,"column":31}},"loc":{"start":{"line":5,"column":38},"end":{"line":5,"column":56}},"line":5},"2":{"name":"(anonymous_2)","decl":{"start":{"line":11,"column":12},"end":{"line":11,"column":13}},"loc":{"start":{"line":11,"column":69},"end":{"line":45,"column":5}},"line":11},"3":{"name":"(anonymous_3)","decl":{"start":{"line":32,"column":55},"end":{"line":32,"column":56}},"loc":{"start":{"line":32,"column":63},"end":{"line":32,"column":82}},"line":32},"4":{"name":"(anonymous_4)","decl":{"start":{"line":49,"column":8},"end":{"line":49,"column":9}},"loc":{"start":{"line":49,"column":25},"end":{"line":65,"column":5}},"line":49},"5":{"name":"(anonymous_5)","decl":{"start":{"line":69,"column":19},"end":{"line":69,"column":20}},"loc":{"start":{"line":69,"column":36},"end":{"line":76,"column":5}},"line":69},"6":{"name":"(anonymous_6)","decl":{"start":{"line":79,"column":28},"end":{"line":79,"column":29}},"loc":{"start":{"line":79,"column":45},"end":{"line":97,"column":5}},"line":79},"7":{"name":"(anonymous_7)","decl":{"start":{"line":86,"column":48},"end":{"line":86,"column":49}},"loc":{"start":{"line":86,"column":58},"end":{"line":86,"column":92}},"line":86},"8":{"name":"(anonymous_8)","decl":{"start":{"line":103,"column":15},"end":{"line":103,"column":16}},"loc":{"start":{"line":103,"column":31},"end":{"line":109,"column":5}},"line":103},"9":{"name":"(anonymous_9)","decl":{"start":{"line":105,"column":35},"end":{"line":105,"column":36}},"loc":{"start":{"line":105,"column":43},"end":{"line":105,"column":62}},"line":105},"10":{"name":"(anonymous_10)","decl":{"start":{"line":113,"column":29},"end":{"line":113,"column":30}},"loc":{"start":{"line":113,"column":44},"end":{"line":120,"column":5}},"line":113},"11":{"name":"(anonymous_11)","decl":{"start":{"line":124,"column":21},"end":{"line":124,"column":22}},"loc":{"start":{"line":124,"column":65},"end":{"line":146,"column":5}},"line":124},"12":{"name":"(anonymous_12)","decl":{"start":{"line":151,"column":29},"end":{"line":151,"column":30}},"loc":{"start":{"line":151,"column":58},"end":{"line":166,"column":5}},"line":151},"13":{"name":"(anonymous_13)","decl":{"start":{"line":169,"column":21},"end":{"line":169,"column":22}},"loc":{"start":{"line":169,"column":57},"end":{"line":183,"column":5}},"line":169}},"branchMap":{"0":{"loc":{"start":{"line":14,"column":8},"end":{"line":43,"column":24}},"type":"if","locations":[{"start":{"line":14,"column":8},"end":{"line":43,"column":24}},{"start":{"line":14,"column":8},"end":{"line":43,"column":24}}],"line":14},"1":{"loc":{"start":{"line":15,"column":12},"end":{"line":40,"column":13}},"type":"if","locations":[{"start":{"line":15,"column":12},"end":{"line":40,"column":13}},{"start":{"line":15,"column":12},"end":{"line":40,"column":13}}],"line":15},"2":{"loc":{"start":{"line":17,"column":16},"end":{"line":18,"column":43}},"type":"if","locations":[{"start":{"line":17,"column":16},"end":{"line":18,"column":43}},{"start":{"line":17,"column":16},"end":{"line":18,"column":43}}],"line":17},"3":{"loc":{"start":{"line":22,"column":16},"end":{"line":24,"column":17}},"type":"if","locations":[{"start":{"line":22,"column":16},"end":{"line":24,"column":17}},{"start":{"line":22,"column":16},"end":{"line":24,"column":17}}],"line":22},"4":{"loc":{"start":{"line":25,"column":16},"end":{"line":29,"column":17}},"type":"if","locations":[{"start":{"line":25,"column":16},"end":{"line":29,"column":17}},{"start":{"line":25,"column":16},"end":{"line":29,"column":17}}],"line":25},"5":{"loc":{"start":{"line":30,"column":16},"end":{"line":35,"column":17}},"type":"if","locations":[{"start":{"line":30,"column":16},"end":{"line":35,"column":17}},{"start":{"line":30,"column":16},"end":{"line":35,"column":17}}],"line":30},"6":{"loc":{"start":{"line":33,"column":20},"end":{"line":34,"column":34}},"type":"if","locations":[{"start":{"line":33,"column":20},"end":{"line":34,"column":34}},{"start":{"line":33,"column":20},"end":{"line":34,"column":34}}],"line":33},"7":{"loc":{"start":{"line":36,"column":16},"end":{"line":38,"column":17}},"type":"if","locations":[{"start":{"line":36,"column":16},"end":{"line":38,"column":17}},{"start":{"line":36,"column":16},"end":{"line":38,"column":17}}],"line":36},"8":{"loc":{"start":{"line":52,"column":8},"end":{"line":54,"column":9}},"type":"if","locations":[{"start":{"line":52,"column":8},"end":{"line":54,"column":9}},{"start":{"line":52,"column":8},"end":{"line":54,"column":9}}],"line":52},"9":{"loc":{"start":{"line":71,"column":8},"end":{"line":71,"column":33}},"type":"if","locations":[{"start":{"line":71,"column":8},"end":{"line":71,"column":33}},{"start":{"line":71,"column":8},"end":{"line":71,"column":33}}],"line":71},"10":{"loc":{"start":{"line":81,"column":8},"end":{"line":81,"column":46}},"type":"if","locations":[{"start":{"line":81,"column":8},"end":{"line":81,"column":46}},{"start":{"line":81,"column":8},"end":{"line":81,"column":46}}],"line":81},"11":{"loc":{"start":{"line":85,"column":12},"end":{"line":94,"column":13}},"type":"if","locations":[{"start":{"line":85,"column":12},"end":{"line":94,"column":13}},{"start":{"line":85,"column":12},"end":{"line":94,"column":13}}],"line":85},"12":{"loc":{"start":{"line":87,"column":16},"end":{"line":91,"column":17}},"type":"if","locations":[{"start":{"line":87,"column":16},"end":{"line":91,"column":17}},{"start":{"line":87,"column":16},"end":{"line":91,"column":17}}],"line":87},"13":{"loc":{"start":{"line":106,"column":8},"end":{"line":106,"column":33}},"type":"if","locations":[{"start":{"line":106,"column":8},"end":{"line":106,"column":33}},{"start":{"line":106,"column":8},"end":{"line":106,"column":33}}],"line":106},"14":{"loc":{"start":{"line":129,"column":8},"end":{"line":143,"column":9}},"type":"if","locations":[{"start":{"line":129,"column":8},"end":{"line":143,"column":9}},{"start":{"line":129,"column":8},"end":{"line":143,"column":9}}],"line":129},"15":{"loc":{"start":{"line":155,"column":8},"end":{"line":165,"column":9}},"type":"if","locations":[{"start":{"line":155,"column":8},"end":{"line":165,"column":9}},{"start":{"line":155,"column":8},"end":{"line":165,"column":9}}],"line":155},"16":{"loc":{"start":{"line":157,"column":16},"end":{"line":161,"column":17}},"type":"if","locations":[{"start":{"line":157,"column":16},"end":{"line":161,"column":17}},{"start":{"line":157,"column":16},"end":{"line":161,"column":17}}],"line":157},"17":{"loc":{"start":{"line":172,"column":8},"end":{"line":172,"column":32}},"type":"if","locations":[{"start":{"line":172,"column":8},"end":{"line":172,"column":32}},{"start":{"line":172,"column":8},"end":{"line":172,"column":32}}],"line":172},"18":{"loc":{"start":{"line":173,"column":8},"end":{"line":175,"column":9}},"type":"if","locations":[{"start":{"line":173,"column":8},"end":{"line":175,"column":9}},{"start":{"line":173,"column":8},"end":{"line":175,"column":9}}],"line":173}},"s":{"0":1,"1":1,"2":33,"3":111,"4":8,"5":8,"6":7,"7":2,"8":1,"9":5,"10":1,"11":5,"12":1,"13":1,"14":5,"15":2,"16":7,"17":2,"18":1,"19":1,"20":4,"21":1,"22":6,"23":1,"24":2,"25":2,"26":1,"27":1,"28":1,"29":1,"30":1,"31":1,"32":1,"33":1,"34":2,"35":2,"36":1,"37":1,"38":1,"39":3,"40":3,"41":1,"42":2,"43":2,"44":2,"45":6,"46":6,"47":4,"48":8,"49":4,"50":1,"51":3,"52":2,"53":2,"54":2,"55":7,"56":2,"57":1,"58":1,"59":1,"60":1,"61":1,"62":2,"63":2,"64":1,"65":1,"66":1,"67":2,"68":4,"69":4,"70":3,"71":3,"72":4,"73":1,"74":3,"75":1,"76":3,"77":3,"78":1,"79":2,"80":1,"81":1,"82":1,"83":1},"f":{"0":33,"1":111,"2":8,"3":7,"4":2,"5":2,"6":3,"7":8,"8":2,"9":7,"10":1,"11":2,"12":4,"13":3},"b":{"0":[7,1],"1":[2,5],"2":[1,1],"3":[1,4],"4":[1,4],"5":[2,3],"6":[1,1],"7":[1,3],"8":[1,1],"9":[1,1],"10":[1,2],"11":[4,2],"12":[1,3],"13":[1,1],"14":[1,1],"15":[3,1],"16":[1,3],"17":[1,2],"18":[1,1]},"_coverageSchema":"1a1c01bbd47fc00a2c39e90264f33305004495a9","hash":"89be013060348c4fd8a8de44c9f1d80f3625d82e"}
}
