TN:
SF:mock-classes\album-mock.js
FN:7,(anonymous_0)
FN:8,(anonymous_1)
FN:10,(anonymous_2)
FN:11,(anonymous_3)
FN:13,(anonymous_4)
FN:14,(anonymous_5)
FN:17,(anonymous_6)
FN:65,(anonymous_7)
FN:72,(anonymous_8)
FN:102,(anonymous_9)
FN:131,(anonymous_10)
FN:143,(anonymous_11)
FN:146,(anonymous_12)
FN:152,(anonymous_13)
FN:191,(anonymous_14)
FNF:15
FNH:15
FNDA:27,(anonymous_0)
FNDA:79,(anonymous_1)
FNDA:7,(anonymous_2)
FNDA:9,(anonymous_3)
FNDA:3,(anonymous_4)
FNDA:3,(anonymous_5)
FNDA:9,(anonymous_6)
FNDA:2,(anonymous_7)
FNDA:5,(anonymous_8)
FNDA:7,(anonymous_9)
FNDA:2,(anonymous_10)
FNDA:12,(anonymous_11)
FNDA:10,(anonymous_12)
FNDA:6,(anonymous_13)
FNDA:5,(anonymous_14)
DA:1,2
DA:8,79
DA:11,9
DA:14,3
DA:22,9
DA:23,9
DA:24,5
DA:25,5
DA:26,5
DA:27,4
DA:28,4
DA:29,3
DA:30,3
DA:31,1
DA:32,1
DA:36,1
DA:38,4
DA:41,1
DA:44,4
DA:45,4
DA:46,4
DA:47,4
DA:48,4
DA:49,4
DA:50,3
DA:51,3
DA:53,4
DA:54,1
DA:56,3
DA:58,4
DA:66,2
DA:67,3
DA:69,1
DA:77,5
DA:78,5
DA:79,4
DA:80,4
DA:81,4
DA:82,3
DA:85,1
DA:88,4
DA:89,3
DA:90,3
DA:91,3
DA:92,3
DA:93,2
DA:96,3
DA:98,1
DA:106,7
DA:107,7
DA:108,7
DA:109,1
DA:112,6
DA:113,3
DA:114,3
DA:115,2
DA:116,2
DA:117,2
DA:118,2
DA:119,2
DA:123,6
DA:124,4
DA:126,2
DA:132,2
DA:133,2
DA:134,1
DA:137,1
DA:140,1
DA:144,12
DA:145,12
DA:146,10
DA:148,3
DA:156,6
DA:157,5
DA:158,5
DA:159,4
DA:160,4
DA:161,3
DA:164,1
DA:167,5
DA:168,3
DA:169,3
DA:170,3
DA:171,2
DA:172,1
DA:178,1
DA:179,1
DA:184,1
DA:186,3
DA:187,1
DA:189,2
DA:195,5
DA:196,5
DA:197,4
DA:198,4
DA:199,1
DA:200,1
DA:201,2
DA:202,1
DA:207,3
DA:208,2
DA:212,2
DA:219,2
LF:103
LH:103
BRDA:23,0,0,4
BRDA:23,0,1,5
BRDA:26,1,0,4
BRDA:26,1,1,1
BRDA:28,2,0,3
BRDA:28,2,1,1
BRDA:30,3,0,1
BRDA:30,3,1,2
BRDA:49,4,0,3
BRDA:49,4,1,1
BRDA:53,5,0,1
BRDA:53,5,1,3
BRDA:67,6,0,1
BRDA:67,6,1,2
BRDA:78,7,0,1
BRDA:78,7,1,4
BRDA:81,8,0,3
BRDA:81,8,1,1
BRDA:88,9,0,3
BRDA:88,9,1,1
BRDA:92,10,0,2
BRDA:92,10,1,1
BRDA:108,11,0,1
BRDA:108,11,1,6
BRDA:114,12,0,2
BRDA:114,12,1,1
BRDA:123,13,0,4
BRDA:123,13,1,2
BRDA:133,14,0,1
BRDA:133,14,1,1
BRDA:145,15,0,9
BRDA:145,15,1,3
BRDA:156,16,0,1
BRDA:156,16,1,5
BRDA:160,17,0,3
BRDA:160,17,1,1
BRDA:167,18,0,2
BRDA:167,18,1,3
BRDA:170,19,0,2
BRDA:170,19,1,1
BRDA:171,20,0,1
BRDA:171,20,1,1
BRDA:186,21,0,1
BRDA:186,21,1,2
BRDA:196,22,0,1
BRDA:196,22,1,4
BRDA:198,23,0,1
BRDA:198,23,1,3
BRDA:201,24,0,1
BRDA:201,24,1,1
BRDA:207,25,0,2
BRDA:207,25,1,1
BRDA:207,26,0,3
BRDA:207,26,1,3
BRDA:207,26,2,1
BRF:55
BRH:55
end_of_record
TN:
SF:mock-classes\artist-mock.js
FN:5,(anonymous_0)
FN:28,(anonymous_1)
FN:32,(anonymous_2)
FN:46,(anonymous_3)
FN:59,(anonymous_4)
FN:70,(anonymous_5)
FN:95,(anonymous_6)
FN:105,(anonymous_7)
FN:115,(anonymous_8)
FN:169,(anonymous_9)
FN:181,(anonymous_10)
FN:193,(anonymous_11)
FN:204,(anonymous_12)
FN:224,(anonymous_13)
FN:229,(anonymous_14)
FNF:15
FNH:15
FNDA:2,(anonymous_0)
FNDA:3,(anonymous_1)
FNDA:78,(anonymous_2)
FNDA:4,(anonymous_3)
FNDA:35,(anonymous_4)
FNDA:2,(anonymous_5)
FNDA:2,(anonymous_6)
FNDA:2,(anonymous_7)
FNDA:11,(anonymous_8)
FNDA:4,(anonymous_9)
FNDA:257,(anonymous_10)
FNDA:2,(anonymous_11)
FNDA:3,(anonymous_12)
FNDA:1,(anonymous_13)
FNDA:2,(anonymous_14)
DA:1,1
DA:8,2
DA:9,1
DA:10,2
DA:24,2
DA:25,2
DA:30,3
DA:31,3
DA:32,78
DA:33,3
DA:35,2
DA:36,1
DA:37,2
DA:39,24
DA:42,3
DA:43,3
DA:47,4
DA:48,4
DA:49,3
DA:50,2
DA:51,2
DA:52,1
DA:56,2
DA:61,35
DA:62,257
DA:63,25
DA:66,10
DA:71,2
DA:72,1
DA:88,1
DA:89,1
DA:92,1
DA:96,2
DA:97,2
DA:98,1
DA:101,1
DA:106,2
DA:107,2
DA:108,4
DA:109,4
DA:110,3
DA:112,2
DA:116,11
DA:117,11
DA:118,11
DA:119,11
DA:121,10
DA:122,13
DA:123,34
DA:124,13
DA:129,10
DA:130,4
DA:131,4
DA:132,2
DA:135,6
DA:136,2
DA:137,3
DA:138,1
DA:141,4
DA:142,2
DA:143,3
DA:144,1
DA:148,2
DA:149,3
DA:153,10
DA:154,10
DA:155,10
DA:156,6
DA:157,5
DA:160,10
DA:161,6
DA:162,1
DA:165,10
DA:166,10
DA:170,4
DA:172,4
DA:173,4
DA:174,3
DA:175,2
DA:177,2
DA:178,27
DA:179,28
DA:180,33
DA:181,257
DA:182,25
DA:183,27
DA:189,2
DA:190,2
DA:195,2
DA:196,5
DA:197,1
DA:200,1
DA:205,3
DA:206,3
DA:207,3
DA:208,3
DA:209,2
DA:210,7
DA:211,24
DA:212,6
DA:218,2
DA:219,6
DA:220,2
DA:224,2
DA:225,2
DA:226,2
DA:230,2
DA:231,2
DA:232,2
DA:233,2
DA:234,1
DA:235,2
DA:236,4
DA:237,2
DA:241,1
DA:242,2
DA:246,1
DA:249,1
LF:118
LH:118
BRDA:8,0,0,1
BRDA:8,0,1,1
BRDA:32,1,0,30
BRDA:32,1,1,48
BRDA:33,2,0,2
BRDA:33,2,1,1
BRDA:35,3,0,1
BRDA:35,3,1,1
BRDA:48,4,0,1
BRDA:48,4,1,3
BRDA:49,5,0,2
BRDA:49,5,1,1
BRDA:51,6,0,1
BRDA:51,6,1,1
BRDA:62,7,0,25
BRDA:62,7,1,232
BRDA:71,8,0,1
BRDA:71,8,1,1
BRDA:97,9,0,1
BRDA:97,9,1,1
BRDA:109,10,0,1
BRDA:109,10,1,3
BRDA:119,11,0,1
BRDA:119,11,1,10
BRDA:123,12,0,13
BRDA:123,12,1,21
BRDA:129,13,0,4
BRDA:129,13,1,6
BRDA:129,14,0,10
BRDA:129,14,1,6
BRDA:131,15,0,2
BRDA:131,15,1,2
BRDA:131,16,0,4
BRDA:131,16,1,2
BRDA:135,17,0,2
BRDA:135,17,1,4
BRDA:135,18,0,6
BRDA:135,18,1,4
BRDA:137,19,0,1
BRDA:137,19,1,2
BRDA:141,20,0,2
BRDA:141,20,1,2
BRDA:141,21,0,4
BRDA:141,21,1,2
BRDA:143,22,0,1
BRDA:143,22,1,2
BRDA:155,23,0,6
BRDA:155,23,1,4
BRDA:156,24,0,5
BRDA:156,24,1,1
BRDA:156,25,0,6
BRDA:156,25,1,6
BRDA:160,26,0,6
BRDA:160,26,1,4
BRDA:161,27,0,1
BRDA:161,27,1,5
BRDA:161,28,0,6
BRDA:161,28,1,6
BRDA:173,29,0,1
BRDA:173,29,1,3
BRDA:174,30,0,1
BRDA:174,30,1,2
BRDA:180,31,0,27
BRDA:180,31,1,6
BRDA:181,32,0,25
BRDA:181,32,1,2
BRDA:189,33,0,1
BRDA:189,33,1,1
BRDA:196,34,0,1
BRDA:196,34,1,4
BRDA:208,35,0,1
BRDA:208,35,1,2
BRDA:211,36,0,6
BRDA:211,36,1,18
BRDA:219,37,0,2
BRDA:219,37,1,4
BRDA:224,38,0,1
BRDA:224,38,1,0
BRDA:233,39,0,1
BRDA:233,39,1,1
BRDA:236,40,0,2
BRDA:236,40,1,2
BRF:82
BRH:81
end_of_record
TN:
SF:mock-classes\authentication-mock.js
FN:17,(anonymous_0)
FN:23,(anonymous_1)
FNF:2
FNH:2
FNDA:3,(anonymous_0)
FNDA:5,(anonymous_1)
DA:1,1
DA:15,1
DA:18,3
DA:19,5
DA:21,2
DA:24,5
DA:25,3
DA:26,2
DA:28,2
DA:41,2
DA:42,2
DA:45,1
LF:12
LH:12
BRDA:19,0,0,1
BRDA:19,0,1,4
BRDA:19,1,0,5
BRDA:19,1,1,1
BRDA:24,2,0,2
BRDA:24,2,1,3
BRDA:24,3,0,5
BRDA:24,3,1,4
BRDA:24,3,2,3
BRDA:24,3,3,3
BRDA:24,3,4,3
BRDA:24,3,5,3
BRDA:26,4,0,1
BRDA:26,4,1,1
BRF:14
BRH:14
end_of_record
TN:
SF:mock-classes\browse-mock.js
FN:3,(anonymous_0)
FN:13,(anonymous_1)
FNF:2
FNH:2
FNDA:3,(anonymous_0)
FNDA:2,(anonymous_1)
DA:1,1
DA:4,3
DA:5,4
DA:6,1
DA:9,2
DA:14,2
DA:15,1
DA:18,1
LF:8
LH:8
BRDA:5,0,0,1
BRDA:5,0,1,3
BRDA:14,1,0,1
BRDA:14,1,1,1
BRF:4
BRH:4
end_of_record
TN:
SF:mock-classes\forgpass-mock.js
FN:4,(anonymous_0)
FN:5,(anonymous_1)
FN:8,(anonymous_2)
FN:9,(anonymous_3)
FNF:4
FNH:4
FNDA:2,(anonymous_0)
FNDA:3,(anonymous_1)
FNDA:2,(anonymous_2)
FNDA:3,(anonymous_3)
DA:1,1
DA:5,3
DA:9,3
DA:10,2
DA:11,1
DA:12,1
DA:16,1
LF:7
LH:7
BRDA:10,0,0,1
BRDA:10,0,1,1
BRF:2
BRH:2
end_of_record
TN:
SF:mock-classes\library-mock.js
FN:2,(anonymous_0)
FN:19,(anonymous_1)
FN:37,(anonymous_2)
FN:61,(anonymous_3)
FNF:4
FNH:4
FNDA:1,(anonymous_0)
FNDA:1,(anonymous_1)
FNDA:8,(anonymous_2)
FNDA:8,(anonymous_3)
DA:1,1
DA:3,1
DA:4,1
DA:5,1
DA:6,4
DA:7,4
DA:8,28
DA:9,2
DA:10,2
DA:13,4
DA:14,2
DA:17,1
DA:21,1
DA:22,1
DA:23,1
DA:24,5
DA:25,5
DA:26,40
DA:27,3
DA:28,3
DA:31,5
DA:32,2
DA:35,1
DA:39,8
DA:40,8
DA:41,7
DA:42,6
DA:43,117
DA:46,6
DA:47,6
DA:48,6
DA:49,4
DA:50,1
DA:53,6
DA:54,5
DA:55,3
DA:59,6
DA:63,8
DA:64,8
DA:65,7
DA:66,6
DA:68,118
DA:70,6
DA:71,6
DA:72,6
DA:73,4
DA:74,1
DA:77,6
DA:78,5
DA:79,4
DA:83,6
DA:87,1
LF:52
LH:52
BRDA:8,0,0,2
BRDA:8,0,1,26
BRDA:13,1,0,2
BRDA:13,1,1,2
BRDA:26,2,0,3
BRDA:26,2,1,37
BRDA:31,3,0,2
BRDA:31,3,1,3
BRDA:40,4,0,1
BRDA:40,4,1,7
BRDA:41,5,0,1
BRDA:41,5,1,6
BRDA:47,6,0,5
BRDA:47,6,1,1
BRDA:48,7,0,4
BRDA:48,7,1,2
BRDA:49,8,0,1
BRDA:49,8,1,3
BRDA:49,9,0,4
BRDA:49,9,1,4
BRDA:53,10,0,5
BRDA:53,10,1,1
BRDA:54,11,0,3
BRDA:54,11,1,2
BRDA:54,12,0,5
BRDA:54,12,1,5
BRDA:64,13,0,1
BRDA:64,13,1,7
BRDA:65,14,0,1
BRDA:65,14,1,6
BRDA:71,15,0,5
BRDA:71,15,1,1
BRDA:72,16,0,4
BRDA:72,16,1,2
BRDA:73,17,0,1
BRDA:73,17,1,3
BRDA:73,18,0,4
BRDA:73,18,1,4
BRDA:77,19,0,5
BRDA:77,19,1,1
BRDA:78,20,0,4
BRDA:78,20,1,1
BRDA:78,21,0,5
BRDA:78,21,1,5
BRF:44
BRH:44
end_of_record
TN:
SF:mock-classes\player-mock.js
FN:2,(anonymous_0)
FN:19,(anonymous_1)
FN:67,(anonymous_2)
FN:133,(anonymous_3)
FN:148,(anonymous_4)
FN:168,(anonymous_5)
FN:173,(anonymous_6)
FN:182,(anonymous_7)
FN:242,(anonymous_8)
FN:273,(anonymous_9)
FN:286,(anonymous_10)
FN:303,(anonymous_11)
FN:332,(anonymous_12)
FN:385,(anonymous_13)
FN:392,(anonymous_14)
FN:403,(anonymous_15)
FNF:16
FNH:16
FNDA:3,(anonymous_0)
FNDA:14,(anonymous_1)
FNDA:13,(anonymous_2)
FNDA:2,(anonymous_3)
FNDA:15,(anonymous_4)
FNDA:1,(anonymous_5)
FNDA:3,(anonymous_6)
FNDA:5,(anonymous_7)
FNDA:4,(anonymous_8)
FNDA:3,(anonymous_9)
FNDA:4,(anonymous_10)
FNDA:5,(anonymous_11)
FNDA:7,(anonymous_12)
FNDA:2,(anonymous_13)
FNDA:3,(anonymous_14)
FNDA:2,(anonymous_15)
DA:1,1
DA:3,3
DA:4,2
DA:5,4
DA:6,2
DA:14,1
DA:20,14
DA:21,12
DA:22,12
DA:23,8
DA:25,8
DA:26,1
DA:27,1
DA:28,1
DA:29,7
DA:31,7
DA:32,2
DA:35,5
DA:40,4
DA:41,2
DA:42,2
DA:43,2
DA:44,0
DA:46,2
DA:48,2
DA:49,2
DA:52,2
DA:53,2
DA:54,2
DA:55,2
DA:57,2
DA:59,2
DA:63,11
DA:68,13
DA:69,12
DA:70,12
DA:71,12
DA:74,10
DA:76,10
DA:77,8
DA:80,8
DA:82,1
DA:83,1
DA:87,7
DA:88,1
DA:89,1
DA:93,6
DA:95,6
DA:98,8
DA:100,2
DA:102,2
DA:103,1
DA:105,1
DA:108,1
DA:109,1
DA:110,1
DA:113,0
DA:114,0
DA:118,2
DA:121,2
DA:122,2
DA:123,0
DA:126,2
DA:129,2
DA:137,2
DA:138,2
DA:139,2
DA:140,2
DA:141,2
DA:142,2
DA:143,2
DA:144,2
DA:145,2
DA:149,15
DA:150,14
DA:151,14
DA:156,14
DA:158,1
DA:159,1
DA:163,1
DA:169,1
DA:170,1
DA:174,3
DA:175,3
DA:176,3
DA:177,11
DA:178,2
DA:183,5
DA:184,5
DA:185,5
DA:186,5
DA:187,3
DA:188,3
DA:189,3
DA:190,2
DA:191,2
DA:192,2
DA:193,2
DA:194,2
DA:196,2
DA:198,0
DA:200,2
DA:201,2
DA:202,10
DA:203,2
DA:205,10
DA:209,10
DA:211,2
DA:212,2
DA:214,2
DA:215,2
DA:217,1
DA:218,1
DA:219,1
DA:220,1
DA:221,1
DA:223,0
DA:225,1
DA:226,1
DA:227,5
DA:231,5
DA:235,1
DA:243,4
DA:244,4
DA:245,2
DA:246,2
DA:247,2
DA:248,0
DA:250,2
DA:251,2
DA:252,10
DA:253,10
DA:256,2
DA:258,2
DA:259,2
DA:260,2
DA:261,1
DA:263,1
DA:264,1
DA:265,5
DA:266,5
DA:269,1
DA:274,3
DA:275,2
DA:276,1
DA:277,1
DA:279,1
DA:280,1
DA:281,1
DA:284,1
DA:287,4
DA:288,3
DA:289,6
DA:290,3
DA:292,3
DA:293,3
DA:294,1
DA:296,2
DA:298,3
DA:301,0
DA:304,5
DA:305,5
DA:306,5
DA:307,4
DA:308,3
DA:310,3
DA:311,3
DA:313,3
DA:316,3
DA:318,6
DA:321,3
DA:322,2
DA:323,4
DA:324,2
DA:326,2
DA:329,3
DA:334,7
DA:335,1
DA:336,1
DA:340,1
DA:341,1
DA:342,1
DA:345,6
DA:346,1
DA:350,1
DA:351,1
DA:353,1
DA:354,1
DA:355,1
DA:357,5
DA:358,3
DA:362,3
DA:363,3
DA:364,3
DA:366,3
DA:371,2
DA:372,2
DA:376,2
DA:377,2
DA:378,2
DA:386,2
DA:387,2
DA:388,1
DA:390,1
DA:393,3
DA:394,3
DA:395,1
DA:396,2
DA:397,1
DA:399,1
DA:400,2
DA:404,2
DA:405,2
DA:406,1
DA:408,1
DA:412,1
LF:216
LH:208
BRDA:3,0,0,2
BRDA:3,0,1,1
BRDA:5,1,0,2
BRDA:5,1,1,2
BRDA:7,2,0,2
BRDA:7,2,1,0
BRDA:8,3,0,2
BRDA:8,3,1,0
BRDA:20,4,0,2
BRDA:20,4,1,12
BRDA:22,5,0,8
BRDA:22,5,1,4
BRDA:25,6,0,1
BRDA:25,6,1,7
BRDA:31,7,0,2
BRDA:31,7,1,5
BRDA:40,8,0,2
BRDA:40,8,1,2
BRDA:43,9,0,0
BRDA:43,9,1,2
BRDA:68,10,0,1
BRDA:68,10,1,12
BRDA:71,11,0,10
BRDA:71,11,1,2
BRDA:76,12,0,8
BRDA:76,12,1,2
BRDA:80,13,0,1
BRDA:80,13,1,7
BRDA:87,14,0,1
BRDA:87,14,1,6
BRDA:102,15,0,1
BRDA:102,15,1,1
BRDA:108,16,0,1
BRDA:108,16,1,0
BRDA:122,17,0,0
BRDA:122,17,1,2
BRDA:138,18,0,2
BRDA:138,18,1,0
BRDA:139,19,0,2
BRDA:139,19,1,0
BRDA:149,20,0,14
BRDA:149,20,1,1
BRDA:150,21,0,1
BRDA:150,21,1,13
BRDA:174,22,0,3
BRDA:174,22,1,3
BRDA:176,23,0,1
BRDA:176,23,1,2
BRDA:183,24,0,1
BRDA:183,24,1,4
BRDA:186,25,0,3
BRDA:186,25,1,2
BRDA:189,26,0,1
BRDA:189,26,1,2
BRDA:194,27,0,0
BRDA:194,27,1,2
BRDA:194,28,0,2
BRDA:194,28,1,2
BRDA:196,29,0,0
BRDA:196,29,1,2
BRDA:202,30,0,2
BRDA:202,30,1,8
BRDA:215,31,0,1
BRDA:215,31,1,1
BRDA:221,32,0,0
BRDA:221,32,1,1
BRDA:244,33,0,2
BRDA:244,33,1,2
BRDA:246,34,0,0
BRDA:246,34,1,2
BRDA:246,35,0,2
BRDA:246,35,1,2
BRDA:247,36,0,0
BRDA:247,36,1,2
BRDA:259,37,0,0
BRDA:259,37,1,2
BRDA:260,38,0,1
BRDA:260,38,1,1
BRDA:274,39,0,2
BRDA:274,39,1,1
BRDA:274,40,0,3
BRDA:274,40,1,2
BRDA:275,41,0,1
BRDA:275,41,1,1
BRDA:275,42,0,2
BRDA:275,42,1,2
BRDA:287,43,0,1
BRDA:287,43,1,3
BRDA:289,44,0,3
BRDA:289,44,1,3
BRDA:292,45,0,2
BRDA:292,45,1,1
BRDA:293,46,0,1
BRDA:293,46,1,2
BRDA:296,47,0,0
BRDA:296,47,1,2
BRDA:306,48,0,1
BRDA:306,48,1,4
BRDA:307,49,0,1
BRDA:307,49,1,3
BRDA:313,50,0,0
BRDA:313,50,1,3
BRDA:321,51,0,2
BRDA:321,51,1,1
BRDA:321,52,0,3
BRDA:321,52,1,2
BRDA:323,53,0,2
BRDA:323,53,1,2
BRDA:334,54,0,1
BRDA:334,54,1,6
BRDA:345,55,0,1
BRDA:345,55,1,5
BRDA:357,56,0,3
BRDA:357,56,1,2
BRDA:387,57,0,1
BRDA:387,57,1,1
BRDA:393,58,0,1
BRDA:393,58,1,2
BRDA:394,59,0,1
BRDA:394,59,1,2
BRDA:394,60,0,3
BRDA:394,60,1,3
BRDA:396,61,0,1
BRDA:396,61,1,1
BRDA:396,62,0,2
BRDA:396,62,1,2
BRDA:405,63,0,1
BRDA:405,63,1,1
BRF:128
BRH:113
end_of_record
TN:
SF:mock-classes\playlist-mock.js
FN:4,(anonymous_0)
FN:13,(anonymous_1)
FN:19,(anonymous_2)
FN:23,(anonymous_3)
FN:37,(anonymous_4)
FN:50,(anonymous_5)
FN:75,(anonymous_6)
FN:93,(anonymous_7)
FN:113,(anonymous_8)
FN:139,(anonymous_9)
FN:162,(anonymous_10)
FN:185,(anonymous_11)
FN:187,(anonymous_12)
FN:194,(anonymous_13)
FN:206,(anonymous_14)
FN:239,(anonymous_15)
FN:255,(anonymous_16)
FN:278,(anonymous_17)
FN:314,(anonymous_18)
FNF:19
FNH:19
FNDA:60,(anonymous_0)
FNDA:2,(anonymous_1)
FNDA:60,(anonymous_2)
FNDA:8,(anonymous_3)
FNDA:12,(anonymous_4)
FNDA:6,(anonymous_5)
FNDA:2,(anonymous_6)
FNDA:4,(anonymous_7)
FNDA:4,(anonymous_8)
FNDA:6,(anonymous_9)
FNDA:4,(anonymous_10)
FNDA:2,(anonymous_11)
FNDA:8,(anonymous_12)
FNDA:4,(anonymous_13)
FNDA:7,(anonymous_14)
FNDA:4,(anonymous_15)
FNDA:6,(anonymous_16)
FNDA:5,(anonymous_17)
FNDA:8,(anonymous_18)
DA:1,1
DA:5,60
DA:6,438
DA:7,49
DA:10,11
DA:14,2
DA:15,2
DA:16,2
DA:17,24
DA:19,60
DA:20,2
DA:25,8
DA:27,8
DA:28,7
DA:29,16
DA:30,4
DA:34,4
DA:39,12
DA:41,12
DA:42,10
DA:43,20
DA:44,6
DA:48,6
DA:51,6
DA:52,6
DA:53,5
DA:54,4
DA:55,4
DA:57,4
DA:58,4
DA:59,3
DA:60,1
DA:61,1
DA:64,4
DA:65,4
DA:66,2
DA:67,10
DA:70,4
DA:71,4
DA:73,1
DA:76,2
DA:77,2
DA:78,2
DA:79,2
DA:90,2
DA:91,2
DA:94,4
DA:96,4
DA:97,3
DA:99,3
DA:101,2
DA:103,5
DA:104,2
DA:108,2
DA:111,1
DA:114,4
DA:115,4
DA:116,3
DA:117,3
DA:118,1
DA:122,2
DA:123,1
DA:128,1
DA:130,1
DA:131,1
DA:136,1
DA:140,6
DA:141,6
DA:142,5
DA:143,4
DA:145,4
DA:147,1
DA:151,3
DA:153,6
DA:155,3
DA:156,3
DA:160,1
DA:164,4
DA:165,3
DA:166,3
DA:167,2
DA:168,2
DA:169,2
DA:170,1
DA:171,4
DA:174,2
DA:175,4
DA:177,2
DA:178,2
DA:183,2
DA:186,2
DA:187,2
DA:188,8
DA:189,7
DA:192,2
DA:196,4
DA:197,4
DA:198,3
DA:199,2
DA:201,3
DA:202,2
DA:204,3
DA:207,7
DA:208,6
DA:209,6
DA:210,6
DA:211,11
DA:212,2
DA:214,9
DA:215,6
DA:219,6
DA:220,8
DA:221,8
DA:223,6
DA:224,6
DA:225,6
DA:226,3
DA:227,2
DA:230,6
DA:231,2
DA:232,1
DA:235,6
DA:237,6
DA:240,4
DA:241,4
DA:242,3
DA:243,3
DA:244,2
DA:245,2
DA:246,3
DA:247,2
DA:248,2
DA:252,1
DA:256,6
DA:257,6
DA:258,5
DA:259,4
DA:261,4
DA:262,10
DA:263,1
DA:264,1
DA:268,3
DA:269,5
DA:270,2
DA:271,2
DA:274,1
DA:279,5
DA:280,5
DA:281,4
DA:282,4
DA:283,4
DA:284,3
DA:285,3
DA:286,2
DA:287,5
DA:288,1
DA:289,1
DA:290,1
DA:293,2
DA:295,2
DA:296,10
DA:297,10
DA:299,2
DA:300,4
DA:301,16
DA:302,4
DA:306,2
DA:311,2
DA:315,8
DA:316,8
DA:317,7
DA:318,7
DA:319,7
DA:320,6
DA:321,6
DA:322,2
DA:323,6
DA:324,1
DA:325,1
DA:326,1
DA:329,2
DA:331,5
DA:332,12
DA:334,5
DA:335,5
DA:336,5
DA:338,5
DA:339,5
DA:340,5
DA:341,5
DA:342,5
DA:343,6
DA:345,5
DA:346,5
DA:347,4
DA:348,5
DA:353,5
DA:358,1
LF:198
LH:198
BRDA:6,0,0,49
BRDA:6,0,1,389
BRDA:15,1,0,1
BRDA:15,1,1,1
BRDA:19,2,0,4
BRDA:19,2,1,56
BRDA:27,3,0,7
BRDA:27,3,1,1
BRDA:29,4,0,4
BRDA:29,4,1,12
BRDA:41,5,0,10
BRDA:41,5,1,2
BRDA:43,6,0,6
BRDA:43,6,1,14
BRDA:52,7,0,1
BRDA:52,7,1,5
BRDA:53,8,0,4
BRDA:53,8,1,1
BRDA:53,9,0,5
BRDA:53,9,1,3
BRDA:53,9,2,2
BRDA:59,10,0,1
BRDA:59,10,1,2
BRDA:64,11,0,3
BRDA:64,11,1,1
BRDA:65,12,0,2
BRDA:65,12,1,2
BRDA:76,13,0,1
BRDA:76,13,1,1
BRDA:96,14,0,3
BRDA:96,14,1,1
BRDA:99,15,0,2
BRDA:99,15,1,1
BRDA:103,16,0,2
BRDA:103,16,1,3
BRDA:115,17,0,1
BRDA:115,17,1,3
BRDA:117,18,0,1
BRDA:117,18,1,2
BRDA:122,19,0,1
BRDA:122,19,1,1
BRDA:141,20,0,1
BRDA:141,20,1,5
BRDA:142,21,0,4
BRDA:142,21,1,1
BRDA:145,22,0,1
BRDA:145,22,1,3
BRDA:153,23,0,3
BRDA:153,23,1,3
BRDA:164,24,0,1
BRDA:164,24,1,3
BRDA:164,25,0,4
BRDA:164,25,1,4
BRDA:166,26,0,1
BRDA:166,26,1,2
BRDA:169,27,0,1
BRDA:169,27,1,1
BRDA:188,28,0,7
BRDA:188,28,1,1
BRDA:197,29,0,1
BRDA:197,29,1,3
BRDA:198,30,0,2
BRDA:198,30,1,1
BRDA:201,31,0,2
BRDA:201,31,1,1
BRDA:207,32,0,1
BRDA:207,32,1,6
BRDA:211,33,0,2
BRDA:211,33,1,9
BRDA:214,34,0,6
BRDA:214,34,1,3
BRDA:225,35,0,3
BRDA:225,35,1,3
BRDA:226,36,0,2
BRDA:226,36,1,1
BRDA:226,37,0,3
BRDA:226,37,1,3
BRDA:230,38,0,2
BRDA:230,38,1,4
BRDA:231,39,0,1
BRDA:231,39,1,1
BRDA:231,40,0,2
BRDA:231,40,1,2
BRDA:241,41,0,1
BRDA:241,41,1,3
BRDA:243,42,0,2
BRDA:243,42,1,1
BRDA:246,43,0,2
BRDA:246,43,1,1
BRDA:257,44,0,1
BRDA:257,44,1,5
BRDA:258,45,0,1
BRDA:258,45,1,4
BRDA:262,46,0,1
BRDA:262,46,1,9
BRDA:269,47,0,2
BRDA:269,47,1,3
BRDA:280,48,0,1
BRDA:280,48,1,4
BRDA:283,49,0,1
BRDA:283,49,1,3
BRDA:285,50,0,2
BRDA:285,50,1,1
BRDA:287,51,0,1
BRDA:287,51,1,4
BRDA:293,52,0,1
BRDA:293,52,1,1
BRDA:301,53,0,4
BRDA:301,53,1,12
BRDA:316,54,0,1
BRDA:316,54,1,7
BRDA:319,55,0,1
BRDA:319,55,1,6
BRDA:321,56,0,2
BRDA:321,56,1,4
BRDA:323,57,0,1
BRDA:323,57,1,5
BRDA:329,58,0,1
BRDA:329,58,1,1
BRDA:336,59,0,2
BRDA:336,59,1,3
BRDA:336,60,0,1
BRDA:336,60,1,2
BRDA:338,61,0,1
BRDA:338,61,1,4
BRDA:339,62,0,1
BRDA:339,62,1,4
BRDA:341,63,0,2
BRDA:341,63,1,3
BRDA:341,64,0,1
BRDA:341,64,1,2
BRDA:346,65,0,1
BRDA:346,65,1,4
BRF:133
BRH:133
end_of_record
TN:
SF:mock-classes\search-mock.js
FN:10,(anonymous_0)
FN:19,(anonymous_1)
FN:29,(anonymous_2)
FN:65,(anonymous_3)
FN:109,(anonymous_4)
FN:136,(anonymous_5)
FN:168,(anonymous_6)
FN:195,(anonymous_7)
FN:202,(anonymous_8)
FN:222,getTracks
FN:228,(anonymous_10)
FN:238,getArtist
FN:239,(anonymous_12)
FN:241,getAlbumById
FN:242,(anonymous_14)
FN:246,getAlbums
FN:298,exactmatch
FN:313,getAlbumArtist
FN:320,(anonymous_18)
FN:347,search
FN:360,Fuzzysearch
FN:376,(anonymous_21)
FNF:22
FNH:22
FNDA:22,(anonymous_0)
FNDA:9,(anonymous_1)
FNDA:11,(anonymous_2)
FNDA:9,(anonymous_3)
FNDA:7,(anonymous_4)
FNDA:14,(anonymous_5)
FNDA:5,(anonymous_6)
FNDA:6,(anonymous_7)
FNDA:2,(anonymous_8)
FNDA:2,getTracks
FNDA:2,(anonymous_10)
FNDA:28,getArtist
FNDA:28,(anonymous_12)
FNDA:20,getAlbumById
FNDA:21,(anonymous_14)
FNDA:9,getAlbums
FNDA:20,exactmatch
FNDA:9,getAlbumArtist
FNDA:16,(anonymous_18)
FNDA:76,search
FNDA:38,Fuzzysearch
FNDA:38,(anonymous_21)
DA:1,1
DA:3,1
DA:4,1
DA:12,22
DA:13,20
DA:21,9
DA:22,9
DA:23,3
DA:25,6
DA:32,11
DA:33,11
DA:34,11
DA:36,4
DA:39,7
DA:40,7
DA:41,6
DA:44,10
DA:45,10
DA:46,6
DA:47,6
DA:48,6
DA:49,6
DA:50,6
DA:51,6
DA:52,6
DA:53,6
DA:54,6
DA:55,6
DA:56,6
DA:59,6
DA:62,10
DA:68,9
DA:69,9
DA:70,9
DA:72,1
DA:75,8
DA:76,8
DA:77,7
DA:80,8
DA:81,8
DA:82,3
DA:83,3
DA:84,3
DA:85,3
DA:86,3
DA:87,3
DA:88,3
DA:90,3
DA:91,3
DA:92,3
DA:93,3
DA:94,3
DA:95,3
DA:97,3
DA:98,3
DA:99,3
DA:100,3
DA:101,3
DA:103,8
DA:110,7
DA:111,7
DA:112,2
DA:113,2
DA:115,5
DA:116,5
DA:117,1
DA:119,4
DA:120,4
DA:121,1
DA:123,3
DA:124,3
DA:125,1
DA:128,2
DA:129,2
DA:130,1
DA:138,14
DA:139,14
DA:140,14
DA:142,8
DA:143,7
DA:145,6
DA:146,6
DA:147,6
DA:148,6
DA:149,6
DA:150,6
DA:151,6
DA:152,6
DA:153,6
DA:154,6
DA:160,8
DA:162,6
DA:170,5
DA:171,5
DA:172,5
DA:174,3
DA:175,3
DA:176,1
DA:179,2
DA:180,2
DA:181,2
DA:182,2
DA:183,2
DA:184,2
DA:188,3
DA:197,6
DA:198,6
DA:199,5
DA:200,5
DA:201,5
DA:202,2
DA:203,2
DA:204,2
DA:205,2
DA:206,2
DA:207,2
DA:208,2
DA:211,2
DA:212,2
DA:213,2
DA:214,2
DA:215,2
DA:218,5
DA:223,2
DA:224,2
DA:225,2
DA:226,2
DA:227,1
DA:228,2
DA:229,2
DA:231,1
DA:232,1
DA:234,1
DA:239,28
DA:242,21
DA:247,9
DA:248,9
DA:249,9
DA:250,9
DA:252,8
DA:253,8
DA:256,8
DA:257,2
DA:258,2
DA:259,1
DA:262,6
DA:263,2
DA:264,2
DA:265,1
DA:268,4
DA:269,2
DA:270,2
DA:271,1
DA:275,2
DA:276,2
DA:280,8
DA:281,8
DA:282,8
DA:283,7
DA:284,3
DA:287,8
DA:288,7
DA:289,3
DA:292,8
DA:293,8
DA:301,20
DA:302,18
DA:303,18
DA:304,18
DA:305,5
DA:308,15
DA:318,9
DA:319,9
DA:320,16
DA:321,9
DA:322,3
DA:323,3
DA:324,1
DA:326,2
DA:330,9
DA:331,8
DA:332,8
DA:333,8
DA:334,8
DA:335,8
DA:336,8
DA:337,8
DA:339,8
DA:341,1
DA:349,76
DA:353,76
DA:354,76
DA:362,38
DA:363,38
DA:364,38
DA:365,38
DA:366,38
DA:367,38
DA:368,38
DA:370,38
DA:376,1
DA:378,38
DA:379,38
DA:380,38
DA:381,34
DA:382,34
DA:385,38
DA:386,17
DA:388,38
DA:390,1
LF:210
LH:210
BRDA:12,0,0,2
BRDA:12,0,1,20
BRDA:22,1,0,3
BRDA:22,1,1,6
BRDA:34,2,0,4
BRDA:34,2,1,7
BRDA:40,3,0,1
BRDA:40,3,1,6
BRDA:47,4,0,6
BRDA:47,4,1,0
BRDA:53,5,0,6
BRDA:53,5,1,0
BRDA:70,6,0,1
BRDA:70,6,1,8
BRDA:76,7,0,1
BRDA:76,7,1,7
BRDA:84,8,0,3
BRDA:84,8,1,0
BRDA:91,9,0,3
BRDA:91,9,1,0
BRDA:111,10,0,2
BRDA:111,10,1,5
BRDA:116,11,0,1
BRDA:116,11,1,4
BRDA:120,12,0,1
BRDA:120,12,1,3
BRDA:124,13,0,1
BRDA:124,13,1,2
BRDA:129,14,0,1
BRDA:129,14,1,1
BRDA:140,15,0,6
BRDA:140,15,1,8
BRDA:143,16,0,6
BRDA:143,16,1,1
BRDA:146,17,0,6
BRDA:146,17,1,0
BRDA:160,18,0,2
BRDA:160,18,1,6
BRDA:172,19,0,2
BRDA:172,19,1,3
BRDA:175,20,0,1
BRDA:175,20,1,2
BRDA:198,21,0,1
BRDA:198,21,1,5
BRDA:204,22,0,2
BRDA:204,22,1,0
BRDA:226,23,0,1
BRDA:226,23,1,1
BRDA:229,24,0,1
BRDA:229,24,1,1
BRDA:250,25,0,1
BRDA:250,25,1,8
BRDA:256,26,0,2
BRDA:256,26,1,6
BRDA:256,27,0,8
BRDA:256,27,1,4
BRDA:258,28,0,1
BRDA:258,28,1,1
BRDA:258,29,0,2
BRDA:258,29,1,1
BRDA:262,30,0,2
BRDA:262,30,1,4
BRDA:262,31,0,6
BRDA:262,31,1,4
BRDA:264,32,0,1
BRDA:264,32,1,1
BRDA:268,33,0,2
BRDA:268,33,1,2
BRDA:268,34,0,4
BRDA:268,34,1,2
BRDA:270,35,0,1
BRDA:270,35,1,1
BRDA:282,36,0,7
BRDA:282,36,1,1
BRDA:283,37,0,3
BRDA:283,37,1,4
BRDA:283,38,0,7
BRDA:283,38,1,7
BRDA:287,39,0,7
BRDA:287,39,1,1
BRDA:288,40,0,3
BRDA:288,40,1,4
BRDA:288,41,0,7
BRDA:288,41,1,7
BRDA:304,42,0,5
BRDA:304,42,1,13
BRDA:321,43,0,3
BRDA:321,43,1,6
BRDA:323,44,0,1
BRDA:323,44,1,2
BRDA:330,45,0,8
BRDA:330,45,1,1
BRDA:335,46,0,8
BRDA:335,46,1,0
BRF:94
BRH:87
end_of_record
TN:
SF:mock-classes\track-mock.js
FN:4,(anonymous_0)
FN:5,(anonymous_1)
FN:8,(anonymous_2)
FN:18,(anonymous_3)
FN:22,(anonymous_4)
FN:27,(anonymous_5)
FN:45,(anonymous_6)
FN:58,(anonymous_7)
FN:79,(anonymous_8)
FNF:9
FNH:9
FNDA:10,(anonymous_0)
FNDA:27,(anonymous_1)
FNDA:2,(anonymous_2)
FNDA:9,(anonymous_3)
FNDA:14,(anonymous_4)
FNDA:3,(anonymous_5)
FNDA:3,(anonymous_6)
FNDA:2,(anonymous_7)
FNDA:1,(anonymous_8)
DA:1,1
DA:5,27
DA:9,2
DA:10,2
DA:11,6
DA:12,6
DA:13,5
DA:15,1
DA:19,9
DA:21,9
DA:22,14
DA:24,2
DA:28,3
DA:29,1
DA:31,2
DA:32,1
DA:35,1
DA:38,1
DA:39,1
DA:42,1
DA:46,3
DA:47,1
DA:50,2
DA:51,4
DA:52,2
DA:55,2
DA:59,2
DA:60,2
DA:61,1
DA:77,1
DA:80,1
DA:109,1
DA:110,1
DA:115,1
LF:34
LH:34
BRDA:12,0,0,1
BRDA:12,0,1,5
BRDA:21,1,0,7
BRDA:21,1,1,2
BRDA:28,2,0,1
BRDA:28,2,1,2
BRDA:31,3,0,1
BRDA:31,3,1,1
BRDA:46,4,0,1
BRDA:46,4,1,2
BRDA:51,5,0,2
BRDA:51,5,1,2
BRDA:60,6,0,1
BRDA:60,6,1,1
BRF:14
BRH:14
end_of_record
TN:
SF:mock-classes\user-mock.js
FN:4,(anonymous_0)
FN:5,(anonymous_1)
FN:11,(anonymous_2)
FN:32,(anonymous_3)
FN:49,(anonymous_4)
FN:69,(anonymous_5)
FN:79,(anonymous_6)
FN:86,(anonymous_7)
FN:103,(anonymous_8)
FN:105,(anonymous_9)
FN:113,(anonymous_10)
FN:124,(anonymous_11)
FN:151,(anonymous_12)
FN:169,(anonymous_13)
FNF:14
FNH:14
FNDA:33,(anonymous_0)
FNDA:111,(anonymous_1)
FNDA:8,(anonymous_2)
FNDA:7,(anonymous_3)
FNDA:2,(anonymous_4)
FNDA:2,(anonymous_5)
FNDA:3,(anonymous_6)
FNDA:8,(anonymous_7)
FNDA:2,(anonymous_8)
FNDA:7,(anonymous_9)
FNDA:1,(anonymous_10)
FNDA:2,(anonymous_11)
FNDA:4,(anonymous_12)
FNDA:3,(anonymous_13)
DA:1,1
DA:2,1
DA:5,111
DA:13,8
DA:14,8
DA:15,7
DA:17,2
DA:18,1
DA:22,5
DA:23,1
DA:25,5
DA:26,1
DA:27,1
DA:30,5
DA:32,7
DA:33,2
DA:34,1
DA:36,4
DA:37,1
DA:41,6
DA:43,1
DA:51,2
DA:52,2
DA:53,1
DA:55,1
DA:56,1
DA:57,1
DA:58,1
DA:59,1
DA:60,1
DA:61,1
DA:70,2
DA:71,2
DA:73,1
DA:74,1
DA:80,3
DA:81,3
DA:82,2
DA:83,2
DA:84,6
DA:85,6
DA:86,8
DA:87,4
DA:88,1
DA:90,3
DA:93,2
DA:96,2
DA:105,7
DA:106,2
DA:107,1
DA:114,1
DA:117,1
DA:118,1
DA:126,2
DA:129,2
DA:130,1
DA:137,1
DA:138,1
DA:144,2
DA:152,4
DA:155,4
DA:156,3
DA:157,4
DA:158,1
DA:160,3
DA:164,1
DA:171,3
DA:172,3
DA:173,2
DA:174,1
DA:178,1
DA:181,1
DA:185,1
LF:73
LH:73
BRDA:14,0,0,7
BRDA:14,0,1,1
BRDA:15,1,0,2
BRDA:15,1,1,5
BRDA:17,2,0,1
BRDA:17,2,1,1
BRDA:22,3,0,1
BRDA:22,3,1,4
BRDA:25,4,0,1
BRDA:25,4,1,4
BRDA:30,5,0,2
BRDA:30,5,1,3
BRDA:33,6,0,1
BRDA:33,6,1,1
BRDA:36,7,0,1
BRDA:36,7,1,3
BRDA:52,8,0,1
BRDA:52,8,1,1
BRDA:71,9,0,1
BRDA:71,9,1,1
BRDA:81,10,0,1
BRDA:81,10,1,2
BRDA:85,11,0,4
BRDA:85,11,1,2
BRDA:87,12,0,1
BRDA:87,12,1,3
BRDA:106,13,0,1
BRDA:106,13,1,1
BRDA:129,14,0,1
BRDA:129,14,1,1
BRDA:155,15,0,3
BRDA:155,15,1,1
BRDA:157,16,0,1
BRDA:157,16,1,3
BRDA:172,17,0,1
BRDA:172,17,1,2
BRDA:173,18,0,1
BRDA:173,18,1,1
BRF:38
BRH:38
end_of_record
