TN:
SF:mock-classes\album-mock.js
FN:7,(anonymous_0)
FN:8,(anonymous_1)
FN:10,(anonymous_2)
FN:11,(anonymous_3)
FN:13,(anonymous_4)
FN:14,(anonymous_5)
FN:16,(anonymous_6)
FN:17,(anonymous_7)
FN:20,(anonymous_8)
FN:61,(anonymous_9)
FN:68,(anonymous_10)
FN:95,(anonymous_11)
FN:124,(anonymous_12)
FN:136,(anonymous_13)
FN:139,(anonymous_14)
FN:145,(anonymous_15)
FN:181,(anonymous_16)
FNF:17
FNH:16
FNDA:14,(anonymous_0)
FNDA:16,(anonymous_1)
FNDA:4,(anonymous_2)
FNDA:4,(anonymous_3)
FNDA:2,(anonymous_4)
FNDA:2,(anonymous_5)
FNDA:2,(anonymous_6)
FNDA:0,(anonymous_7)
FNDA:2,(anonymous_8)
FNDA:2,(anonymous_9)
FNDA:2,(anonymous_10)
FNDA:2,(anonymous_11)
FNDA:2,(anonymous_12)
FNDA:12,(anonymous_13)
FNDA:14,(anonymous_14)
FNDA:6,(anonymous_15)
FNDA:6,(anonymous_16)
DA:1,2
DA:8,16
DA:11,4
DA:14,2
DA:17,2
DA:25,2
DA:26,2
DA:27,2
DA:28,2
DA:29,0
DA:30,0
DA:31,0
DA:33,0
DA:37,2
DA:38,2
DA:39,2
DA:40,2
DA:41,2
DA:42,2
DA:43,2
DA:44,2
DA:45,2
DA:47,2
DA:48,2
DA:50,0
DA:52,2
DA:54,0
DA:62,2
DA:63,2
DA:65,0
DA:73,2
DA:74,2
DA:75,2
DA:76,2
DA:77,2
DA:78,2
DA:81,2
DA:82,2
DA:83,2
DA:84,2
DA:85,2
DA:86,2
DA:89,2
DA:91,0
DA:99,2
DA:100,2
DA:101,2
DA:102,0
DA:105,2
DA:106,2
DA:107,2
DA:108,2
DA:109,2
DA:110,2
DA:111,2
DA:112,2
DA:116,2
DA:117,0
DA:119,2
DA:125,2
DA:126,2
DA:127,2
DA:130,2
DA:133,0
DA:137,12
DA:138,12
DA:139,14
DA:141,0
DA:149,6
DA:150,6
DA:151,6
DA:152,4
DA:153,4
DA:154,4
DA:157,6
DA:158,4
DA:159,4
DA:160,4
DA:161,2
DA:162,2
DA:168,0
DA:169,0
DA:174,2
DA:176,4
DA:177,2
DA:179,2
DA:185,6
DA:186,6
DA:187,6
DA:188,4
DA:189,2
DA:190,2
DA:191,4
DA:192,2
DA:197,2
DA:198,2
DA:202,4
DA:209,2
LF:98
LH:84
BRDA:28,0,0,0
BRDA:28,0,1,2
BRDA:30,1,0,0
BRDA:30,1,1,0
BRDA:37,2,0,2
BRDA:37,2,1,0
BRDA:43,3,0,2
BRDA:43,3,1,0
BRDA:47,4,0,2
BRDA:47,4,1,0
BRDA:63,5,0,2
BRDA:63,5,1,0
BRDA:74,6,0,0
BRDA:74,6,1,2
BRDA:77,7,0,2
BRDA:77,7,1,0
BRDA:81,8,0,2
BRDA:81,8,1,0
BRDA:85,9,0,2
BRDA:85,9,1,0
BRDA:101,10,0,0
BRDA:101,10,1,2
BRDA:107,11,0,2
BRDA:107,11,1,0
BRDA:116,12,0,0
BRDA:116,12,1,2
BRDA:126,13,0,2
BRDA:126,13,1,0
BRDA:138,14,0,12
BRDA:138,14,1,0
BRDA:149,15,0,0
BRDA:149,15,1,6
BRDA:153,16,0,4
BRDA:153,16,1,0
BRDA:157,17,0,2
BRDA:157,17,1,4
BRDA:160,18,0,2
BRDA:160,18,1,2
BRDA:161,19,0,2
BRDA:161,19,1,0
BRDA:176,20,0,2
BRDA:176,20,1,2
BRDA:186,21,0,0
BRDA:186,21,1,6
BRDA:188,22,0,2
BRDA:188,22,1,2
BRDA:191,23,0,2
BRDA:191,23,1,2
BRDA:197,24,0,2
BRDA:197,24,1,0
BRDA:197,25,0,2
BRDA:197,25,1,2
BRDA:197,25,2,0
BRF:53
BRH:31
end_of_record
TN:
SF:mock-classes\artist-mock.js
FN:5,(anonymous_0)
FN:28,(anonymous_1)
FN:32,(anonymous_2)
FN:46,(anonymous_3)
FN:59,(anonymous_4)
FN:70,(anonymous_5)
FN:95,(anonymous_6)
FN:105,(anonymous_7)
FN:115,(anonymous_8)
FN:169,(anonymous_9)
FN:181,(anonymous_10)
FN:193,(anonymous_11)
FN:204,(anonymous_12)
FN:224,(anonymous_13)
FN:229,(anonymous_14)
FNF:15
FNH:15
FNDA:1,(anonymous_0)
FNDA:1,(anonymous_1)
FNDA:2,(anonymous_2)
FNDA:2,(anonymous_3)
FNDA:13,(anonymous_4)
FNDA:1,(anonymous_5)
FNDA:1,(anonymous_6)
FNDA:1,(anonymous_7)
FNDA:1,(anonymous_8)
FNDA:1,(anonymous_9)
FNDA:4,(anonymous_10)
FNDA:1,(anonymous_11)
FNDA:1,(anonymous_12)
FNDA:1,(anonymous_13)
FNDA:1,(anonymous_14)
DA:1,1
DA:8,1
DA:9,1
DA:10,1
DA:24,1
DA:25,1
DA:30,1
DA:31,1
DA:32,2
DA:33,1
DA:35,1
DA:36,0
DA:37,1
DA:39,3
DA:42,1
DA:43,1
DA:47,2
DA:48,2
DA:49,2
DA:50,2
DA:51,2
DA:52,1
DA:56,1
DA:61,13
DA:62,17
DA:63,12
DA:66,1
DA:71,1
DA:72,1
DA:88,1
DA:89,1
DA:92,1
DA:96,1
DA:97,1
DA:98,1
DA:101,1
DA:106,1
DA:107,1
DA:108,2
DA:109,2
DA:110,2
DA:112,1
DA:116,1
DA:117,1
DA:118,1
DA:119,1
DA:121,1
DA:122,1
DA:123,1
DA:124,1
DA:129,1
DA:130,0
DA:131,0
DA:132,0
DA:135,1
DA:136,0
DA:137,0
DA:138,0
DA:141,1
DA:142,0
DA:143,0
DA:144,0
DA:148,1
DA:149,1
DA:153,1
DA:154,1
DA:155,1
DA:156,0
DA:157,0
DA:160,1
DA:161,0
DA:162,0
DA:165,1
DA:166,1
DA:170,1
DA:172,1
DA:173,1
DA:174,1
DA:175,1
DA:177,1
DA:178,3
DA:179,5
DA:180,10
DA:181,4
DA:182,2
DA:183,4
DA:189,1
DA:190,1
DA:195,1
DA:196,1
DA:197,1
DA:200,0
DA:205,1
DA:206,1
DA:207,1
DA:208,1
DA:209,1
DA:210,2
DA:211,4
DA:212,2
DA:218,1
DA:219,2
DA:220,2
DA:224,1
DA:225,1
DA:226,1
DA:230,1
DA:231,1
DA:232,1
DA:233,1
DA:234,1
DA:235,2
DA:236,4
DA:237,2
DA:241,1
DA:242,2
DA:246,1
DA:249,1
LF:118
LH:103
BRDA:8,0,0,0
BRDA:8,0,1,1
BRDA:32,1,0,1
BRDA:32,1,1,1
BRDA:33,2,0,1
BRDA:33,2,1,0
BRDA:35,3,0,1
BRDA:35,3,1,0
BRDA:48,4,0,0
BRDA:48,4,1,2
BRDA:49,5,0,2
BRDA:49,5,1,0
BRDA:51,6,0,1
BRDA:51,6,1,1
BRDA:62,7,0,12
BRDA:62,7,1,5
BRDA:71,8,0,0
BRDA:71,8,1,1
BRDA:97,9,0,0
BRDA:97,9,1,1
BRDA:109,10,0,0
BRDA:109,10,1,2
BRDA:119,11,0,0
BRDA:119,11,1,1
BRDA:123,12,0,1
BRDA:123,12,1,0
BRDA:129,13,0,0
BRDA:129,13,1,1
BRDA:129,14,0,1
BRDA:129,14,1,0
BRDA:131,15,0,0
BRDA:131,15,1,0
BRDA:131,16,0,0
BRDA:131,16,1,0
BRDA:135,17,0,0
BRDA:135,17,1,1
BRDA:135,18,0,1
BRDA:135,18,1,1
BRDA:137,19,0,0
BRDA:137,19,1,0
BRDA:141,20,0,0
BRDA:141,20,1,1
BRDA:141,21,0,1
BRDA:141,21,1,0
BRDA:143,22,0,0
BRDA:143,22,1,0
BRDA:155,23,0,0
BRDA:155,23,1,1
BRDA:156,24,0,0
BRDA:156,24,1,0
BRDA:156,25,0,0
BRDA:156,25,1,0
BRDA:160,26,0,0
BRDA:160,26,1,1
BRDA:161,27,0,0
BRDA:161,27,1,0
BRDA:161,28,0,0
BRDA:161,28,1,0
BRDA:173,29,0,0
BRDA:173,29,1,1
BRDA:174,30,0,0
BRDA:174,30,1,1
BRDA:180,31,0,4
BRDA:180,31,1,6
BRDA:181,32,0,2
BRDA:181,32,1,2
BRDA:189,33,0,0
BRDA:189,33,1,1
BRDA:196,34,0,1
BRDA:196,34,1,0
BRDA:208,35,0,0
BRDA:208,35,1,1
BRDA:211,36,0,2
BRDA:211,36,1,2
BRDA:219,37,0,2
BRDA:219,37,1,0
BRDA:224,38,0,0
BRDA:224,38,1,1
BRDA:233,39,0,0
BRDA:233,39,1,1
BRDA:236,40,0,2
BRDA:236,40,1,2
BRF:82
BRH:41
end_of_record
TN:
SF:mock-classes\authentication-mock.js
FN:17,(anonymous_0)
FN:23,(anonymous_1)
FNF:2
FNH:2
FNDA:3,(anonymous_0)
FNDA:4,(anonymous_1)
DA:1,1
DA:15,1
DA:18,3
DA:19,3
DA:21,2
DA:24,4
DA:25,2
DA:26,1
DA:28,1
DA:41,1
DA:42,1
DA:45,1
LF:12
LH:12
BRDA:19,0,0,1
BRDA:19,0,1,2
BRDA:19,1,0,3
BRDA:19,1,1,1
BRDA:24,2,0,2
BRDA:24,2,1,2
BRDA:24,3,0,4
BRDA:24,3,1,3
BRDA:24,3,2,2
BRDA:24,3,3,2
BRDA:24,3,4,2
BRDA:24,3,5,2
BRDA:26,4,0,1
BRDA:26,4,1,0
BRF:14
BRH:13
end_of_record
TN:
SF:mock-classes\forgpass-mock.js
FN:4,(anonymous_0)
FN:5,(anonymous_1)
FN:8,(anonymous_2)
FN:9,(anonymous_3)
FNF:4
FNH:4
FNDA:2,(anonymous_0)
FNDA:3,(anonymous_1)
FNDA:2,(anonymous_2)
FNDA:3,(anonymous_3)
DA:1,1
DA:5,3
DA:9,3
DA:10,2
DA:11,1
DA:12,1
DA:16,1
LF:7
LH:7
BRDA:10,0,0,1
BRDA:10,0,1,1
BRF:2
BRH:2
end_of_record
TN:
SF:mock-classes\playlist-mock.js
FN:4,(anonymous_0)
FN:13,(anonymous_1)
FN:19,(anonymous_2)
FN:23,(anonymous_3)
FN:37,(anonymous_4)
FN:50,(anonymous_5)
FN:75,(anonymous_6)
FN:93,(anonymous_7)
FN:110,(anonymous_8)
FN:139,(anonymous_9)
FN:161,(anonymous_10)
FN:184,(anonymous_11)
FN:186,(anonymous_12)
FN:193,(anonymous_13)
FN:205,(anonymous_14)
FN:237,(anonymous_15)
FN:253,(anonymous_16)
FN:276,(anonymous_17)
FN:312,(anonymous_18)
FNF:19
FNH:19
FNDA:18,(anonymous_0)
FNDA:1,(anonymous_1)
FNDA:3,(anonymous_2)
FNDA:3,(anonymous_3)
FNDA:7,(anonymous_4)
FNDA:2,(anonymous_5)
FNDA:1,(anonymous_6)
FNDA:1,(anonymous_7)
FNDA:2,(anonymous_8)
FNDA:3,(anonymous_9)
FNDA:1,(anonymous_10)
FNDA:1,(anonymous_11)
FNDA:7,(anonymous_12)
FNDA:1,(anonymous_13)
FNDA:1,(anonymous_14)
FNDA:1,(anonymous_15)
FNDA:1,(anonymous_16)
FNDA:1,(anonymous_17)
FNDA:1,(anonymous_18)
DA:1,1
DA:5,18
DA:6,30
DA:7,16
DA:10,2
DA:14,1
DA:15,1
DA:16,1
DA:17,3
DA:19,3
DA:20,1
DA:25,3
DA:27,3
DA:28,3
DA:29,3
DA:30,2
DA:34,1
DA:39,7
DA:41,7
DA:42,7
DA:43,14
DA:44,4
DA:48,3
DA:51,2
DA:52,2
DA:53,1
DA:54,1
DA:55,1
DA:57,1
DA:58,1
DA:59,1
DA:60,0
DA:61,0
DA:64,1
DA:65,1
DA:66,1
DA:67,4
DA:70,1
DA:71,1
DA:73,0
DA:76,1
DA:77,1
DA:78,1
DA:79,1
DA:90,1
DA:91,1
DA:94,1
DA:95,1
DA:96,1
DA:97,1
DA:99,1
DA:101,1
DA:102,1
DA:105,1
DA:108,0
DA:111,2
DA:112,2
DA:113,2
DA:114,2
DA:115,1
DA:118,1
DA:119,1
DA:121,0
DA:122,1
DA:123,1
DA:128,1
DA:130,0
DA:131,0
DA:136,0
DA:140,3
DA:141,3
DA:142,3
DA:144,3
DA:146,1
DA:148,2
DA:150,2
DA:152,4
DA:154,2
DA:155,2
DA:159,0
DA:163,1
DA:164,1
DA:165,1
DA:166,1
DA:167,1
DA:168,1
DA:169,1
DA:170,4
DA:173,1
DA:174,3
DA:176,1
DA:177,1
DA:182,1
DA:185,1
DA:186,1
DA:187,7
DA:188,6
DA:191,1
DA:195,1
DA:196,1
DA:197,1
DA:198,1
DA:200,1
DA:201,0
DA:203,1
DA:206,1
DA:207,1
DA:208,1
DA:209,1
DA:210,2
DA:211,2
DA:213,0
DA:214,0
DA:218,1
DA:219,2
DA:220,2
DA:222,1
DA:223,1
DA:224,1
DA:225,0
DA:226,0
DA:229,1
DA:230,0
DA:231,0
DA:234,1
DA:235,1
DA:238,1
DA:239,1
DA:240,1
DA:241,1
DA:242,1
DA:243,1
DA:244,1
DA:245,1
DA:246,1
DA:250,0
DA:254,1
DA:255,1
DA:256,1
DA:257,0
DA:259,0
DA:260,0
DA:261,0
DA:262,0
DA:266,0
DA:267,0
DA:268,0
DA:269,0
DA:272,0
DA:277,1
DA:278,1
DA:279,1
DA:280,1
DA:281,1
DA:282,1
DA:283,1
DA:284,0
DA:285,0
DA:286,0
DA:287,0
DA:288,0
DA:291,0
DA:293,1
DA:294,6
DA:295,6
DA:297,1
DA:298,2
DA:299,10
DA:300,2
DA:304,1
DA:309,1
DA:313,1
DA:314,1
DA:315,1
DA:316,1
DA:317,1
DA:318,1
DA:319,1
DA:320,0
DA:321,0
DA:322,0
DA:323,0
DA:324,0
DA:327,0
DA:329,1
DA:330,4
DA:332,1
DA:333,1
DA:334,1
DA:336,1
DA:337,1
DA:338,1
DA:339,1
DA:340,1
DA:341,2
DA:343,1
DA:344,1
DA:345,1
DA:346,1
DA:351,1
DA:356,1
LF:201
LH:162
BRDA:6,0,0,16
BRDA:6,0,1,14
BRDA:15,1,0,0
BRDA:15,1,1,1
BRDA:19,2,0,0
BRDA:19,2,1,3
BRDA:27,3,0,3
BRDA:27,3,1,0
BRDA:29,4,0,2
BRDA:29,4,1,1
BRDA:41,5,0,7
BRDA:41,5,1,0
BRDA:43,6,0,4
BRDA:43,6,1,10
BRDA:52,7,0,1
BRDA:52,7,1,1
BRDA:53,8,0,1
BRDA:53,8,1,0
BRDA:53,9,0,1
BRDA:53,9,1,0
BRDA:53,9,2,0
BRDA:59,10,0,0
BRDA:59,10,1,1
BRDA:64,11,0,1
BRDA:64,11,1,0
BRDA:65,12,0,1
BRDA:65,12,1,0
BRDA:76,13,0,0
BRDA:76,13,1,1
BRDA:95,14,0,1
BRDA:95,14,1,0
BRDA:97,15,0,1
BRDA:97,15,1,0
BRDA:101,16,0,1
BRDA:101,16,1,0
BRDA:112,17,0,0
BRDA:112,17,1,2
BRDA:114,18,0,1
BRDA:114,18,1,1
BRDA:118,19,0,1
BRDA:118,19,1,0
BRDA:118,20,0,1
BRDA:118,20,1,0
BRDA:122,21,0,1
BRDA:122,21,1,0
BRDA:141,22,0,0
BRDA:141,22,1,3
BRDA:144,23,0,1
BRDA:144,23,1,2
BRDA:148,24,0,2
BRDA:148,24,1,0
BRDA:152,25,0,2
BRDA:152,25,1,2
BRDA:163,26,0,0
BRDA:163,26,1,1
BRDA:163,27,0,1
BRDA:163,27,1,1
BRDA:165,28,0,0
BRDA:165,28,1,1
BRDA:168,29,0,1
BRDA:168,29,1,0
BRDA:187,30,0,6
BRDA:187,30,1,1
BRDA:196,31,0,0
BRDA:196,31,1,1
BRDA:197,32,0,1
BRDA:197,32,1,0
BRDA:200,33,0,0
BRDA:200,33,1,1
BRDA:206,34,0,0
BRDA:206,34,1,1
BRDA:210,35,0,2
BRDA:210,35,1,0
BRDA:213,36,0,0
BRDA:213,36,1,0
BRDA:224,37,0,0
BRDA:224,37,1,1
BRDA:225,38,0,0
BRDA:225,38,1,0
BRDA:225,39,0,0
BRDA:225,39,1,0
BRDA:229,40,0,0
BRDA:229,40,1,1
BRDA:230,41,0,0
BRDA:230,41,1,0
BRDA:230,42,0,0
BRDA:230,42,1,0
BRDA:239,43,0,0
BRDA:239,43,1,1
BRDA:241,44,0,1
BRDA:241,44,1,0
BRDA:244,45,0,1
BRDA:244,45,1,0
BRDA:255,46,0,0
BRDA:255,46,1,1
BRDA:256,47,0,1
BRDA:256,47,1,0
BRDA:260,48,0,0
BRDA:260,48,1,0
BRDA:267,49,0,0
BRDA:267,49,1,0
BRDA:278,50,0,0
BRDA:278,50,1,1
BRDA:281,51,0,0
BRDA:281,51,1,1
BRDA:283,52,0,0
BRDA:283,52,1,1
BRDA:285,53,0,0
BRDA:285,53,1,0
BRDA:291,54,0,0
BRDA:291,54,1,0
BRDA:299,55,0,2
BRDA:299,55,1,8
BRDA:314,56,0,0
BRDA:314,56,1,1
BRDA:317,57,0,0
BRDA:317,57,1,1
BRDA:319,58,0,0
BRDA:319,58,1,1
BRDA:321,59,0,0
BRDA:321,59,1,0
BRDA:327,60,0,0
BRDA:327,60,1,0
BRDA:334,61,0,0
BRDA:334,61,1,1
BRDA:334,62,0,0
BRDA:334,62,1,1
BRDA:336,63,0,0
BRDA:336,63,1,1
BRDA:337,64,0,0
BRDA:337,64,1,1
BRDA:339,65,0,0
BRDA:339,65,1,1
BRDA:339,66,0,0
BRDA:339,66,1,1
BRDA:344,67,0,0
BRDA:344,67,1,1
BRF:137
BRH:67
end_of_record
